host: DerLaptop
Building DAG of jobs...
Using shell: /usr/bin/bash
Provided cores: 1 (use --cores to define parallelism)
Rules claiming more threads will be scaled down.
Job stats:
job            count
-----------  -------
all                1
vcf_to_zarr        4
total              5

Select jobs to execute...
Execute 1 jobs...

[Tue Feb 18 11:36:33 2025]
localrule vcf_to_zarr:
    input: data/3/simulated.vcf.gz, data/3/simulated.vcf.gz.tbi
    output: data/3/simulated.vcz
    jobid: 16
    reason: Missing output files: data/3/simulated.vcz
    wildcards: folder=data, sim_id=3
    resources: tmpdir=/tmp

ImproperOutputException in rule vcf_to_zarr in file /mnt/c/Users/sethd/Work/umich/lots-of-trees/rules/vcf.smk, line 44:
Outputs of incorrect type (directories when expecting files or vice versa). Output directories must be flagged with directory(). for rule vcf_to_zarr:
    output: data/3/simulated.vcz
    wildcards: folder=data, sim_id=3
    affected files:
        data/3/simulated.vcz
Removing output files of failed job vcf_to_zarr since they might be corrupted:
data/3/simulated.vcz
Skipped removing non-empty directory data/3/simulated.vcz
Shutting down, this might take some time.
Exiting because a job execution failed. Look above for error message
Complete log: .snakemake/log/2025-02-18T113633.407276.snakemake.log
WorkflowError:
At least one job did not complete successfully.
