host: DerLaptop
Building DAG of jobs...
Using shell: /usr/bin/bash
Provided cores: 1 (use --cores to define parallelism)
Rules claiming more threads will be scaled down.
Job stats:
job            count
-----------  -------
access_tree       50
all                1
total             51

Select jobs to execute...
Execute 1 jobs...

[Tue Feb 18 07:57:24 2025]
localrule access_tree:
    input: data/8/simulated.trees, data/8/1/init.txt
    output: data/8/1/center.tree, data/8/1/left.tree, data/8/1/right.tree
    jobid: 51
    reason: Missing output files: data/8/1/center.tree
    wildcards: folder=data, sim_id=8, tree_id=1
    resources: tmpdir=/tmp

[Tue Feb 18 07:57:25 2025]
Error in rule access_tree:
    jobid: 51
    input: data/8/simulated.trees, data/8/1/init.txt
    output: data/8/1/center.tree, data/8/1/left.tree, data/8/1/right.tree
    shell:
        
        python scripts/access-tree.py             --input_file data/8/simulated.trees             --output_folder data/8/1             --index_tree 1             --trim_trees 2
        
        (one of the commands exited with non-zero exit code; note that snakemake uses bash strict mode!)

Shutting down, this might take some time.
Exiting because a job execution failed. Look above for error message
Complete log: .snakemake/log/2025-02-18T075723.870895.snakemake.log
WorkflowError:
At least one job did not complete successfully.
