host: DerLaptop
Building DAG of jobs...
Using shell: /usr/bin/bash
Provided cores: 1 (use --cores to define parallelism)
Rules claiming more threads will be scaled down.
Job stats:
job               count
--------------  -------
all                   1
gzip_tree_vcf        46
subset_lcr_vcf       50
tabix_tree_vcf       50
tree_to_vcf          24
total               171

Select jobs to execute...
Execute 1 jobs...

[Tue Feb 18 08:43:43 2025]
localrule tabix_tree_vcf:
    input: data/3/2/lcr.vcf.gz
    output: data/3/2/lcr.vcf.gz.tbi
    jobid: 94
    reason: Missing output files: data/3/2/lcr.vcf.gz.tbi
    wildcards: folder=data, sim_id=3, tree_id=2
    resources: tmpdir=/tmp

[Tue Feb 18 08:43:43 2025]
Error in rule tabix_tree_vcf:
    jobid: 94
    input: data/3/2/lcr.vcf.gz
    output: data/3/2/lcr.vcf.gz.tbi
    shell:
        
        tabix vcf -fp data/3/2/lcr.vcf.gz
        
        (one of the commands exited with non-zero exit code; note that snakemake uses bash strict mode!)

Shutting down, this might take some time.
Exiting because a job execution failed. Look above for error message
Complete log: .snakemake/log/2025-02-18T084339.551888.snakemake.log
WorkflowError:
At least one job did not complete successfully.
