host: DerLaptop
Building DAG of jobs...
Using shell: /usr/bin/bash
Provided cores: 1 (use --cores to define parallelism)
Rules claiming more threads will be scaled down.
Job stats:
job               count
--------------  -------
access_tree          16
all                   1
gzip_tree_vcf        46
subset_lcr_vcf       50
tabix_tree_vcf       49
tree_to_vcf          37
total               199

Select jobs to execute...
Execute 1 jobs...

[Tue Feb 18 09:24:05 2025]
localrule subset_lcr_vcf:
    input: data/2/4/lcr.vcf.gz, data/2/4/intervals.tsv, data/2/4/lcr.vcf.gz.tbi
    output: data/2/4/left.vcf.gz, data/2/4/center.vcf.gz, data/2/4/right.vcf.gz
    jobid: 74
    reason: Missing output files: data/2/4/left.vcf.gz
    wildcards: folder=data, sim_id=2, tree_id=4
    resources: tmpdir=/tmp

[Tue Feb 18 09:24:05 2025]
Error in rule subset_lcr_vcf:
    jobid: 74
    input: data/2/4/lcr.vcf.gz, data/2/4/intervals.tsv, data/2/4/lcr.vcf.gz.tbi
    output: data/2/4/left.vcf.gz, data/2/4/center.vcf.gz, data/2/4/right.vcf.gz
    shell:
        
        left_start=$(cut -f 2 data/2/4/intervals.tsv | head -n 2 | tail -n 1)
        center_start=$(cut -f 3 data/2/4/intervals.tsv | head -n 2 | tail -n 1)
        right_start=$(cut -f 4 data/2/4/intervals.tsv | head -n 2 | tail -n 1)
        left_end=$(cut -f 2 data/2/4/intervals.tsv | tail -n 1)
        center_end=$(cut -f 3 data/2/4/intervals.tsv | tail -n 1)
        right_end=$(cut -f 4 data/2/4/intervals.tsv | tail -n 1)
        echo $right_end
        bcftools view -Oz -o data/2/4/left.vcf.gz             -r 1:$left_start-$left_end
        bcftools view -Oz -o data/2/4/center.vcf.gz             -r 1:$center_start-$center_end
        bcftools view -Oz -o data/2/4/right.vcf.gz             -r 1:$right_start-$right_end
        
        (one of the commands exited with non-zero exit code; note that snakemake uses bash strict mode!)

Shutting down, this might take some time.
Exiting because a job execution failed. Look above for error message
Complete log: .snakemake/log/2025-02-18T092401.414675.snakemake.log
WorkflowError:
At least one job did not complete successfully.
