host: DerLaptop
Building DAG of jobs...
Using shell: /usr/bin/bash
Provided cores: 1 (use --cores to define parallelism)
Rules claiming more threads will be scaled down.
Job stats:
job               count
--------------  -------
all                   1
gzip_tree_vcf        44
subset_lcr_vcf       50
tabix_tree_vcf       50
tree_to_vcf          23
total               168

Select jobs to execute...
Execute 1 jobs...

[Tue Feb 18 08:45:51 2025]
localrule tabix_tree_vcf:
    input: data/2/4/lcr.vcf.gz
    output: data/2/4/lcr.vcf.gz.tbi
    jobid: 78
    reason: Missing output files: data/2/4/lcr.vcf.gz.tbi
    wildcards: folder=data, sim_id=2, tree_id=4
    resources: tmpdir=/tmp

[Tue Feb 18 08:45:51 2025]
Error in rule tabix_tree_vcf:
    jobid: 78
    input: data/2/4/lcr.vcf.gz
    output: data/2/4/lcr.vcf.gz.tbi
    shell:
        
        tabix -fp vcf data/2/4/lcr.vcf.gz
        
        (one of the commands exited with non-zero exit code; note that snakemake uses bash strict mode!)

Shutting down, this might take some time.
Exiting because a job execution failed. Look above for error message
Complete log: .snakemake/log/2025-02-18T084547.535711.snakemake.log
WorkflowError:
At least one job did not complete successfully.
