host: DerLaptop
Building DAG of jobs...
Using shell: /usr/bin/bash
Provided cores: 1 (use --cores to define parallelism)
Rules claiming more threads will be scaled down.
Job stats:
job      count
-----  -------
all          1
total        1

Select jobs to execute...
Execute 1 jobs...

[Mon Feb 17 15:19:07 2025]
localrule all:
    input: data/0/parameters.tsv, data/1/parameters.tsv, data/2/parameters.tsv, data/3/parameters.tsv, data/4/parameters.tsv, data/5/parameters.tsv, data/6/parameters.tsv, data/7/parameters.tsv, data/8/parameters.tsv, data/9/parameters.tsv
    output: data/reproduce.yaml
    jobid: 0
    reason: Missing output files: data/reproduce.yaml
    resources: tmpdir=/tmp

[Mon Feb 17 15:19:07 2025]
Finished job 0.
1 of 1 steps (100%) done
Complete log: .snakemake/log/2025-02-17T151907.484673.snakemake.log
