host: DerLaptop
Building DAG of jobs...
Using shell: /usr/bin/bash
Provided cores: 1 (use --cores to define parallelism)
Rules claiming more threads will be scaled down.
Job stats:
job        count
-------  -------
all            1
tsinfer        4
total          5

Select jobs to execute...
Execute 1 jobs...

[Tue Feb 18 13:50:48 2025]
localrule tsinfer:
    input: data/3/simulated.trees
    output: data/3/inferred.trees
    jobid: 7
    reason: Missing output files: data/3/inferred.trees
    wildcards: folder=data, sim_id=3
    resources: tmpdir=/tmp

[Tue Feb 18 13:50:48 2025]
Error in rule tsinfer:
    jobid: 7
    input: data/3/simulated.trees
    output: data/3/inferred.trees
    shell:
        
        python scripts/infer-trees.py             --input_file data/3/simulated.trees             --output_file data/3/inferred.trees
        
        (one of the commands exited with non-zero exit code; note that snakemake uses bash strict mode!)

Shutting down, this might take some time.
Exiting because a job execution failed. Look above for error message
Complete log: .snakemake/log/2025-02-18T135048.666415.snakemake.log
WorkflowError:
At least one job did not complete successfully.
