host: DerLaptop
Building DAG of jobs...
Using shell: /usr/bin/bash
Provided cores: 1 (use --cores to define parallelism)
Rules claiming more threads will be scaled down.
Job stats:
job               count
--------------  -------
access_tree          16
all                   1
gzip_tree_vcf        46
subset_lcr_vcf       50
tabix_tree_vcf       49
tree_to_vcf          37
total               199

Select jobs to execute...
Execute 1 jobs...

[Tue Feb 18 09:26:37 2025]
localrule access_tree:
    input: data/4/simulated.trees, data/4/0/init.txt
    output: data/4/0/center.tree.pkl, data/4/0/left.tree.pkl, data/4/0/right.tree.pkl, data/4/0/lcr.trees, data/4/0/intervals.tsv
    jobid: 108
    reason: Missing output files: data/4/0/intervals.tsv, data/4/0/lcr.trees
    wildcards: folder=data, sim_id=4, tree_id=0
    resources: tmpdir=/tmp

[Tue Feb 18 09:26:38 2025]
Finished job 108.
1 of 199 steps (1%) done
Select jobs to execute...
Execute 1 jobs...

[Tue Feb 18 09:26:38 2025]
localrule tree_to_vcf:
    input: data/2/1/lcr.trees
    output: data/2/1/lcr.vcf
    jobid: 61
    reason: Missing output files: data/2/1/lcr.vcf
    wildcards: folder=data, sim_id=2, tree_id=1
    resources: tmpdir=/tmp

[Tue Feb 18 09:26:38 2025]
Finished job 61.
2 of 199 steps (1%) done
Select jobs to execute...
Execute 1 jobs...

[Tue Feb 18 09:26:38 2025]
localrule tree_to_vcf:
    input: data/0/3/lcr.trees
    output: data/0/3/lcr.vcf
    jobid: 19
    reason: Missing output files: data/0/3/lcr.vcf
    wildcards: folder=data, sim_id=0, tree_id=3
    resources: tmpdir=/tmp

[Tue Feb 18 09:26:38 2025]
Finished job 19.
3 of 199 steps (2%) done
Select jobs to execute...
Execute 1 jobs...

[Tue Feb 18 09:26:38 2025]
localrule tabix_tree_vcf:
    input: data/1/3/lcr.vcf.gz
    output: data/1/3/lcr.vcf.gz.tbi
    jobid: 47
    reason: Missing output files: data/1/3/lcr.vcf.gz.tbi
    wildcards: folder=data, sim_id=1, tree_id=3
    resources: tmpdir=/tmp

[Tue Feb 18 09:26:38 2025]
Finished job 47.
4 of 199 steps (2%) done
Select jobs to execute...
Execute 1 jobs...

[Tue Feb 18 09:26:38 2025]
localrule subset_lcr_vcf:
    input: data/1/3/lcr.vcf.gz, data/1/3/intervals.tsv, data/1/3/lcr.vcf.gz.tbi
    output: data/1/3/center.vcf.gz
    jobid: 43
    reason: Missing output files: data/1/3/center.vcf.gz; Input files updated by another job: data/1/3/lcr.vcf.gz.tbi
    wildcards: folder=data, sim_id=1, tree_id=3
    resources: tmpdir=/tmp

[Tue Feb 18 09:26:38 2025]
Error in rule subset_lcr_vcf:
    jobid: 43
    input: data/1/3/lcr.vcf.gz, data/1/3/intervals.tsv, data/1/3/lcr.vcf.gz.tbi
    output: data/1/3/center.vcf.gz
    shell:
        
        left_start=$(cut -f 2 data/1/3/intervals.tsv | head -n 2 | tail -n 1)
        center_start=$(cut -f 3 data/1/3/intervals.tsv | head -n 2 | tail -n 1)
        right_start=$(cut -f 4 data/1/3/intervals.tsv | head -n 2 | tail -n 1)
        left_end=$(cut -f 2 data/1/3/intervals.tsv | tail -n 1)
        center_end=$(cut -f 3 data/1/3/intervals.tsv | tail -n 1)
        right_end=$(cut -f 4 data/1/3/intervals.tsv | tail -n 1)
        bcftools view -Oz -o data/1/3/center.vcf.gz             -r 1:$center_start-$center_end

        
        (one of the commands exited with non-zero exit code; note that snakemake uses bash strict mode!)

Shutting down, this might take some time.
Exiting because a job execution failed. Look above for error message
Complete log: .snakemake/log/2025-02-18T092634.626690.snakemake.log
WorkflowError:
At least one job did not complete successfully.
