host: DerLaptop
Building DAG of jobs...
Using shell: /usr/bin/bash
Provided cores: 1 (use --cores to define parallelism)
Rules claiming more threads will be scaled down.
Job stats:
job                       count
----------------------  -------
access_tree                  50
all                           1
gzip_tree_vcf                50
simulate_tree_sequence       10
subset_lcr_vcf               50
tabix_tree_vcf               50
tree_to_vcf                  50
total                       261

Select jobs to execute...
Execute 1 jobs...

[Tue Feb 18 08:46:44 2025]
localrule simulate_tree_sequence:
    input: data/5/parameters.tsv
    output: data/5/simulated.trees
    jobid: 135
    reason: Missing output files: data/5/simulated.trees
    wildcards: folder=data, sim_id=5
    resources: tmpdir=/tmp

[Tue Feb 18 08:46:45 2025]
Finished job 135.
1 of 261 steps (0.4%) done
Select jobs to execute...
Execute 1 jobs...

[Tue Feb 18 08:46:45 2025]
localrule simulate_tree_sequence:
    input: data/3/parameters.tsv
    output: data/3/simulated.trees
    jobid: 83
    reason: Missing output files: data/3/simulated.trees
    wildcards: folder=data, sim_id=3
    resources: tmpdir=/tmp

[Tue Feb 18 08:46:45 2025]
Finished job 83.
2 of 261 steps (1%) done
Select jobs to execute...
Execute 1 jobs...

[Tue Feb 18 08:46:45 2025]
localrule access_tree:
    input: data/5/simulated.trees, data/5/2/init.txt
    output: data/5/2/center.tree.pkl, data/5/2/left.tree.pkl, data/5/2/right.tree.pkl, data/5/2/lcr.trees, data/5/2/intervals.tsv
    jobid: 145
    reason: Missing output files: data/5/2/intervals.tsv, data/5/2/lcr.trees; Input files updated by another job: data/5/simulated.trees
    wildcards: folder=data, sim_id=5, tree_id=2
    resources: tmpdir=/tmp

[Tue Feb 18 08:46:46 2025]
Finished job 145.
3 of 261 steps (1%) done
Select jobs to execute...
Execute 1 jobs...

[Tue Feb 18 08:46:46 2025]
localrule simulate_tree_sequence:
    input: data/1/parameters.tsv
    output: data/1/simulated.trees
    jobid: 31
    reason: Missing output files: data/1/simulated.trees
    wildcards: folder=data, sim_id=1
    resources: tmpdir=/tmp

[Tue Feb 18 08:46:47 2025]
Finished job 31.
4 of 261 steps (2%) done
Select jobs to execute...
Execute 1 jobs...

[Tue Feb 18 08:46:47 2025]
localrule access_tree:
    input: data/1/simulated.trees, data/1/2/init.txt
    output: data/1/2/center.tree.pkl, data/1/2/left.tree.pkl, data/1/2/right.tree.pkl, data/1/2/lcr.trees, data/1/2/intervals.tsv
    jobid: 41
    reason: Missing output files: data/1/2/lcr.trees, data/1/2/intervals.tsv; Input files updated by another job: data/1/simulated.trees
    wildcards: folder=data, sim_id=1, tree_id=2
    resources: tmpdir=/tmp

[Tue Feb 18 08:46:48 2025]
Finished job 41.
5 of 261 steps (2%) done
Select jobs to execute...
Execute 1 jobs...

[Tue Feb 18 08:46:48 2025]
localrule access_tree:
    input: data/3/simulated.trees, data/3/0/init.txt
    output: data/3/0/center.tree.pkl, data/3/0/left.tree.pkl, data/3/0/right.tree.pkl, data/3/0/lcr.trees, data/3/0/intervals.tsv
    jobid: 82
    reason: Missing output files: data/3/0/intervals.tsv, data/3/0/lcr.trees; Input files updated by another job: data/3/simulated.trees
    wildcards: folder=data, sim_id=3, tree_id=0
    resources: tmpdir=/tmp

[Tue Feb 18 08:46:49 2025]
Finished job 82.
6 of 261 steps (2%) done
Select jobs to execute...
Execute 1 jobs...

[Tue Feb 18 08:46:49 2025]
localrule access_tree:
    input: data/5/simulated.trees, data/5/3/init.txt
    output: data/5/3/center.tree.pkl, data/5/3/left.tree.pkl, data/5/3/right.tree.pkl, data/5/3/lcr.trees, data/5/3/intervals.tsv
    jobid: 150
    reason: Missing output files: data/5/3/intervals.tsv, data/5/3/lcr.trees; Input files updated by another job: data/5/simulated.trees
    wildcards: folder=data, sim_id=5, tree_id=3
    resources: tmpdir=/tmp

[Tue Feb 18 08:46:50 2025]
Finished job 150.
7 of 261 steps (3%) done
Select jobs to execute...
Execute 1 jobs...

[Tue Feb 18 08:46:50 2025]
localrule simulate_tree_sequence:
    input: data/9/parameters.tsv
    output: data/9/simulated.trees
    jobid: 239
    reason: Missing output files: data/9/simulated.trees
    wildcards: folder=data, sim_id=9
    resources: tmpdir=/tmp

[Tue Feb 18 08:46:50 2025]
Finished job 239.
8 of 261 steps (3%) done
Select jobs to execute...
Execute 1 jobs...

[Tue Feb 18 08:46:50 2025]
localrule access_tree:
    input: data/9/simulated.trees, data/9/1/init.txt
    output: data/9/1/center.tree.pkl, data/9/1/left.tree.pkl, data/9/1/right.tree.pkl, data/9/1/lcr.trees, data/9/1/intervals.tsv
    jobid: 244
    reason: Missing output files: data/9/1/intervals.tsv, data/9/1/lcr.trees; Input files updated by another job: data/9/simulated.trees
    wildcards: folder=data, sim_id=9, tree_id=1
    resources: tmpdir=/tmp

[Tue Feb 18 08:46:51 2025]
Finished job 244.
9 of 261 steps (3%) done
Select jobs to execute...
Execute 1 jobs...

[Tue Feb 18 08:46:51 2025]
localrule access_tree:
    input: data/1/simulated.trees, data/1/0/init.txt
    output: data/1/0/center.tree.pkl, data/1/0/left.tree.pkl, data/1/0/right.tree.pkl, data/1/0/lcr.trees, data/1/0/intervals.tsv
    jobid: 30
    reason: Missing output files: data/1/0/lcr.trees, data/1/0/intervals.tsv; Input files updated by another job: data/1/simulated.trees
    wildcards: folder=data, sim_id=1, tree_id=0
    resources: tmpdir=/tmp

[Tue Feb 18 08:46:52 2025]
Finished job 30.
10 of 261 steps (4%) done
Select jobs to execute...
Execute 1 jobs...

[Tue Feb 18 08:46:52 2025]
localrule tree_to_vcf:
    input: data/5/2/lcr.trees
    output: data/5/2/lcr.vcf
    jobid: 144
    reason: Missing output files: data/5/2/lcr.vcf; Input files updated by another job: data/5/2/lcr.trees
    wildcards: folder=data, sim_id=5, tree_id=2
    resources: tmpdir=/tmp

[Tue Feb 18 08:46:52 2025]
Finished job 144.
11 of 261 steps (4%) done
Select jobs to execute...
Execute 1 jobs...

[Tue Feb 18 08:46:52 2025]
localrule access_tree:
    input: data/3/simulated.trees, data/3/3/init.txt
    output: data/3/3/center.tree.pkl, data/3/3/left.tree.pkl, data/3/3/right.tree.pkl, data/3/3/lcr.trees, data/3/3/intervals.tsv
    jobid: 98
    reason: Missing output files: data/3/3/intervals.tsv, data/3/3/lcr.trees; Input files updated by another job: data/3/simulated.trees
    wildcards: folder=data, sim_id=3, tree_id=3
    resources: tmpdir=/tmp

[Tue Feb 18 08:46:53 2025]
Finished job 98.
12 of 261 steps (5%) done
Select jobs to execute...
Execute 1 jobs...

[Tue Feb 18 08:46:53 2025]
localrule simulate_tree_sequence:
    input: data/8/parameters.tsv
    output: data/8/simulated.trees
    jobid: 213
    reason: Missing output files: data/8/simulated.trees
    wildcards: folder=data, sim_id=8
    resources: tmpdir=/tmp

[Tue Feb 18 08:46:54 2025]
Finished job 213.
13 of 261 steps (5%) done
Select jobs to execute...
Execute 1 jobs...

[Tue Feb 18 08:46:54 2025]
localrule access_tree:
    input: data/8/simulated.trees, data/8/1/init.txt
    output: data/8/1/center.tree.pkl, data/8/1/left.tree.pkl, data/8/1/right.tree.pkl, data/8/1/lcr.trees, data/8/1/intervals.tsv
    jobid: 218
    reason: Missing output files: data/8/1/intervals.tsv, data/8/1/lcr.trees; Input files updated by another job: data/8/simulated.trees
    wildcards: folder=data, sim_id=8, tree_id=1
    resources: tmpdir=/tmp

[Tue Feb 18 08:46:55 2025]
Finished job 218.
14 of 261 steps (5%) done
Select jobs to execute...
Execute 1 jobs...

[Tue Feb 18 08:46:55 2025]
localrule access_tree:
    input: data/9/simulated.trees, data/9/4/init.txt
    output: data/9/4/center.tree.pkl, data/9/4/left.tree.pkl, data/9/4/right.tree.pkl, data/9/4/lcr.trees, data/9/4/intervals.tsv
    jobid: 259
    reason: Missing output files: data/9/4/lcr.trees, data/9/4/intervals.tsv; Input files updated by another job: data/9/simulated.trees
    wildcards: folder=data, sim_id=9, tree_id=4
    resources: tmpdir=/tmp

[Tue Feb 18 08:46:56 2025]
Finished job 259.
15 of 261 steps (6%) done
Select jobs to execute...
Execute 1 jobs...

[Tue Feb 18 08:46:56 2025]
localrule access_tree:
    input: data/5/simulated.trees, data/5/1/init.txt
    output: data/5/1/center.tree.pkl, data/5/1/left.tree.pkl, data/5/1/right.tree.pkl, data/5/1/lcr.trees, data/5/1/intervals.tsv
    jobid: 140
    reason: Missing output files: data/5/1/lcr.trees, data/5/1/intervals.tsv; Input files updated by another job: data/5/simulated.trees
    wildcards: folder=data, sim_id=5, tree_id=1
    resources: tmpdir=/tmp

[Tue Feb 18 08:46:57 2025]
Finished job 140.
16 of 261 steps (6%) done
Select jobs to execute...
Execute 1 jobs...

[Tue Feb 18 08:46:57 2025]
localrule simulate_tree_sequence:
    input: data/7/parameters.tsv
    output: data/7/simulated.trees
    jobid: 187
    reason: Missing output files: data/7/simulated.trees
    wildcards: folder=data, sim_id=7
    resources: tmpdir=/tmp

[Tue Feb 18 08:46:57 2025]
Finished job 187.
17 of 261 steps (7%) done
Select jobs to execute...
Execute 1 jobs...

[Tue Feb 18 08:46:57 2025]
localrule tree_to_vcf:
    input: data/3/3/lcr.trees
    output: data/3/3/lcr.vcf
    jobid: 97
    reason: Missing output files: data/3/3/lcr.vcf; Input files updated by another job: data/3/3/lcr.trees
    wildcards: folder=data, sim_id=3, tree_id=3
    resources: tmpdir=/tmp

[Tue Feb 18 08:46:57 2025]
Finished job 97.
18 of 261 steps (7%) done
Select jobs to execute...
Execute 1 jobs...

[Tue Feb 18 08:46:57 2025]
localrule access_tree:
    input: data/8/simulated.trees, data/8/0/init.txt
    output: data/8/0/center.tree.pkl, data/8/0/left.tree.pkl, data/8/0/right.tree.pkl, data/8/0/lcr.trees, data/8/0/intervals.tsv
    jobid: 212
    reason: Missing output files: data/8/0/intervals.tsv, data/8/0/lcr.trees; Input files updated by another job: data/8/simulated.trees
    wildcards: folder=data, sim_id=8, tree_id=0
    resources: tmpdir=/tmp

[Tue Feb 18 08:46:58 2025]
Finished job 212.
19 of 261 steps (7%) done
Select jobs to execute...
Execute 1 jobs...

[Tue Feb 18 08:46:58 2025]
localrule access_tree:
    input: data/9/simulated.trees, data/9/0/init.txt
    output: data/9/0/center.tree.pkl, data/9/0/left.tree.pkl, data/9/0/right.tree.pkl, data/9/0/lcr.trees, data/9/0/intervals.tsv
    jobid: 238
    reason: Missing output files: data/9/0/lcr.trees, data/9/0/intervals.tsv; Input files updated by another job: data/9/simulated.trees
    wildcards: folder=data, sim_id=9, tree_id=0
    resources: tmpdir=/tmp

[Tue Feb 18 08:46:59 2025]
Finished job 238.
20 of 261 steps (8%) done
Select jobs to execute...
Execute 1 jobs...

[Tue Feb 18 08:46:59 2025]
localrule tree_to_vcf:
    input: data/8/1/lcr.trees
    output: data/8/1/lcr.vcf
    jobid: 217
    reason: Missing output files: data/8/1/lcr.vcf; Input files updated by another job: data/8/1/lcr.trees
    wildcards: folder=data, sim_id=8, tree_id=1
    resources: tmpdir=/tmp

[Tue Feb 18 08:47:00 2025]
Finished job 217.
21 of 261 steps (8%) done
Select jobs to execute...
Execute 1 jobs...

[Tue Feb 18 08:47:00 2025]
localrule simulate_tree_sequence:
    input: data/2/parameters.tsv
    output: data/2/simulated.trees
    jobid: 57
    reason: Missing output files: data/2/simulated.trees
    wildcards: folder=data, sim_id=2
    resources: tmpdir=/tmp

[Tue Feb 18 08:47:00 2025]
Finished job 57.
22 of 261 steps (8%) done
Select jobs to execute...
Execute 1 jobs...

[Tue Feb 18 08:47:00 2025]
localrule tree_to_vcf:
    input: data/5/3/lcr.trees
    output: data/5/3/lcr.vcf
    jobid: 149
    reason: Missing output files: data/5/3/lcr.vcf; Input files updated by another job: data/5/3/lcr.trees
    wildcards: folder=data, sim_id=5, tree_id=3
    resources: tmpdir=/tmp

[Tue Feb 18 08:47:01 2025]
Finished job 149.
23 of 261 steps (9%) done
Select jobs to execute...
Execute 1 jobs...

[Tue Feb 18 08:47:01 2025]
localrule tree_to_vcf:
    input: data/3/0/lcr.trees
    output: data/3/0/lcr.vcf
    jobid: 81
    reason: Missing output files: data/3/0/lcr.vcf; Input files updated by another job: data/3/0/lcr.trees
    wildcards: folder=data, sim_id=3, tree_id=0
    resources: tmpdir=/tmp

[Tue Feb 18 08:47:01 2025]
Finished job 81.
24 of 261 steps (9%) done
Select jobs to execute...
Execute 1 jobs...

[Tue Feb 18 08:47:01 2025]
localrule access_tree:
    input: data/3/simulated.trees, data/3/4/init.txt
    output: data/3/4/center.tree.pkl, data/3/4/left.tree.pkl, data/3/4/right.tree.pkl, data/3/4/lcr.trees, data/3/4/intervals.tsv
    jobid: 103
    reason: Missing output files: data/3/4/intervals.tsv, data/3/4/lcr.trees; Input files updated by another job: data/3/simulated.trees
    wildcards: folder=data, sim_id=3, tree_id=4
    resources: tmpdir=/tmp

[Tue Feb 18 08:47:02 2025]
Finished job 103.
25 of 261 steps (10%) done
Select jobs to execute...
Execute 1 jobs...

[Tue Feb 18 08:47:02 2025]
localrule access_tree:
    input: data/7/simulated.trees, data/7/2/init.txt
    output: data/7/2/center.tree.pkl, data/7/2/left.tree.pkl, data/7/2/right.tree.pkl, data/7/2/lcr.trees, data/7/2/intervals.tsv
    jobid: 197
    reason: Missing output files: data/7/2/intervals.tsv, data/7/2/lcr.trees; Input files updated by another job: data/7/simulated.trees
    wildcards: folder=data, sim_id=7, tree_id=2
    resources: tmpdir=/tmp

[Tue Feb 18 08:47:03 2025]
Finished job 197.
26 of 261 steps (10%) done
Select jobs to execute...
Execute 1 jobs...

[Tue Feb 18 08:47:03 2025]
localrule access_tree:
    input: data/1/simulated.trees, data/1/1/init.txt
    output: data/1/1/center.tree.pkl, data/1/1/left.tree.pkl, data/1/1/right.tree.pkl, data/1/1/lcr.trees, data/1/1/intervals.tsv
    jobid: 36
    reason: Missing output files: data/1/1/intervals.tsv, data/1/1/lcr.trees; Input files updated by another job: data/1/simulated.trees
    wildcards: folder=data, sim_id=1, tree_id=1
    resources: tmpdir=/tmp

[Tue Feb 18 08:47:04 2025]
Finished job 36.
27 of 261 steps (10%) done
Select jobs to execute...
Execute 1 jobs...

[Tue Feb 18 08:47:04 2025]
localrule tree_to_vcf:
    input: data/9/1/lcr.trees
    output: data/9/1/lcr.vcf
    jobid: 243
    reason: Missing output files: data/9/1/lcr.vcf; Input files updated by another job: data/9/1/lcr.trees
    wildcards: folder=data, sim_id=9, tree_id=1
    resources: tmpdir=/tmp

[Tue Feb 18 08:47:04 2025]
Finished job 243.
28 of 261 steps (11%) done
Select jobs to execute...
Execute 1 jobs...

[Tue Feb 18 08:47:04 2025]
localrule access_tree:
    input: data/2/simulated.trees, data/2/1/init.txt
    output: data/2/1/center.tree.pkl, data/2/1/left.tree.pkl, data/2/1/right.tree.pkl, data/2/1/lcr.trees, data/2/1/intervals.tsv
    jobid: 62
    reason: Missing output files: data/2/1/lcr.trees, data/2/1/intervals.tsv; Input files updated by another job: data/2/simulated.trees
    wildcards: folder=data, sim_id=2, tree_id=1
    resources: tmpdir=/tmp

[Tue Feb 18 08:47:05 2025]
Finished job 62.
29 of 261 steps (11%) done
Select jobs to execute...
Execute 1 jobs...

[Tue Feb 18 08:47:05 2025]
localrule access_tree:
    input: data/8/simulated.trees, data/8/2/init.txt
    output: data/8/2/center.tree.pkl, data/8/2/left.tree.pkl, data/8/2/right.tree.pkl, data/8/2/lcr.trees, data/8/2/intervals.tsv
    jobid: 223
    reason: Missing output files: data/8/2/intervals.tsv, data/8/2/lcr.trees; Input files updated by another job: data/8/simulated.trees
    wildcards: folder=data, sim_id=8, tree_id=2
    resources: tmpdir=/tmp

[Tue Feb 18 08:47:06 2025]
Finished job 223.
30 of 261 steps (11%) done
Select jobs to execute...
Execute 1 jobs...

[Tue Feb 18 08:47:06 2025]
localrule tree_to_vcf:
    input: data/1/2/lcr.trees
    output: data/1/2/lcr.vcf
    jobid: 40
    reason: Missing output files: data/1/2/lcr.vcf; Input files updated by another job: data/1/2/lcr.trees
    wildcards: folder=data, sim_id=1, tree_id=2
    resources: tmpdir=/tmp

[Tue Feb 18 08:47:06 2025]
Finished job 40.
31 of 261 steps (12%) done
Select jobs to execute...
Execute 1 jobs...

[Tue Feb 18 08:47:06 2025]
localrule access_tree:
    input: data/5/simulated.trees, data/5/4/init.txt
    output: data/5/4/center.tree.pkl, data/5/4/left.tree.pkl, data/5/4/right.tree.pkl, data/5/4/lcr.trees, data/5/4/intervals.tsv
    jobid: 155
    reason: Missing output files: data/5/4/intervals.tsv, data/5/4/lcr.trees; Input files updated by another job: data/5/simulated.trees
    wildcards: folder=data, sim_id=5, tree_id=4
    resources: tmpdir=/tmp

[Tue Feb 18 08:47:07 2025]
Finished job 155.
32 of 261 steps (12%) done
Select jobs to execute...
Execute 1 jobs...

[Tue Feb 18 08:47:07 2025]
localrule simulate_tree_sequence:
    input: data/4/parameters.tsv
    output: data/4/simulated.trees
    jobid: 109
    reason: Missing output files: data/4/simulated.trees
    wildcards: folder=data, sim_id=4
    resources: tmpdir=/tmp

[Tue Feb 18 08:47:08 2025]
Finished job 109.
33 of 261 steps (13%) done
Select jobs to execute...
Execute 1 jobs...

[Tue Feb 18 08:47:08 2025]
localrule access_tree:
    input: data/3/simulated.trees, data/3/1/init.txt
    output: data/3/1/center.tree.pkl, data/3/1/left.tree.pkl, data/3/1/right.tree.pkl, data/3/1/lcr.trees, data/3/1/intervals.tsv
    jobid: 88
    reason: Missing output files: data/3/1/intervals.tsv, data/3/1/lcr.trees; Input files updated by another job: data/3/simulated.trees
    wildcards: folder=data, sim_id=3, tree_id=1
    resources: tmpdir=/tmp

[Tue Feb 18 08:47:08 2025]
Finished job 88.
34 of 261 steps (13%) done
Select jobs to execute...
Execute 1 jobs...

[Tue Feb 18 08:47:09 2025]
localrule access_tree:
    input: data/9/simulated.trees, data/9/2/init.txt
    output: data/9/2/center.tree.pkl, data/9/2/left.tree.pkl, data/9/2/right.tree.pkl, data/9/2/lcr.trees, data/9/2/intervals.tsv
    jobid: 249
    reason: Missing output files: data/9/2/intervals.tsv, data/9/2/lcr.trees; Input files updated by another job: data/9/simulated.trees
    wildcards: folder=data, sim_id=9, tree_id=2
    resources: tmpdir=/tmp

[Tue Feb 18 08:47:09 2025]
Finished job 249.
35 of 261 steps (13%) done
Select jobs to execute...
Execute 1 jobs...

[Tue Feb 18 08:47:09 2025]
localrule access_tree:
    input: data/4/simulated.trees, data/4/1/init.txt
    output: data/4/1/center.tree.pkl, data/4/1/left.tree.pkl, data/4/1/right.tree.pkl, data/4/1/lcr.trees, data/4/1/intervals.tsv
    jobid: 114
    reason: Missing output files: data/4/1/intervals.tsv, data/4/1/lcr.trees; Input files updated by another job: data/4/simulated.trees
    wildcards: folder=data, sim_id=4, tree_id=1
    resources: tmpdir=/tmp

[Tue Feb 18 08:47:10 2025]
Finished job 114.
36 of 261 steps (14%) done
Select jobs to execute...
Execute 1 jobs...

[Tue Feb 18 08:47:10 2025]
localrule access_tree:
    input: data/4/simulated.trees, data/4/4/init.txt
    output: data/4/4/center.tree.pkl, data/4/4/left.tree.pkl, data/4/4/right.tree.pkl, data/4/4/lcr.trees, data/4/4/intervals.tsv
    jobid: 129
    reason: Missing output files: data/4/4/intervals.tsv, data/4/4/lcr.trees; Input files updated by another job: data/4/simulated.trees
    wildcards: folder=data, sim_id=4, tree_id=4
    resources: tmpdir=/tmp

[Tue Feb 18 08:47:11 2025]
Finished job 129.
37 of 261 steps (14%) done
Select jobs to execute...
Execute 1 jobs...

[Tue Feb 18 08:47:11 2025]
localrule access_tree:
    input: data/7/simulated.trees, data/7/4/init.txt
    output: data/7/4/center.tree.pkl, data/7/4/left.tree.pkl, data/7/4/right.tree.pkl, data/7/4/lcr.trees, data/7/4/intervals.tsv
    jobid: 207
    reason: Missing output files: data/7/4/lcr.trees, data/7/4/intervals.tsv; Input files updated by another job: data/7/simulated.trees
    wildcards: folder=data, sim_id=7, tree_id=4
    resources: tmpdir=/tmp

[Tue Feb 18 08:47:12 2025]
Finished job 207.
38 of 261 steps (15%) done
Select jobs to execute...
Execute 1 jobs...

[Tue Feb 18 08:47:12 2025]
localrule access_tree:
    input: data/1/simulated.trees, data/1/3/init.txt
    output: data/1/3/center.tree.pkl, data/1/3/left.tree.pkl, data/1/3/right.tree.pkl, data/1/3/lcr.trees, data/1/3/intervals.tsv
    jobid: 46
    reason: Missing output files: data/1/3/intervals.tsv, data/1/3/lcr.trees; Input files updated by another job: data/1/simulated.trees
    wildcards: folder=data, sim_id=1, tree_id=3
    resources: tmpdir=/tmp

[Tue Feb 18 08:47:13 2025]
Finished job 46.
39 of 261 steps (15%) done
Select jobs to execute...
Execute 1 jobs...

[Tue Feb 18 08:47:13 2025]
localrule simulate_tree_sequence:
    input: data/6/parameters.tsv
    output: data/6/simulated.trees
    jobid: 161
    reason: Missing output files: data/6/simulated.trees
    wildcards: folder=data, sim_id=6
    resources: tmpdir=/tmp

[Tue Feb 18 08:47:14 2025]
Finished job 161.
40 of 261 steps (15%) done
Select jobs to execute...
Execute 1 jobs...

[Tue Feb 18 08:47:14 2025]
localrule access_tree:
    input: data/6/simulated.trees, data/6/4/init.txt
    output: data/6/4/center.tree.pkl, data/6/4/left.tree.pkl, data/6/4/right.tree.pkl, data/6/4/lcr.trees, data/6/4/intervals.tsv
    jobid: 181
    reason: Missing output files: data/6/4/lcr.trees, data/6/4/intervals.tsv; Input files updated by another job: data/6/simulated.trees
    wildcards: folder=data, sim_id=6, tree_id=4
    resources: tmpdir=/tmp

[Tue Feb 18 08:47:15 2025]
Finished job 181.
41 of 261 steps (16%) done
Select jobs to execute...
Execute 1 jobs...

[Tue Feb 18 08:47:15 2025]
localrule tree_to_vcf:
    input: data/8/0/lcr.trees
    output: data/8/0/lcr.vcf
    jobid: 211
    reason: Missing output files: data/8/0/lcr.vcf; Input files updated by another job: data/8/0/lcr.trees
    wildcards: folder=data, sim_id=8, tree_id=0
    resources: tmpdir=/tmp

[Tue Feb 18 08:47:15 2025]
Finished job 211.
42 of 261 steps (16%) done
Select jobs to execute...
Execute 1 jobs...

[Tue Feb 18 08:47:15 2025]
localrule access_tree:
    input: data/6/simulated.trees, data/6/2/init.txt
    output: data/6/2/center.tree.pkl, data/6/2/left.tree.pkl, data/6/2/right.tree.pkl, data/6/2/lcr.trees, data/6/2/intervals.tsv
    jobid: 171
    reason: Missing output files: data/6/2/intervals.tsv, data/6/2/lcr.trees; Input files updated by another job: data/6/simulated.trees
    wildcards: folder=data, sim_id=6, tree_id=2
    resources: tmpdir=/tmp

[Tue Feb 18 08:47:16 2025]
Finished job 171.
43 of 261 steps (16%) done
Select jobs to execute...
Execute 1 jobs...

[Tue Feb 18 08:47:16 2025]
localrule gzip_tree_vcf:
    input: data/3/3/lcr.vcf
    output: data/3/3/lcr.vcf.gz
    jobid: 96
    reason: Missing output files: data/3/3/lcr.vcf.gz; Input files updated by another job: data/3/3/lcr.vcf
    wildcards: folder=data, sim_id=3, tree_id=3
    resources: tmpdir=/tmp

[Tue Feb 18 08:47:16 2025]
Finished job 96.
44 of 261 steps (17%) done
Select jobs to execute...
Execute 1 jobs...

[Tue Feb 18 08:47:16 2025]
localrule access_tree:
    input: data/2/simulated.trees, data/2/4/init.txt
    output: data/2/4/center.tree.pkl, data/2/4/left.tree.pkl, data/2/4/right.tree.pkl, data/2/4/lcr.trees, data/2/4/intervals.tsv
    jobid: 77
    reason: Missing output files: data/2/4/lcr.trees, data/2/4/intervals.tsv; Input files updated by another job: data/2/simulated.trees
    wildcards: folder=data, sim_id=2, tree_id=4
    resources: tmpdir=/tmp

[Tue Feb 18 08:47:17 2025]
Finished job 77.
45 of 261 steps (17%) done
Select jobs to execute...
Execute 1 jobs...

[Tue Feb 18 08:47:17 2025]
localrule access_tree:
    input: data/8/simulated.trees, data/8/4/init.txt
    output: data/8/4/center.tree.pkl, data/8/4/left.tree.pkl, data/8/4/right.tree.pkl, data/8/4/lcr.trees, data/8/4/intervals.tsv
    jobid: 233
    reason: Missing output files: data/8/4/lcr.trees, data/8/4/intervals.tsv; Input files updated by another job: data/8/simulated.trees
    wildcards: folder=data, sim_id=8, tree_id=4
    resources: tmpdir=/tmp

[Tue Feb 18 08:47:18 2025]
Finished job 233.
46 of 261 steps (18%) done
Select jobs to execute...
Execute 1 jobs...

[Tue Feb 18 08:47:18 2025]
localrule access_tree:
    input: data/4/simulated.trees, data/4/2/init.txt
    output: data/4/2/center.tree.pkl, data/4/2/left.tree.pkl, data/4/2/right.tree.pkl, data/4/2/lcr.trees, data/4/2/intervals.tsv
    jobid: 119
    reason: Missing output files: data/4/2/lcr.trees, data/4/2/intervals.tsv; Input files updated by another job: data/4/simulated.trees
    wildcards: folder=data, sim_id=4, tree_id=2
    resources: tmpdir=/tmp

[Tue Feb 18 08:47:19 2025]
Finished job 119.
47 of 261 steps (18%) done
Select jobs to execute...
Execute 1 jobs...

[Tue Feb 18 08:47:19 2025]
localrule access_tree:
    input: data/2/simulated.trees, data/2/3/init.txt
    output: data/2/3/center.tree.pkl, data/2/3/left.tree.pkl, data/2/3/right.tree.pkl, data/2/3/lcr.trees, data/2/3/intervals.tsv
    jobid: 72
    reason: Missing output files: data/2/3/intervals.tsv, data/2/3/lcr.trees; Input files updated by another job: data/2/simulated.trees
    wildcards: folder=data, sim_id=2, tree_id=3
    resources: tmpdir=/tmp

[Tue Feb 18 08:47:20 2025]
Finished job 72.
48 of 261 steps (18%) done
Select jobs to execute...
Execute 1 jobs...

[Tue Feb 18 08:47:20 2025]
localrule simulate_tree_sequence:
    input: data/0/parameters.tsv
    output: data/0/simulated.trees
    jobid: 5
    reason: Missing output files: data/0/simulated.trees
    wildcards: folder=data, sim_id=0
    resources: tmpdir=/tmp

[Tue Feb 18 08:47:20 2025]
Finished job 5.
49 of 261 steps (19%) done
Select jobs to execute...
Execute 1 jobs...

[Tue Feb 18 08:47:20 2025]
localrule access_tree:
    input: data/0/simulated.trees, data/0/0/init.txt
    output: data/0/0/center.tree.pkl, data/0/0/left.tree.pkl, data/0/0/right.tree.pkl, data/0/0/lcr.trees, data/0/0/intervals.tsv
    jobid: 4
    reason: Missing output files: data/0/0/intervals.tsv, data/0/0/lcr.trees; Input files updated by another job: data/0/simulated.trees
    wildcards: folder=data, sim_id=0, tree_id=0
    resources: tmpdir=/tmp

[Tue Feb 18 08:47:21 2025]
Finished job 4.
50 of 261 steps (19%) done
Select jobs to execute...
Execute 1 jobs...

[Tue Feb 18 08:47:21 2025]
localrule tree_to_vcf:
    input: data/4/2/lcr.trees
    output: data/4/2/lcr.vcf
    jobid: 118
    reason: Missing output files: data/4/2/lcr.vcf; Input files updated by another job: data/4/2/lcr.trees
    wildcards: folder=data, sim_id=4, tree_id=2
    resources: tmpdir=/tmp

[Tue Feb 18 08:47:21 2025]
Finished job 118.
51 of 261 steps (20%) done
Select jobs to execute...
Execute 1 jobs...

[Tue Feb 18 08:47:21 2025]
localrule access_tree:
    input: data/0/simulated.trees, data/0/3/init.txt
    output: data/0/3/center.tree.pkl, data/0/3/left.tree.pkl, data/0/3/right.tree.pkl, data/0/3/lcr.trees, data/0/3/intervals.tsv
    jobid: 20
    reason: Missing output files: data/0/3/lcr.trees, data/0/3/intervals.tsv; Input files updated by another job: data/0/simulated.trees
    wildcards: folder=data, sim_id=0, tree_id=3
    resources: tmpdir=/tmp

[Tue Feb 18 08:47:22 2025]
Finished job 20.
52 of 261 steps (20%) done
Select jobs to execute...
Execute 1 jobs...

[Tue Feb 18 08:47:22 2025]
localrule tree_to_vcf:
    input: data/9/0/lcr.trees
    output: data/9/0/lcr.vcf
    jobid: 237
    reason: Missing output files: data/9/0/lcr.vcf; Input files updated by another job: data/9/0/lcr.trees
    wildcards: folder=data, sim_id=9, tree_id=0
    resources: tmpdir=/tmp

[Tue Feb 18 08:47:23 2025]
Finished job 237.
53 of 261 steps (20%) done
Select jobs to execute...
Execute 1 jobs...

[Tue Feb 18 08:47:23 2025]
localrule access_tree:
    input: data/0/simulated.trees, data/0/1/init.txt
    output: data/0/1/center.tree.pkl, data/0/1/left.tree.pkl, data/0/1/right.tree.pkl, data/0/1/lcr.trees, data/0/1/intervals.tsv
    jobid: 10
    reason: Missing output files: data/0/1/lcr.trees, data/0/1/intervals.tsv; Input files updated by another job: data/0/simulated.trees
    wildcards: folder=data, sim_id=0, tree_id=1
    resources: tmpdir=/tmp

[Tue Feb 18 08:47:24 2025]
Finished job 10.
54 of 261 steps (21%) done
Select jobs to execute...
Execute 1 jobs...

[Tue Feb 18 08:47:24 2025]
localrule tree_to_vcf:
    input: data/2/4/lcr.trees
    output: data/2/4/lcr.vcf
    jobid: 76
    reason: Missing output files: data/2/4/lcr.vcf; Input files updated by another job: data/2/4/lcr.trees
    wildcards: folder=data, sim_id=2, tree_id=4
    resources: tmpdir=/tmp

[Tue Feb 18 08:47:24 2025]
Finished job 76.
55 of 261 steps (21%) done
Select jobs to execute...
Execute 1 jobs...

[Tue Feb 18 08:47:24 2025]
localrule gzip_tree_vcf:
    input: data/2/4/lcr.vcf
    output: data/2/4/lcr.vcf.gz
    jobid: 75
    reason: Missing output files: data/2/4/lcr.vcf.gz; Input files updated by another job: data/2/4/lcr.vcf
    wildcards: folder=data, sim_id=2, tree_id=4
    resources: tmpdir=/tmp

[Tue Feb 18 08:47:24 2025]
Finished job 75.
56 of 261 steps (21%) done
Select jobs to execute...
Execute 1 jobs...

[Tue Feb 18 08:47:24 2025]
localrule tree_to_vcf:
    input: data/1/3/lcr.trees
    output: data/1/3/lcr.vcf
    jobid: 45
    reason: Missing output files: data/1/3/lcr.vcf; Input files updated by another job: data/1/3/lcr.trees
    wildcards: folder=data, sim_id=1, tree_id=3
    resources: tmpdir=/tmp

[Tue Feb 18 08:47:24 2025]
Finished job 45.
57 of 261 steps (22%) done
Select jobs to execute...
Execute 1 jobs...

[Tue Feb 18 08:47:24 2025]
localrule gzip_tree_vcf:
    input: data/1/3/lcr.vcf
    output: data/1/3/lcr.vcf.gz
    jobid: 44
    reason: Missing output files: data/1/3/lcr.vcf.gz; Input files updated by another job: data/1/3/lcr.vcf
    wildcards: folder=data, sim_id=1, tree_id=3
    resources: tmpdir=/tmp

[Tue Feb 18 08:47:24 2025]
Finished job 44.
58 of 261 steps (22%) done
Select jobs to execute...
Execute 1 jobs...

[Tue Feb 18 08:47:24 2025]
localrule tabix_tree_vcf:
    input: data/2/4/lcr.vcf.gz
    output: data/2/4/lcr.vcf.gz.tbi
    jobid: 78
    reason: Missing output files: data/2/4/lcr.vcf.gz.tbi; Input files updated by another job: data/2/4/lcr.vcf.gz
    wildcards: folder=data, sim_id=2, tree_id=4
    resources: tmpdir=/tmp

[Tue Feb 18 08:47:24 2025]
Error in rule tabix_tree_vcf:
    jobid: 78
    input: data/2/4/lcr.vcf.gz
    output: data/2/4/lcr.vcf.gz.tbi
    shell:
        
        tabix -fp vcf data/2/4/lcr.vcf.gz
        
        (one of the commands exited with non-zero exit code; note that snakemake uses bash strict mode!)

Shutting down, this might take some time.
Exiting because a job execution failed. Look above for error message
Complete log: .snakemake/log/2025-02-18T084641.072637.snakemake.log
WorkflowError:
At least one job did not complete successfully.
