host: DerLaptop
Building DAG of jobs...
Using shell: /usr/bin/bash
Provided cores: 1 (use --cores to define parallelism)
Rules claiming more threads will be scaled down.
Job stats:
job               count
--------------  -------
all                   1
gzip_tree_vcf        48
subset_lcr_vcf       50
tabix_tree_vcf       50
tree_to_vcf          26
total               175

Select jobs to execute...
Execute 1 jobs...

[Tue Feb 18 08:43:12 2025]
localrule tree_to_vcf:
    input: data/4/1/lcr.trees
    output: data/4/1/lcr.vcf
    jobid: 113
    reason: Updated input files: data/4/1/lcr.trees
    wildcards: folder=data, sim_id=4, tree_id=1
    resources: tmpdir=/tmp

[Tue Feb 18 08:43:13 2025]
Finished job 113.
1 of 175 steps (1%) done
Select jobs to execute...
Execute 1 jobs...

[Tue Feb 18 08:43:13 2025]
localrule gzip_tree_vcf:
    input: data/3/2/lcr.vcf
    output: data/3/2/lcr.vcf.gz
    jobid: 91
    reason: Missing output files: data/3/2/lcr.vcf.gz
    wildcards: folder=data, sim_id=3, tree_id=2
    resources: tmpdir=/tmp

[Tue Feb 18 08:43:13 2025]
Finished job 91.
2 of 175 steps (1%) done
Select jobs to execute...
Execute 1 jobs...

[Tue Feb 18 08:43:13 2025]
localrule gzip_tree_vcf:
    input: data/4/1/lcr.vcf
    output: data/4/1/lcr.vcf.gz
    jobid: 112
    reason: Missing output files: data/4/1/lcr.vcf.gz; Input files updated by another job: data/4/1/lcr.vcf
    wildcards: folder=data, sim_id=4, tree_id=1
    resources: tmpdir=/tmp

[Tue Feb 18 08:43:13 2025]
Finished job 112.
3 of 175 steps (2%) done
Select jobs to execute...
Execute 1 jobs...

[Tue Feb 18 08:43:13 2025]
localrule tree_to_vcf:
    input: data/2/4/lcr.trees
    output: data/2/4/lcr.vcf
    jobid: 76
    reason: Updated input files: data/2/4/lcr.trees
    wildcards: folder=data, sim_id=2, tree_id=4
    resources: tmpdir=/tmp

[Tue Feb 18 08:43:13 2025]
Finished job 76.
4 of 175 steps (2%) done
Select jobs to execute...
Execute 1 jobs...

[Tue Feb 18 08:43:13 2025]
localrule tabix_tree_vcf:
    input: data/3/2/lcr.vcf.gz
    output: data/3/2/lcr.vcf.gz.tbi
    jobid: 94
    reason: Missing output files: data/3/2/lcr.vcf.gz.tbi; Input files updated by another job: data/3/2/lcr.vcf.gz
    wildcards: folder=data, sim_id=3, tree_id=2
    resources: tmpdir=/tmp

[Tue Feb 18 08:43:13 2025]
Error in rule tabix_tree_vcf:
    jobid: 94
    input: data/3/2/lcr.vcf.gz
    output: data/3/2/lcr.vcf.gz.tbi
    shell:
        
        tabix -fp vcf data/3/2/lcr.vcf.gz
        
        (one of the commands exited with non-zero exit code; note that snakemake uses bash strict mode!)

Shutting down, this might take some time.
Exiting because a job execution failed. Look above for error message
Complete log: .snakemake/log/2025-02-18T084308.555886.snakemake.log
WorkflowError:
At least one job did not complete successfully.
