host: DerLaptop
Building DAG of jobs...
Using shell: /usr/bin/bash
Provided cores: 1 (use --cores to define parallelism)
Rules claiming more threads will be scaled down.
Job stats:
job            count
-----------  -------
access_tree       50
all                1
total             51

Select jobs to execute...
Execute 1 jobs...

[Tue Feb 18 08:05:08 2025]
localrule access_tree:
    input: data/1/simulated.trees, data/1/3/init.txt
    output: data/1/3/center.tree.pkl, data/1/3/left.tree.pkl, data/1/3/right.tree.pkl
    jobid: 11
    reason: Missing output files: data/1/3/center.tree.pkl
    wildcards: folder=data, sim_id=1, tree_id=3
    resources: tmpdir=/tmp

[Tue Feb 18 08:05:09 2025]
Finished job 11.
1 of 51 steps (2%) done
Select jobs to execute...
Execute 1 jobs...

[Tue Feb 18 08:05:09 2025]
localrule access_tree:
    input: data/2/simulated.trees, data/2/1/init.txt
    output: data/2/1/center.tree.pkl, data/2/1/left.tree.pkl, data/2/1/right.tree.pkl
    jobid: 15
    reason: Missing output files: data/2/1/center.tree.pkl
    wildcards: folder=data, sim_id=2, tree_id=1
    resources: tmpdir=/tmp

[Tue Feb 18 08:05:10 2025]
Finished job 15.
2 of 51 steps (4%) done
Select jobs to execute...
Execute 1 jobs...

[Tue Feb 18 08:05:10 2025]
localrule access_tree:
    input: data/1/simulated.trees, data/1/2/init.txt
    output: data/1/2/center.tree.pkl, data/1/2/left.tree.pkl, data/1/2/right.tree.pkl
    jobid: 10
    reason: Missing output files: data/1/2/center.tree.pkl
    wildcards: folder=data, sim_id=1, tree_id=2
    resources: tmpdir=/tmp

[Tue Feb 18 08:05:10 2025]
Finished job 10.
3 of 51 steps (6%) done
Select jobs to execute...
Execute 1 jobs...

[Tue Feb 18 08:05:10 2025]
localrule access_tree:
    input: data/2/simulated.trees, data/2/3/init.txt
    output: data/2/3/center.tree.pkl, data/2/3/left.tree.pkl, data/2/3/right.tree.pkl
    jobid: 17
    reason: Missing output files: data/2/3/center.tree.pkl
    wildcards: folder=data, sim_id=2, tree_id=3
    resources: tmpdir=/tmp

[Tue Feb 18 08:05:11 2025]
Error in rule access_tree:
    jobid: 17
    input: data/2/simulated.trees, data/2/3/init.txt
    output: data/2/3/center.tree.pkl, data/2/3/left.tree.pkl, data/2/3/right.tree.pkl
    shell:
        
        python scripts/access-tree.py             --input_file data/2/simulated.trees             --output_folder data/2/3             --index_tree 3             --trim_trees 2
        
        (one of the commands exited with non-zero exit code; note that snakemake uses bash strict mode!)

Shutting down, this might take some time.
Exiting because a job execution failed. Look above for error message
Complete log: .snakemake/log/2025-02-18T080507.666783.snakemake.log
WorkflowError:
At least one job did not complete successfully.
