host: DerLaptop
Building DAG of jobs...
Using shell: /usr/bin/bash
Provided cores: 1 (use --cores to define parallelism)
Rules claiming more threads will be scaled down.
Job stats:
job                       count
----------------------  -------
all                           1
gzip_vcf                     10
simulate_tree_sequence       10
tree_to_vcf                  10
total                        31

Select jobs to execute...
Execute 1 jobs...

[Tue Feb 18 07:07:18 2025]
localrule simulate_tree_sequence:
    input: data/1/parameters.tsv
    output: data/1/simulated.trees
    jobid: 6
    reason: Missing output files: data/1/simulated.trees
    wildcards: folder=data, sim_id=1
    resources: tmpdir=/tmp

[Tue Feb 18 07:07:19 2025]
Finished job 6.
1 of 31 steps (3%) done
Select jobs to execute...
Execute 1 jobs...

[Tue Feb 18 07:07:19 2025]
localrule simulate_tree_sequence:
    input: data/3/parameters.tsv
    output: data/3/simulated.trees
    jobid: 12
    reason: Missing output files: data/3/simulated.trees
    wildcards: folder=data, sim_id=3
    resources: tmpdir=/tmp

[Tue Feb 18 07:07:20 2025]
Finished job 12.
2 of 31 steps (6%) done
Select jobs to execute...
Execute 1 jobs...

[Tue Feb 18 07:07:20 2025]
localrule simulate_tree_sequence:
    input: data/5/parameters.tsv
    output: data/5/simulated.trees
    jobid: 18
    reason: Missing output files: data/5/simulated.trees
    wildcards: folder=data, sim_id=5
    resources: tmpdir=/tmp

[Tue Feb 18 07:07:20 2025]
Finished job 18.
3 of 31 steps (10%) done
Select jobs to execute...
Execute 1 jobs...

[Tue Feb 18 07:07:20 2025]
localrule tree_to_vcf:
    input: data/5/simulated.trees
    output: data/5/simulated.vcf
    jobid: 17
    reason: Missing output files: data/5/simulated.vcf; Input files updated by another job: data/5/simulated.trees; Set of input files has changed since last execution
    wildcards: folder=data, sim_id=5
    resources: tmpdir=/tmp

[Tue Feb 18 07:07:20 2025]
Finished job 17.
4 of 31 steps (13%) done
Select jobs to execute...
Execute 1 jobs...

[Tue Feb 18 07:07:20 2025]
localrule simulate_tree_sequence:
    input: data/7/parameters.tsv
    output: data/7/simulated.trees
    jobid: 24
    reason: Missing output files: data/7/simulated.trees
    wildcards: folder=data, sim_id=7
    resources: tmpdir=/tmp

[Tue Feb 18 07:07:21 2025]
Finished job 24.
5 of 31 steps (16%) done
Select jobs to execute...
Execute 1 jobs...

[Tue Feb 18 07:07:21 2025]
localrule tree_to_vcf:
    input: data/7/simulated.trees
    output: data/7/simulated.vcf
    jobid: 23
    reason: Missing output files: data/7/simulated.vcf; Input files updated by another job: data/7/simulated.trees; Set of input files has changed since last execution
    wildcards: folder=data, sim_id=7
    resources: tmpdir=/tmp

[Tue Feb 18 07:07:21 2025]
Finished job 23.
6 of 31 steps (19%) done
Select jobs to execute...
Execute 1 jobs...

[Tue Feb 18 07:07:21 2025]
localrule simulate_tree_sequence:
    input: data/9/parameters.tsv
    output: data/9/simulated.trees
    jobid: 30
    reason: Missing output files: data/9/simulated.trees
    wildcards: folder=data, sim_id=9
    resources: tmpdir=/tmp

[Tue Feb 18 07:07:22 2025]
Finished job 30.
7 of 31 steps (23%) done
Select jobs to execute...
Execute 1 jobs...

[Tue Feb 18 07:07:22 2025]
localrule tree_to_vcf:
    input: data/9/simulated.trees
    output: data/9/simulated.vcf
    jobid: 29
    reason: Missing output files: data/9/simulated.vcf; Input files updated by another job: data/9/simulated.trees; Set of input files has changed since last execution
    wildcards: folder=data, sim_id=9
    resources: tmpdir=/tmp

[Tue Feb 18 07:07:22 2025]
Finished job 29.
8 of 31 steps (26%) done
Select jobs to execute...
Execute 1 jobs...

[Tue Feb 18 07:07:22 2025]
localrule gzip_vcf:
    input: data/9/simulated.vcf
    output: data/9/simulated.vcf.gz
    jobid: 28
    reason: Missing output files: data/9/simulated.vcf.gz; Input files updated by another job: data/9/simulated.vcf
    wildcards: folder=data, sim_id=9
    resources: tmpdir=/tmp

[Tue Feb 18 07:07:22 2025]
Finished job 28.
9 of 31 steps (29%) done
Select jobs to execute...
Execute 1 jobs...

[Tue Feb 18 07:07:22 2025]
localrule gzip_vcf:
    input: data/7/simulated.vcf
    output: data/7/simulated.vcf.gz
    jobid: 22
    reason: Missing output files: data/7/simulated.vcf.gz; Input files updated by another job: data/7/simulated.vcf
    wildcards: folder=data, sim_id=7
    resources: tmpdir=/tmp

[Tue Feb 18 07:07:22 2025]
Finished job 22.
10 of 31 steps (32%) done
Select jobs to execute...
Execute 1 jobs...

[Tue Feb 18 07:07:22 2025]
localrule simulate_tree_sequence:
    input: data/0/parameters.tsv
    output: data/0/simulated.trees
    jobid: 3
    reason: Missing output files: data/0/simulated.trees
    wildcards: folder=data, sim_id=0
    resources: tmpdir=/tmp

[Tue Feb 18 07:07:23 2025]
Finished job 3.
11 of 31 steps (35%) done
Select jobs to execute...
Execute 1 jobs...

[Tue Feb 18 07:07:23 2025]
localrule tree_to_vcf:
    input: data/0/simulated.trees
    output: data/0/simulated.vcf
    jobid: 2
    reason: Missing output files: data/0/simulated.vcf; Input files updated by another job: data/0/simulated.trees; Set of input files has changed since last execution
    wildcards: folder=data, sim_id=0
    resources: tmpdir=/tmp

[Tue Feb 18 07:07:23 2025]
Finished job 2.
12 of 31 steps (39%) done
Select jobs to execute...
Execute 1 jobs...

[Tue Feb 18 07:07:23 2025]
localrule simulate_tree_sequence:
    input: data/2/parameters.tsv
    output: data/2/simulated.trees
    jobid: 9
    reason: Missing output files: data/2/simulated.trees
    wildcards: folder=data, sim_id=2
    resources: tmpdir=/tmp

[Tue Feb 18 07:07:23 2025]
Finished job 9.
13 of 31 steps (42%) done
Select jobs to execute...
Execute 1 jobs...

[Tue Feb 18 07:07:23 2025]
localrule tree_to_vcf:
    input: data/2/simulated.trees
    output: data/2/simulated.vcf
    jobid: 8
    reason: Missing output files: data/2/simulated.vcf; Input files updated by another job: data/2/simulated.trees; Set of input files has changed since last execution
    wildcards: folder=data, sim_id=2
    resources: tmpdir=/tmp

[Tue Feb 18 07:07:24 2025]
Finished job 8.
14 of 31 steps (45%) done
Select jobs to execute...
Execute 1 jobs...

[Tue Feb 18 07:07:24 2025]
localrule gzip_vcf:
    input: data/2/simulated.vcf
    output: data/2/simulated.vcf.gz
    jobid: 7
    reason: Missing output files: data/2/simulated.vcf.gz; Input files updated by another job: data/2/simulated.vcf
    wildcards: folder=data, sim_id=2
    resources: tmpdir=/tmp

[Tue Feb 18 07:07:24 2025]
Finished job 7.
15 of 31 steps (48%) done
Select jobs to execute...
Execute 1 jobs...

[Tue Feb 18 07:07:24 2025]
localrule gzip_vcf:
    input: data/0/simulated.vcf
    output: data/0/simulated.vcf.gz
    jobid: 1
    reason: Missing output files: data/0/simulated.vcf.gz; Input files updated by another job: data/0/simulated.vcf
    wildcards: folder=data, sim_id=0
    resources: tmpdir=/tmp

[Tue Feb 18 07:07:24 2025]
Finished job 1.
16 of 31 steps (52%) done
Select jobs to execute...
Execute 1 jobs...

[Tue Feb 18 07:07:24 2025]
localrule simulate_tree_sequence:
    input: data/4/parameters.tsv
    output: data/4/simulated.trees
    jobid: 15
    reason: Missing output files: data/4/simulated.trees
    wildcards: folder=data, sim_id=4
    resources: tmpdir=/tmp

[Tue Feb 18 07:07:24 2025]
Finished job 15.
17 of 31 steps (55%) done
Select jobs to execute...
Execute 1 jobs...

[Tue Feb 18 07:07:24 2025]
localrule tree_to_vcf:
    input: data/4/simulated.trees
    output: data/4/simulated.vcf
    jobid: 14
    reason: Missing output files: data/4/simulated.vcf; Input files updated by another job: data/4/simulated.trees; Set of input files has changed since last execution
    wildcards: folder=data, sim_id=4
    resources: tmpdir=/tmp

[Tue Feb 18 07:07:25 2025]
Finished job 14.
18 of 31 steps (58%) done
Select jobs to execute...
Execute 1 jobs...

[Tue Feb 18 07:07:25 2025]
localrule gzip_vcf:
    input: data/4/simulated.vcf
    output: data/4/simulated.vcf.gz
    jobid: 13
    reason: Missing output files: data/4/simulated.vcf.gz; Input files updated by another job: data/4/simulated.vcf
    wildcards: folder=data, sim_id=4
    resources: tmpdir=/tmp

[Tue Feb 18 07:07:25 2025]
Finished job 13.
19 of 31 steps (61%) done
Select jobs to execute...
Execute 1 jobs...

[Tue Feb 18 07:07:25 2025]
localrule simulate_tree_sequence:
    input: data/6/parameters.tsv
    output: data/6/simulated.trees
    jobid: 21
    reason: Missing output files: data/6/simulated.trees
    wildcards: folder=data, sim_id=6
    resources: tmpdir=/tmp

[Tue Feb 18 07:07:25 2025]
Finished job 21.
20 of 31 steps (65%) done
Select jobs to execute...
Execute 1 jobs...

[Tue Feb 18 07:07:25 2025]
localrule tree_to_vcf:
    input: data/6/simulated.trees
    output: data/6/simulated.vcf
    jobid: 20
    reason: Missing output files: data/6/simulated.vcf; Input files updated by another job: data/6/simulated.trees; Set of input files has changed since last execution
    wildcards: folder=data, sim_id=6
    resources: tmpdir=/tmp

[Tue Feb 18 07:07:26 2025]
Finished job 20.
21 of 31 steps (68%) done
Select jobs to execute...
Execute 1 jobs...

[Tue Feb 18 07:07:26 2025]
localrule gzip_vcf:
    input: data/6/simulated.vcf
    output: data/6/simulated.vcf.gz
    jobid: 19
    reason: Missing output files: data/6/simulated.vcf.gz; Input files updated by another job: data/6/simulated.vcf
    wildcards: folder=data, sim_id=6
    resources: tmpdir=/tmp

[Tue Feb 18 07:07:26 2025]
Finished job 19.
22 of 31 steps (71%) done
Select jobs to execute...
Execute 1 jobs...

[Tue Feb 18 07:07:26 2025]
localrule tree_to_vcf:
    input: data/1/simulated.trees
    output: data/1/simulated.vcf
    jobid: 5
    reason: Missing output files: data/1/simulated.vcf; Input files updated by another job: data/1/simulated.trees; Set of input files has changed since last execution
    wildcards: folder=data, sim_id=1
    resources: tmpdir=/tmp

[Tue Feb 18 07:07:26 2025]
Finished job 5.
23 of 31 steps (74%) done
Select jobs to execute...
Execute 1 jobs...

[Tue Feb 18 07:07:26 2025]
localrule simulate_tree_sequence:
    input: data/8/parameters.tsv
    output: data/8/simulated.trees
    jobid: 27
    reason: Missing output files: data/8/simulated.trees
    wildcards: folder=data, sim_id=8
    resources: tmpdir=/tmp

[Tue Feb 18 07:07:27 2025]
Finished job 27.
24 of 31 steps (77%) done
Select jobs to execute...
Execute 1 jobs...

[Tue Feb 18 07:07:27 2025]
localrule tree_to_vcf:
    input: data/8/simulated.trees
    output: data/8/simulated.vcf
    jobid: 26
    reason: Missing output files: data/8/simulated.vcf; Input files updated by another job: data/8/simulated.trees; Set of input files has changed since last execution
    wildcards: folder=data, sim_id=8
    resources: tmpdir=/tmp

[Tue Feb 18 07:07:27 2025]
Finished job 26.
25 of 31 steps (81%) done
Select jobs to execute...
Execute 1 jobs...

[Tue Feb 18 07:07:27 2025]
localrule gzip_vcf:
    input: data/8/simulated.vcf
    output: data/8/simulated.vcf.gz
    jobid: 25
    reason: Missing output files: data/8/simulated.vcf.gz; Input files updated by another job: data/8/simulated.vcf
    wildcards: folder=data, sim_id=8
    resources: tmpdir=/tmp

[Tue Feb 18 07:07:27 2025]
Finished job 25.
26 of 31 steps (84%) done
Select jobs to execute...
Execute 1 jobs...

[Tue Feb 18 07:07:27 2025]
localrule gzip_vcf:
    input: data/5/simulated.vcf
    output: data/5/simulated.vcf.gz
    jobid: 16
    reason: Missing output files: data/5/simulated.vcf.gz; Input files updated by another job: data/5/simulated.vcf
    wildcards: folder=data, sim_id=5
    resources: tmpdir=/tmp

[Tue Feb 18 07:07:27 2025]
Finished job 16.
27 of 31 steps (87%) done
Select jobs to execute...
Execute 1 jobs...

[Tue Feb 18 07:07:27 2025]
localrule gzip_vcf:
    input: data/1/simulated.vcf
    output: data/1/simulated.vcf.gz
    jobid: 4
    reason: Missing output files: data/1/simulated.vcf.gz; Input files updated by another job: data/1/simulated.vcf
    wildcards: folder=data, sim_id=1
    resources: tmpdir=/tmp

[Tue Feb 18 07:07:27 2025]
Finished job 4.
28 of 31 steps (90%) done
Select jobs to execute...
Execute 1 jobs...

[Tue Feb 18 07:07:27 2025]
localrule tree_to_vcf:
    input: data/3/simulated.trees
    output: data/3/simulated.vcf
    jobid: 11
    reason: Missing output files: data/3/simulated.vcf; Input files updated by another job: data/3/simulated.trees; Set of input files has changed since last execution
    wildcards: folder=data, sim_id=3
    resources: tmpdir=/tmp

[Tue Feb 18 07:07:27 2025]
Finished job 11.
29 of 31 steps (94%) done
Select jobs to execute...
Execute 1 jobs...

[Tue Feb 18 07:07:27 2025]
localrule gzip_vcf:
    input: data/3/simulated.vcf
    output: data/3/simulated.vcf.gz
    jobid: 10
    reason: Missing output files: data/3/simulated.vcf.gz; Input files updated by another job: data/3/simulated.vcf
    wildcards: folder=data, sim_id=3
    resources: tmpdir=/tmp

[Tue Feb 18 07:07:27 2025]
Finished job 10.
30 of 31 steps (97%) done
Select jobs to execute...
Execute 1 jobs...

[Tue Feb 18 07:07:28 2025]
localrule all:
    input: data/0/simulated.vcf.gz, data/1/simulated.vcf.gz, data/2/simulated.vcf.gz, data/3/simulated.vcf.gz, data/4/simulated.vcf.gz, data/5/simulated.vcf.gz, data/6/simulated.vcf.gz, data/7/simulated.vcf.gz, data/8/simulated.vcf.gz, data/9/simulated.vcf.gz
    output: data/reproduce.yaml
    jobid: 0
    reason: Input files updated by another job: data/0/simulated.vcf.gz, data/9/simulated.vcf.gz, data/7/simulated.vcf.gz, data/4/simulated.vcf.gz, data/5/simulated.vcf.gz, data/2/simulated.vcf.gz, data/3/simulated.vcf.gz, data/8/simulated.vcf.gz, data/1/simulated.vcf.gz, data/6/simulated.vcf.gz
    resources: tmpdir=/tmp

[Tue Feb 18 07:07:28 2025]
Finished job 0.
31 of 31 steps (100%) done
Complete log: .snakemake/log/2025-02-18T070718.621086.snakemake.log
