host: DerLaptop
Building DAG of jobs...
Using shell: /usr/bin/bash
Provided cores: 1 (use --cores to define parallelism)
Rules claiming more threads will be scaled down.
Job stats:
job            count
-----------  -------
all                1
vcf_to_zarr        4
total              5

Select jobs to execute...
Execute 1 jobs...

[Tue Feb 18 11:36:05 2025]
localrule vcf_to_zarr:
    input: data/0/simulated.vcf.gz, data/0/simulated.vcf.gz.tbi
    output: data/0/simulated.vcz
    jobid: 1
    reason: Missing output files: data/0/simulated.vcz
    wildcards: folder=data, sim_id=0
    resources: tmpdir=/tmp

[Tue Feb 18 11:36:07 2025]
Error in rule vcf_to_zarr:
    jobid: 1
    input: data/0/simulated.vcf.gz, data/0/simulated.vcf.gz.tbi
    output: data/0/simulated.vcz
    shell:
        
        python -m bio2zarr vcf2zarr explode             data/0/simulated.vcf.gz             data/0/simulated.exploded
        python -m bio2zarr vcf2zarr encode             data/0/simulated.exploded         
        (one of the commands exited with non-zero exit code; note that snakemake uses bash strict mode!)

Shutting down, this might take some time.
Exiting because a job execution failed. Look above for error message
Complete log: .snakemake/log/2025-02-18T113605.452786.snakemake.log
WorkflowError:
At least one job did not complete successfully.
