host: DerLaptop
Building DAG of jobs...
Using shell: /usr/bin/bash
Provided cores: 1 (use --cores to define parallelism)
Rules claiming more threads will be scaled down.
Job stats:
job                       count
----------------------  -------
all                           1
gzip_vcf                     10
simulate_mutations           10
simulate_tree_sequence        6
tree_to_vcf                  10
total                        37

Select jobs to execute...
Execute 1 jobs...

[Mon Feb 17 16:20:49 2025]
localrule simulate_mutations:
    input: data/7/parameters.tsv, data/7/simulated.trees
    output: data/7/mutated.trees
    jobid: 31
    reason: Missing output files: data/7/mutated.trees
    wildcards: folder=data, sim_id=7
    resources: tmpdir=/tmp

[Mon Feb 17 16:21:07 2025]
Error in rule simulate_mutations:
    jobid: 31
    input: data/7/parameters.tsv, data/7/simulated.trees
    output: data/7/mutated.trees
    shell:
        
        python scripts/simulate-mutations.py             --parameters_file data/7/parameters.tsv             --trees_file data/7/simulated.trees             --output_file data/7/mutated.trees
        
        (one of the commands exited with non-zero exit code; note that snakemake uses bash strict mode!)

Shutting down, this might take some time.
Exiting because a job execution failed. Look above for error message
Complete log: .snakemake/log/2025-02-17T162049.506578.snakemake.log
WorkflowError:
At least one job did not complete successfully.
