host: DerLaptop
Building DAG of jobs...
Using shell: /usr/bin/bash
Provided cores: 1 (use --cores to define parallelism)
Rules claiming more threads will be scaled down.
Job stats:
job        count
-------  -------
all            1
tsinfer        4
total          5

Select jobs to execute...
Execute 1 jobs...

[Tue Feb 18 13:51:17 2025]
localrule tsinfer:
    input: data/3/simulated.trees
    output: data/3/inferred.trees
    jobid: 7
    reason: Missing output files: data/3/inferred.trees
    wildcards: folder=data, sim_id=3
    resources: tmpdir=/tmp

[Tue Feb 18 13:51:22 2025]
Finished job 7.
1 of 5 steps (20%) done
Select jobs to execute...
Execute 1 jobs...

[Tue Feb 18 13:51:22 2025]
localrule tsinfer:
    input: data/0/simulated.trees
    output: data/0/inferred.trees
    jobid: 1
    reason: Missing output files: data/0/inferred.trees
    wildcards: folder=data, sim_id=0
    resources: tmpdir=/tmp

[Tue Feb 18 13:51:25 2025]
Finished job 1.
2 of 5 steps (40%) done
Select jobs to execute...
Execute 1 jobs...

[Tue Feb 18 13:51:25 2025]
localrule tsinfer:
    input: data/2/simulated.trees
    output: data/2/inferred.trees
    jobid: 5
    reason: Missing output files: data/2/inferred.trees
    wildcards: folder=data, sim_id=2
    resources: tmpdir=/tmp

[Tue Feb 18 13:51:29 2025]
Finished job 5.
3 of 5 steps (60%) done
Select jobs to execute...
Execute 1 jobs...

[Tue Feb 18 13:51:29 2025]
localrule tsinfer:
    input: data/1/simulated.trees
    output: data/1/inferred.trees
    jobid: 3
    reason: Missing output files: data/1/inferred.trees
    wildcards: folder=data, sim_id=1
    resources: tmpdir=/tmp

[Tue Feb 18 13:51:32 2025]
Finished job 3.
4 of 5 steps (80%) done
Select jobs to execute...
Execute 1 jobs...

[Tue Feb 18 13:51:32 2025]
localrule all:
    input: data/0/inferred.trees, data/1/inferred.trees, data/2/inferred.trees, data/3/inferred.trees
    output: data/reproduce.yaml
    jobid: 0
    reason: Missing output files: data/reproduce.yaml; Input files updated by another job: data/3/inferred.trees, data/2/inferred.trees, data/0/inferred.trees, data/1/inferred.trees
    resources: tmpdir=/tmp

[Tue Feb 18 13:51:32 2025]
Finished job 0.
5 of 5 steps (100%) done
Complete log: .snakemake/log/2025-02-18T135117.523182.snakemake.log
