host: DerLaptop
Building DAG of jobs...
Using shell: /usr/bin/bash
Provided cores: 1 (use --cores to define parallelism)
Rules claiming more threads will be scaled down.
Job stats:
job            count
-----------  -------
access_tree       50
all                1
total             51

Select jobs to execute...
Execute 1 jobs...

[Tue Feb 18 07:57:04 2025]
localrule access_tree:
    input: data/1/simulated.trees, data/1/0/init.txt
    output: data/1/0/center.tree, data/1/0/left.tree, data/1/0/right.tree
    jobid: 7
    reason: Missing output files: data/1/0/center.tree
    wildcards: folder=data, sim_id=1, tree_id=0
    resources: tmpdir=/tmp

[Tue Feb 18 07:57:04 2025]
Error in rule access_tree:
    jobid: 7
    input: data/1/simulated.trees, data/1/0/init.txt
    output: data/1/0/center.tree, data/1/0/left.tree, data/1/0/right.tree
    shell:
        
        python scripts/access-tree.py             --input_file data/1/simulated.trees             --output_folder data/1/0             --index_tree 0             --trim_trees 2
        
        (one of the commands exited with non-zero exit code; note that snakemake uses bash strict mode!)

Shutting down, this might take some time.
Exiting because a job execution failed. Look above for error message
Complete log: .snakemake/log/2025-02-18T075703.227450.snakemake.log
WorkflowError:
At least one job did not complete successfully.
