host: DerLaptop
Building DAG of jobs...
Using shell: /usr/bin/bash
Provided cores: 1 (use --cores to define parallelism)
Rules claiming more threads will be scaled down.
Job stats:
job               count
--------------  -------
all                   1
gzip_tree_vcf        46
subset_lcr_vcf       50
tabix_tree_vcf       50
tree_to_vcf          24
total               171

Select jobs to execute...
Execute 1 jobs...

[Tue Feb 18 08:45:16 2025]
localrule tree_to_vcf:
    input: data/1/3/lcr.trees
    output: data/1/3/lcr.vcf
    jobid: 45
    reason: Updated input files: data/1/3/lcr.trees
    wildcards: folder=data, sim_id=1, tree_id=3
    resources: tmpdir=/tmp

[Tue Feb 18 08:45:16 2025]
Finished job 45.
1 of 171 steps (1%) done
Select jobs to execute...
Execute 1 jobs...

[Tue Feb 18 08:45:16 2025]
localrule gzip_tree_vcf:
    input: data/1/3/lcr.vcf
    output: data/1/3/lcr.vcf.gz
    jobid: 44
    reason: Missing output files: data/1/3/lcr.vcf.gz; Input files updated by another job: data/1/3/lcr.vcf
    wildcards: folder=data, sim_id=1, tree_id=3
    resources: tmpdir=/tmp

[Tue Feb 18 08:45:16 2025]
Finished job 44.
2 of 171 steps (1%) done
Select jobs to execute...
Execute 1 jobs...

[Tue Feb 18 08:45:16 2025]
localrule gzip_tree_vcf:
    input: data/2/4/lcr.vcf
    output: data/2/4/lcr.vcf.gz
    jobid: 75
    reason: Missing output files: data/2/4/lcr.vcf.gz
    wildcards: folder=data, sim_id=2, tree_id=4
    resources: tmpdir=/tmp

[Tue Feb 18 08:45:16 2025]
Finished job 75.
3 of 171 steps (2%) done
Select jobs to execute...
Execute 1 jobs...

[Tue Feb 18 08:45:16 2025]
localrule tabix_tree_vcf:
    input: data/3/2/lcr.vcf.gz
    output: data/3/2/lcr.vcf.gz.tbi
    jobid: 94
    reason: Missing output files: data/3/2/lcr.vcf.gz.tbi
    wildcards: folder=data, sim_id=3, tree_id=2
    resources: tmpdir=/tmp

[Tue Feb 18 08:45:16 2025]
Error in rule tabix_tree_vcf:
    jobid: 94
    input: data/3/2/lcr.vcf.gz
    output: data/3/2/lcr.vcf.gz.tbi
    shell:
        
        tabix vcf -fp data/3/2/lcr.vcf.gz
        
        (one of the commands exited with non-zero exit code; note that snakemake uses bash strict mode!)

Shutting down, this might take some time.
Exiting because a job execution failed. Look above for error message
Complete log: .snakemake/log/2025-02-18T084512.403515.snakemake.log
WorkflowError:
At least one job did not complete successfully.
