host: DerLaptop
Building DAG of jobs...
Using shell: /usr/bin/bash
Provided cores: 1 (use --cores to define parallelism)
Rules claiming more threads will be scaled down.
Job stats:
job                       count
----------------------  -------
all                           1
simulate_tree_sequence       10
total                        11

Select jobs to execute...
Execute 1 jobs...

[Mon Feb 17 15:31:03 2025]
localrule simulate_tree_sequence:
    input: data/4/parameters.tsv
    output: data/4/simulated.trees
    jobid: 5
    reason: Missing output files: data/4/simulated.trees
    wildcards: folder=data, sim_id=4
    resources: tmpdir=/tmp

[Mon Feb 17 15:31:03 2025]
Error in rule simulate_tree_sequence:
    jobid: 5
    input: data/4/parameters.tsv
    output: data/4/simulated.trees
    shell:
        
        python scripts/simulate-trees.py             --input_file data/4/parameters.tsv             --output_file data/4/simulated.trees
        
        (one of the commands exited with non-zero exit code; note that snakemake uses bash strict mode!)

Shutting down, this might take some time.
Exiting because a job execution failed. Look above for error message
Complete log: .snakemake/log/2025-02-17T153103.150453.snakemake.log
WorkflowError:
At least one job did not complete successfully.
