host: DerLaptop
Building DAG of jobs...
Using shell: /usr/bin/bash
Provided cores: 1 (use --cores to define parallelism)
Rules claiming more threads will be scaled down.
Job stats:
job               count
--------------  -------
all                   1
gzip_tree_vcf        50
subset_lcr_vcf       50
tabix_tree_vcf       50
tree_to_vcf          50
total               201

Select jobs to execute...
Execute 1 jobs...

[Tue Feb 18 08:40:39 2025]
localrule tree_to_vcf:
    input: data/4/0/lcr.trees
    output: data/4/0/lcr.vcf
    jobid: 107
    reason: Updated input files: data/4/0/lcr.trees
    wildcards: folder=data, sim_id=4, tree_id=0
    resources: tmpdir=/tmp

[Tue Feb 18 08:40:39 2025]
Finished job 107.
1 of 201 steps (0.5%) done
Select jobs to execute...
Execute 1 jobs...

[Tue Feb 18 08:40:39 2025]
localrule tree_to_vcf:
    input: data/9/1/lcr.trees
    output: data/9/1/lcr.vcf
    jobid: 243
    reason: Updated input files: data/9/1/lcr.trees
    wildcards: folder=data, sim_id=9, tree_id=1
    resources: tmpdir=/tmp

[Tue Feb 18 08:40:40 2025]
Finished job 243.
2 of 201 steps (1%) done
Select jobs to execute...
Execute 1 jobs...

[Tue Feb 18 08:40:40 2025]
localrule tree_to_vcf:
    input: data/7/3/lcr.trees
    output: data/7/3/lcr.vcf
    jobid: 201
    reason: Updated input files: data/7/3/lcr.trees
    wildcards: folder=data, sim_id=7, tree_id=3
    resources: tmpdir=/tmp

[Tue Feb 18 08:40:40 2025]
Finished job 201.
3 of 201 steps (1%) done
Select jobs to execute...
Execute 1 jobs...

[Tue Feb 18 08:40:40 2025]
localrule tree_to_vcf:
    input: data/1/2/lcr.trees
    output: data/1/2/lcr.vcf
    jobid: 40
    reason: Updated input files: data/1/2/lcr.trees
    wildcards: folder=data, sim_id=1, tree_id=2
    resources: tmpdir=/tmp

[Tue Feb 18 08:40:40 2025]
Finished job 40.
4 of 201 steps (2%) done
Select jobs to execute...
Execute 1 jobs...

[Tue Feb 18 08:40:40 2025]
localrule tree_to_vcf:
    input: data/5/0/lcr.trees
    output: data/5/0/lcr.vcf
    jobid: 133
    reason: Updated input files: data/5/0/lcr.trees
    wildcards: folder=data, sim_id=5, tree_id=0
    resources: tmpdir=/tmp

[Tue Feb 18 08:40:41 2025]
Finished job 133.
5 of 201 steps (2%) done
Select jobs to execute...
Execute 1 jobs...

[Tue Feb 18 08:40:41 2025]
localrule tree_to_vcf:
    input: data/2/2/lcr.trees
    output: data/2/2/lcr.vcf
    jobid: 66
    reason: Updated input files: data/2/2/lcr.trees
    wildcards: folder=data, sim_id=2, tree_id=2
    resources: tmpdir=/tmp

[Tue Feb 18 08:40:41 2025]
Finished job 66.
6 of 201 steps (3%) done
Select jobs to execute...
Execute 1 jobs...

[Tue Feb 18 08:40:41 2025]
localrule tree_to_vcf:
    input: data/6/0/lcr.trees
    output: data/6/0/lcr.vcf
    jobid: 159
    reason: Updated input files: data/6/0/lcr.trees
    wildcards: folder=data, sim_id=6, tree_id=0
    resources: tmpdir=/tmp

[Tue Feb 18 08:40:41 2025]
Finished job 159.
7 of 201 steps (3%) done
Select jobs to execute...
Execute 1 jobs...

[Tue Feb 18 08:40:41 2025]
localrule tree_to_vcf:
    input: data/8/3/lcr.trees
    output: data/8/3/lcr.vcf
    jobid: 227
    reason: Updated input files: data/8/3/lcr.trees
    wildcards: folder=data, sim_id=8, tree_id=3
    resources: tmpdir=/tmp

[Tue Feb 18 08:40:42 2025]
Finished job 227.
8 of 201 steps (4%) done
Select jobs to execute...
Execute 1 jobs...

[Tue Feb 18 08:40:42 2025]
localrule tree_to_vcf:
    input: data/3/2/lcr.trees
    output: data/3/2/lcr.vcf
    jobid: 92
    reason: Updated input files: data/3/2/lcr.trees
    wildcards: folder=data, sim_id=3, tree_id=2
    resources: tmpdir=/tmp

[Tue Feb 18 08:40:42 2025]
Finished job 92.
9 of 201 steps (4%) done
Select jobs to execute...
Execute 1 jobs...

[Tue Feb 18 08:40:42 2025]
localrule tree_to_vcf:
    input: data/7/0/lcr.trees
    output: data/7/0/lcr.vcf
    jobid: 185
    reason: Updated input files: data/7/0/lcr.trees
    wildcards: folder=data, sim_id=7, tree_id=0
    resources: tmpdir=/tmp

[Tue Feb 18 08:40:42 2025]
Finished job 185.
10 of 201 steps (5%) done
Select jobs to execute...
Execute 1 jobs...

[Tue Feb 18 08:40:42 2025]
localrule tree_to_vcf:
    input: data/0/2/lcr.trees
    output: data/0/2/lcr.vcf
    jobid: 14
    reason: Updated input files: data/0/2/lcr.trees
    wildcards: folder=data, sim_id=0, tree_id=2
    resources: tmpdir=/tmp

[Tue Feb 18 08:40:43 2025]
Finished job 14.
11 of 201 steps (5%) done
Select jobs to execute...
Execute 1 jobs...

[Tue Feb 18 08:40:43 2025]
localrule tree_to_vcf:
    input: data/0/4/lcr.trees
    output: data/0/4/lcr.vcf
    jobid: 24
    reason: Updated input files: data/0/4/lcr.trees
    wildcards: folder=data, sim_id=0, tree_id=4
    resources: tmpdir=/tmp

[Tue Feb 18 08:40:43 2025]
Finished job 24.
12 of 201 steps (6%) done
Select jobs to execute...
Execute 1 jobs...

[Tue Feb 18 08:40:43 2025]
localrule tree_to_vcf:
    input: data/6/3/lcr.trees
    output: data/6/3/lcr.vcf
    jobid: 175
    reason: Updated input files: data/6/3/lcr.trees
    wildcards: folder=data, sim_id=6, tree_id=3
    resources: tmpdir=/tmp

[Tue Feb 18 08:40:43 2025]
Finished job 175.
13 of 201 steps (6%) done
Select jobs to execute...
Execute 1 jobs...

[Tue Feb 18 08:40:43 2025]
localrule tree_to_vcf:
    input: data/9/3/lcr.trees
    output: data/9/3/lcr.vcf
    jobid: 253
    reason: Updated input files: data/9/3/lcr.trees
    wildcards: folder=data, sim_id=9, tree_id=3
    resources: tmpdir=/tmp

[Tue Feb 18 08:40:44 2025]
Finished job 253.
14 of 201 steps (7%) done
Select jobs to execute...
Execute 1 jobs...

[Tue Feb 18 08:40:44 2025]
localrule tree_to_vcf:
    input: data/8/1/lcr.trees
    output: data/8/1/lcr.vcf
    jobid: 217
    reason: Updated input files: data/8/1/lcr.trees
    wildcards: folder=data, sim_id=8, tree_id=1
    resources: tmpdir=/tmp

[Tue Feb 18 08:40:44 2025]
Finished job 217.
15 of 201 steps (7%) done
Select jobs to execute...
Execute 1 jobs...

[Tue Feb 18 08:40:44 2025]
localrule tree_to_vcf:
    input: data/8/0/lcr.trees
    output: data/8/0/lcr.vcf
    jobid: 211
    reason: Updated input files: data/8/0/lcr.trees
    wildcards: folder=data, sim_id=8, tree_id=0
    resources: tmpdir=/tmp

[Tue Feb 18 08:40:44 2025]
Finished job 211.
16 of 201 steps (8%) done
Select jobs to execute...
Execute 1 jobs...

[Tue Feb 18 08:40:44 2025]
localrule tree_to_vcf:
    input: data/3/0/lcr.trees
    output: data/3/0/lcr.vcf
    jobid: 81
    reason: Updated input files: data/3/0/lcr.trees
    wildcards: folder=data, sim_id=3, tree_id=0
    resources: tmpdir=/tmp

[Tue Feb 18 08:40:45 2025]
Finished job 81.
17 of 201 steps (8%) done
Select jobs to execute...
Execute 1 jobs...

[Tue Feb 18 08:40:45 2025]
localrule tree_to_vcf:
    input: data/1/4/lcr.trees
    output: data/1/4/lcr.vcf
    jobid: 50
    reason: Updated input files: data/1/4/lcr.trees
    wildcards: folder=data, sim_id=1, tree_id=4
    resources: tmpdir=/tmp

[Tue Feb 18 08:40:45 2025]
Finished job 50.
18 of 201 steps (9%) done
Select jobs to execute...
Execute 1 jobs...

[Tue Feb 18 08:40:45 2025]
localrule tree_to_vcf:
    input: data/5/3/lcr.trees
    output: data/5/3/lcr.vcf
    jobid: 149
    reason: Updated input files: data/5/3/lcr.trees
    wildcards: folder=data, sim_id=5, tree_id=3
    resources: tmpdir=/tmp

[Tue Feb 18 08:40:45 2025]
Finished job 149.
19 of 201 steps (9%) done
Select jobs to execute...
Execute 1 jobs...

[Tue Feb 18 08:40:45 2025]
localrule tree_to_vcf:
    input: data/4/2/lcr.trees
    output: data/4/2/lcr.vcf
    jobid: 118
    reason: Updated input files: data/4/2/lcr.trees
    wildcards: folder=data, sim_id=4, tree_id=2
    resources: tmpdir=/tmp

[Tue Feb 18 08:40:46 2025]
Finished job 118.
20 of 201 steps (10%) done
Select jobs to execute...
Execute 1 jobs...

[Tue Feb 18 08:40:46 2025]
localrule tree_to_vcf:
    input: data/2/0/lcr.trees
    output: data/2/0/lcr.vcf
    jobid: 55
    reason: Updated input files: data/2/0/lcr.trees
    wildcards: folder=data, sim_id=2, tree_id=0
    resources: tmpdir=/tmp

[Tue Feb 18 08:40:46 2025]
Finished job 55.
21 of 201 steps (10%) done
Select jobs to execute...
Execute 1 jobs...

[Tue Feb 18 08:40:46 2025]
localrule tree_to_vcf:
    input: data/9/0/lcr.trees
    output: data/9/0/lcr.vcf
    jobid: 237
    reason: Updated input files: data/9/0/lcr.trees
    wildcards: folder=data, sim_id=9, tree_id=0
    resources: tmpdir=/tmp

[Tue Feb 18 08:40:46 2025]
Finished job 237.
22 of 201 steps (11%) done
Select jobs to execute...
Execute 1 jobs...

[Tue Feb 18 08:40:46 2025]
localrule tree_to_vcf:
    input: data/7/1/lcr.trees
    output: data/7/1/lcr.vcf
    jobid: 191
    reason: Updated input files: data/7/1/lcr.trees
    wildcards: folder=data, sim_id=7, tree_id=1
    resources: tmpdir=/tmp

[Tue Feb 18 08:40:46 2025]
Finished job 191.
23 of 201 steps (11%) done
Select jobs to execute...
Execute 1 jobs...

[Tue Feb 18 08:40:47 2025]
localrule gzip_tree_vcf:
    input: data/7/1/lcr.vcf
    output: data/7/1/lcr.vcf.gz
    jobid: 190
    reason: Missing output files: data/7/1/lcr.vcf.gz; Input files updated by another job: data/7/1/lcr.vcf
    wildcards: folder=data, sim_id=7, tree_id=1
    resources: tmpdir=/tmp

[Tue Feb 18 08:40:47 2025]
Finished job 190.
24 of 201 steps (12%) done
Select jobs to execute...
Execute 1 jobs...

[Tue Feb 18 08:40:47 2025]
localrule tree_to_vcf:
    input: data/4/3/lcr.trees
    output: data/4/3/lcr.vcf
    jobid: 123
    reason: Updated input files: data/4/3/lcr.trees
    wildcards: folder=data, sim_id=4, tree_id=3
    resources: tmpdir=/tmp

[Tue Feb 18 08:40:47 2025]
Finished job 123.
25 of 201 steps (12%) done
Select jobs to execute...
Execute 1 jobs...

[Tue Feb 18 08:40:47 2025]
localrule gzip_tree_vcf:
    input: data/4/3/lcr.vcf
    output: data/4/3/lcr.vcf.gz
    jobid: 122
    reason: Missing output files: data/4/3/lcr.vcf.gz; Input files updated by another job: data/4/3/lcr.vcf
    wildcards: folder=data, sim_id=4, tree_id=3
    resources: tmpdir=/tmp

[Tue Feb 18 08:40:47 2025]
Finished job 122.
26 of 201 steps (13%) done
Select jobs to execute...
Execute 1 jobs...

[Tue Feb 18 08:40:47 2025]
localrule tabix_tree_vcf:
    input: data/7/1/lcr.vcf.gz
    output: data/7/1/lcr.vcf.gz.tbi
    jobid: 193
    reason: Missing output files: data/7/1/lcr.vcf.gz.tbi; Input files updated by another job: data/7/1/lcr.vcf.gz
    wildcards: folder=data, sim_id=7, tree_id=1
    resources: tmpdir=/tmp

[Tue Feb 18 08:40:47 2025]
Error in rule tabix_tree_vcf:
    jobid: 193
    input: data/7/1/lcr.vcf.gz
    output: data/7/1/lcr.vcf.gz.tbi
    shell:
        
        tabix -fp vcf data/7/1/lcr.vcf.gz
        
        (one of the commands exited with non-zero exit code; note that snakemake uses bash strict mode!)

Shutting down, this might take some time.
Exiting because a job execution failed. Look above for error message
Complete log: .snakemake/log/2025-02-18T084034.403240.snakemake.log
WorkflowError:
At least one job did not complete successfully.
