host: DerLaptop
Building DAG of jobs...
Using shell: /usr/bin/bash
Provided cores: 1 (use --cores to define parallelism)
Rules claiming more threads will be scaled down.
Job stats:
job            count
-----------  -------
access_tree       50
all                1
total             51

Select jobs to execute...
Execute 1 jobs...

[Tue Feb 18 08:29:22 2025]
localrule access_tree:
    input: data/1/simulated.trees, data/1/2/init.txt
    output: data/1/2/center.tree.pkl, data/1/2/left.tree.pkl, data/1/2/right.tree.pkl, data/1/2/lcr.trees, data/1/2/intervals.tsv
    jobid: 10
    reason: Missing output files: data/1/2/intervals.tsv
    wildcards: folder=data, sim_id=1, tree_id=2
    resources: tmpdir=/tmp

[Tue Feb 18 08:29:23 2025]
Finished job 10.
1 of 51 steps (2%) done
Select jobs to execute...
Execute 1 jobs...

[Tue Feb 18 08:29:23 2025]
localrule access_tree:
    input: data/2/simulated.trees, data/2/2/init.txt
    output: data/2/2/center.tree.pkl, data/2/2/left.tree.pkl, data/2/2/right.tree.pkl, data/2/2/lcr.trees, data/2/2/intervals.tsv
    jobid: 16
    reason: Missing output files: data/2/2/intervals.tsv
    wildcards: folder=data, sim_id=2, tree_id=2
    resources: tmpdir=/tmp

[Tue Feb 18 08:29:24 2025]
Finished job 16.
2 of 51 steps (4%) done
Select jobs to execute...
Execute 1 jobs...

[Tue Feb 18 08:29:24 2025]
localrule access_tree:
    input: data/4/simulated.trees, data/4/1/init.txt
    output: data/4/1/center.tree.pkl, data/4/1/left.tree.pkl, data/4/1/right.tree.pkl, data/4/1/lcr.trees, data/4/1/intervals.tsv
    jobid: 27
    reason: Missing output files: data/4/1/intervals.tsv
    wildcards: folder=data, sim_id=4, tree_id=1
    resources: tmpdir=/tmp

[Tue Feb 18 08:29:25 2025]
Finished job 27.
3 of 51 steps (6%) done
Select jobs to execute...
Execute 1 jobs...

[Tue Feb 18 08:29:25 2025]
localrule access_tree:
    input: data/2/simulated.trees, data/2/1/init.txt
    output: data/2/1/center.tree.pkl, data/2/1/left.tree.pkl, data/2/1/right.tree.pkl, data/2/1/lcr.trees, data/2/1/intervals.tsv
    jobid: 15
    reason: Missing output files: data/2/1/intervals.tsv
    wildcards: folder=data, sim_id=2, tree_id=1
    resources: tmpdir=/tmp

[Tue Feb 18 08:29:26 2025]
Finished job 15.
4 of 51 steps (8%) done
Select jobs to execute...
Execute 1 jobs...

[Tue Feb 18 08:29:26 2025]
localrule access_tree:
    input: data/0/simulated.trees, data/0/2/init.txt
    output: data/0/2/center.tree.pkl, data/0/2/left.tree.pkl, data/0/2/right.tree.pkl, data/0/2/lcr.trees, data/0/2/intervals.tsv
    jobid: 4
    reason: Missing output files: data/0/2/intervals.tsv
    wildcards: folder=data, sim_id=0, tree_id=2
    resources: tmpdir=/tmp

[Tue Feb 18 08:29:27 2025]
Finished job 4.
5 of 51 steps (10%) done
Select jobs to execute...
Execute 1 jobs...

[Tue Feb 18 08:29:27 2025]
localrule access_tree:
    input: data/4/simulated.trees, data/4/2/init.txt
    output: data/4/2/center.tree.pkl, data/4/2/left.tree.pkl, data/4/2/right.tree.pkl, data/4/2/lcr.trees, data/4/2/intervals.tsv
    jobid: 28
    reason: Missing output files: data/4/2/intervals.tsv
    wildcards: folder=data, sim_id=4, tree_id=2
    resources: tmpdir=/tmp

[Tue Feb 18 08:29:28 2025]
Finished job 28.
6 of 51 steps (12%) done
Select jobs to execute...
Execute 1 jobs...

[Tue Feb 18 08:29:28 2025]
localrule access_tree:
    input: data/3/simulated.trees, data/3/2/init.txt
    output: data/3/2/center.tree.pkl, data/3/2/left.tree.pkl, data/3/2/right.tree.pkl, data/3/2/lcr.trees, data/3/2/intervals.tsv
    jobid: 22
    reason: Missing output files: data/3/2/intervals.tsv
    wildcards: folder=data, sim_id=3, tree_id=2
    resources: tmpdir=/tmp

[Tue Feb 18 08:29:29 2025]
Finished job 22.
7 of 51 steps (14%) done
Select jobs to execute...
Execute 1 jobs...

[Tue Feb 18 08:29:29 2025]
localrule access_tree:
    input: data/5/simulated.trees, data/5/2/init.txt
    output: data/5/2/center.tree.pkl, data/5/2/left.tree.pkl, data/5/2/right.tree.pkl, data/5/2/lcr.trees, data/5/2/intervals.tsv
    jobid: 34
    reason: Missing output files: data/5/2/intervals.tsv
    wildcards: folder=data, sim_id=5, tree_id=2
    resources: tmpdir=/tmp

[Tue Feb 18 08:29:30 2025]
Finished job 34.
8 of 51 steps (16%) done
Select jobs to execute...
Execute 1 jobs...

[Tue Feb 18 08:29:30 2025]
localrule access_tree:
    input: data/9/simulated.trees, data/9/0/init.txt
    output: data/9/0/center.tree.pkl, data/9/0/left.tree.pkl, data/9/0/right.tree.pkl, data/9/0/lcr.trees, data/9/0/intervals.tsv
    jobid: 55
    reason: Missing output files: data/9/0/intervals.tsv
    wildcards: folder=data, sim_id=9, tree_id=0
    resources: tmpdir=/tmp

[Tue Feb 18 08:29:31 2025]
Finished job 55.
9 of 51 steps (18%) done
Select jobs to execute...
Execute 1 jobs...

[Tue Feb 18 08:29:31 2025]
localrule access_tree:
    input: data/6/simulated.trees, data/6/2/init.txt
    output: data/6/2/center.tree.pkl, data/6/2/left.tree.pkl, data/6/2/right.tree.pkl, data/6/2/lcr.trees, data/6/2/intervals.tsv
    jobid: 40
    reason: Missing output files: data/6/2/intervals.tsv
    wildcards: folder=data, sim_id=6, tree_id=2
    resources: tmpdir=/tmp

[Tue Feb 18 08:29:32 2025]
Finished job 40.
10 of 51 steps (20%) done
Select jobs to execute...
Execute 1 jobs...

[Tue Feb 18 08:29:32 2025]
localrule access_tree:
    input: data/8/simulated.trees, data/8/0/init.txt
    output: data/8/0/center.tree.pkl, data/8/0/left.tree.pkl, data/8/0/right.tree.pkl, data/8/0/lcr.trees, data/8/0/intervals.tsv
    jobid: 49
    reason: Missing output files: data/8/0/intervals.tsv
    wildcards: folder=data, sim_id=8, tree_id=0
    resources: tmpdir=/tmp

[Tue Feb 18 08:29:33 2025]
Finished job 49.
11 of 51 steps (22%) done
Select jobs to execute...
Execute 1 jobs...

[Tue Feb 18 08:29:33 2025]
localrule access_tree:
    input: data/7/simulated.trees, data/7/2/init.txt
    output: data/7/2/center.tree.pkl, data/7/2/left.tree.pkl, data/7/2/right.tree.pkl, data/7/2/lcr.trees, data/7/2/intervals.tsv
    jobid: 46
    reason: Missing output files: data/7/2/intervals.tsv
    wildcards: folder=data, sim_id=7, tree_id=2
    resources: tmpdir=/tmp

[Tue Feb 18 08:29:34 2025]
Finished job 46.
12 of 51 steps (24%) done
Select jobs to execute...
Execute 1 jobs...

[Tue Feb 18 08:29:34 2025]
localrule access_tree:
    input: data/7/simulated.trees, data/7/0/init.txt
    output: data/7/0/center.tree.pkl, data/7/0/left.tree.pkl, data/7/0/right.tree.pkl, data/7/0/lcr.trees, data/7/0/intervals.tsv
    jobid: 43
    reason: Missing output files: data/7/0/intervals.tsv
    wildcards: folder=data, sim_id=7, tree_id=0
    resources: tmpdir=/tmp

[Tue Feb 18 08:29:35 2025]
Finished job 43.
13 of 51 steps (25%) done
Select jobs to execute...
Execute 1 jobs...

[Tue Feb 18 08:29:35 2025]
localrule access_tree:
    input: data/8/simulated.trees, data/8/2/init.txt
    output: data/8/2/center.tree.pkl, data/8/2/left.tree.pkl, data/8/2/right.tree.pkl, data/8/2/lcr.trees, data/8/2/intervals.tsv
    jobid: 52
    reason: Missing output files: data/8/2/intervals.tsv
    wildcards: folder=data, sim_id=8, tree_id=2
    resources: tmpdir=/tmp

[Tue Feb 18 08:29:36 2025]
Finished job 52.
14 of 51 steps (27%) done
Select jobs to execute...
Execute 1 jobs...

[Tue Feb 18 08:29:36 2025]
localrule access_tree:
    input: data/6/simulated.trees, data/6/0/init.txt
    output: data/6/0/center.tree.pkl, data/6/0/left.tree.pkl, data/6/0/right.tree.pkl, data/6/0/lcr.trees, data/6/0/intervals.tsv
    jobid: 37
    reason: Missing output files: data/6/0/intervals.tsv
    wildcards: folder=data, sim_id=6, tree_id=0
    resources: tmpdir=/tmp

[Tue Feb 18 08:29:36 2025]
Finished job 37.
15 of 51 steps (29%) done
Select jobs to execute...
Execute 1 jobs...

[Tue Feb 18 08:29:36 2025]
localrule access_tree:
    input: data/9/simulated.trees, data/9/2/init.txt
    output: data/9/2/center.tree.pkl, data/9/2/left.tree.pkl, data/9/2/right.tree.pkl, data/9/2/lcr.trees, data/9/2/intervals.tsv
    jobid: 58
    reason: Missing output files: data/9/2/intervals.tsv
    wildcards: folder=data, sim_id=9, tree_id=2
    resources: tmpdir=/tmp

[Tue Feb 18 08:29:37 2025]
Finished job 58.
16 of 51 steps (31%) done
Select jobs to execute...
Execute 1 jobs...

[Tue Feb 18 08:29:37 2025]
localrule access_tree:
    input: data/5/simulated.trees, data/5/0/init.txt
    output: data/5/0/center.tree.pkl, data/5/0/left.tree.pkl, data/5/0/right.tree.pkl, data/5/0/lcr.trees, data/5/0/intervals.tsv
    jobid: 31
    reason: Missing output files: data/5/0/intervals.tsv
    wildcards: folder=data, sim_id=5, tree_id=0
    resources: tmpdir=/tmp

[Tue Feb 18 08:29:38 2025]
Finished job 31.
17 of 51 steps (33%) done
Select jobs to execute...
Execute 1 jobs...

[Tue Feb 18 08:29:38 2025]
localrule access_tree:
    input: data/0/simulated.trees, data/0/4/init.txt
    output: data/0/4/center.tree.pkl, data/0/4/left.tree.pkl, data/0/4/right.tree.pkl, data/0/4/lcr.trees, data/0/4/intervals.tsv
    jobid: 6
    reason: Missing output files: data/0/4/intervals.tsv
    wildcards: folder=data, sim_id=0, tree_id=4
    resources: tmpdir=/tmp

[Tue Feb 18 08:29:39 2025]
Finished job 6.
18 of 51 steps (35%) done
Select jobs to execute...
Execute 1 jobs...

[Tue Feb 18 08:29:39 2025]
localrule access_tree:
    input: data/6/simulated.trees, data/6/1/init.txt
    output: data/6/1/center.tree.pkl, data/6/1/left.tree.pkl, data/6/1/right.tree.pkl, data/6/1/lcr.trees, data/6/1/intervals.tsv
    jobid: 39
    reason: Missing output files: data/6/1/intervals.tsv
    wildcards: folder=data, sim_id=6, tree_id=1
    resources: tmpdir=/tmp

[Tue Feb 18 08:29:40 2025]
Finished job 39.
19 of 51 steps (37%) done
Select jobs to execute...
Execute 1 jobs...

[Tue Feb 18 08:29:40 2025]
localrule access_tree:
    input: data/3/simulated.trees, data/3/1/init.txt
    output: data/3/1/center.tree.pkl, data/3/1/left.tree.pkl, data/3/1/right.tree.pkl, data/3/1/lcr.trees, data/3/1/intervals.tsv
    jobid: 21
    reason: Missing output files: data/3/1/intervals.tsv
    wildcards: folder=data, sim_id=3, tree_id=1
    resources: tmpdir=/tmp

[Tue Feb 18 08:29:41 2025]
Finished job 21.
20 of 51 steps (39%) done
Select jobs to execute...
Execute 1 jobs...

[Tue Feb 18 08:29:41 2025]
localrule access_tree:
    input: data/0/simulated.trees, data/0/1/init.txt
    output: data/0/1/center.tree.pkl, data/0/1/left.tree.pkl, data/0/1/right.tree.pkl, data/0/1/lcr.trees, data/0/1/intervals.tsv
    jobid: 3
    reason: Missing output files: data/0/1/intervals.tsv
    wildcards: folder=data, sim_id=0, tree_id=1
    resources: tmpdir=/tmp

[Tue Feb 18 08:29:42 2025]
Finished job 3.
21 of 51 steps (41%) done
Select jobs to execute...
Execute 1 jobs...

[Tue Feb 18 08:29:42 2025]
localrule access_tree:
    input: data/9/simulated.trees, data/9/1/init.txt
    output: data/9/1/center.tree.pkl, data/9/1/left.tree.pkl, data/9/1/right.tree.pkl, data/9/1/lcr.trees, data/9/1/intervals.tsv
    jobid: 57
    reason: Missing output files: data/9/1/intervals.tsv
    wildcards: folder=data, sim_id=9, tree_id=1
    resources: tmpdir=/tmp

[Tue Feb 18 08:29:43 2025]
Finished job 57.
22 of 51 steps (43%) done
Select jobs to execute...
Execute 1 jobs...

[Tue Feb 18 08:29:43 2025]
localrule access_tree:
    input: data/1/simulated.trees, data/1/1/init.txt
    output: data/1/1/center.tree.pkl, data/1/1/left.tree.pkl, data/1/1/right.tree.pkl, data/1/1/lcr.trees, data/1/1/intervals.tsv
    jobid: 9
    reason: Missing output files: data/1/1/intervals.tsv
    wildcards: folder=data, sim_id=1, tree_id=1
    resources: tmpdir=/tmp

[Tue Feb 18 08:29:44 2025]
Finished job 9.
23 of 51 steps (45%) done
Select jobs to execute...
Execute 1 jobs...

[Tue Feb 18 08:29:44 2025]
localrule access_tree:
    input: data/5/simulated.trees, data/5/1/init.txt
    output: data/5/1/center.tree.pkl, data/5/1/left.tree.pkl, data/5/1/right.tree.pkl, data/5/1/lcr.trees, data/5/1/intervals.tsv
    jobid: 33
    reason: Missing output files: data/5/1/intervals.tsv
    wildcards: folder=data, sim_id=5, tree_id=1
    resources: tmpdir=/tmp

[Tue Feb 18 08:29:45 2025]
Finished job 33.
24 of 51 steps (47%) done
Select jobs to execute...
Execute 1 jobs...

[Tue Feb 18 08:29:45 2025]
localrule access_tree:
    input: data/8/simulated.trees, data/8/1/init.txt
    output: data/8/1/center.tree.pkl, data/8/1/left.tree.pkl, data/8/1/right.tree.pkl, data/8/1/lcr.trees, data/8/1/intervals.tsv
    jobid: 51
    reason: Missing output files: data/8/1/intervals.tsv
    wildcards: folder=data, sim_id=8, tree_id=1
    resources: tmpdir=/tmp

[Tue Feb 18 08:29:46 2025]
Finished job 51.
25 of 51 steps (49%) done
Select jobs to execute...
Execute 1 jobs...

[Tue Feb 18 08:29:46 2025]
localrule access_tree:
    input: data/9/simulated.trees, data/9/3/init.txt
    output: data/9/3/center.tree.pkl, data/9/3/left.tree.pkl, data/9/3/right.tree.pkl, data/9/3/lcr.trees, data/9/3/intervals.tsv
    jobid: 59
    reason: Missing output files: data/9/3/intervals.tsv
    wildcards: folder=data, sim_id=9, tree_id=3
    resources: tmpdir=/tmp

[Tue Feb 18 08:29:47 2025]
Finished job 59.
26 of 51 steps (51%) done
Select jobs to execute...
Execute 1 jobs...

[Tue Feb 18 08:29:47 2025]
localrule access_tree:
    input: data/4/simulated.trees, data/4/3/init.txt
    output: data/4/3/center.tree.pkl, data/4/3/left.tree.pkl, data/4/3/right.tree.pkl, data/4/3/lcr.trees, data/4/3/intervals.tsv
    jobid: 29
    reason: Missing output files: data/4/3/intervals.tsv
    wildcards: folder=data, sim_id=4, tree_id=3
    resources: tmpdir=/tmp

[Tue Feb 18 08:29:48 2025]
Finished job 29.
27 of 51 steps (53%) done
Select jobs to execute...
Execute 1 jobs...

[Tue Feb 18 08:29:48 2025]
localrule access_tree:
    input: data/0/simulated.trees, data/0/3/init.txt
    output: data/0/3/center.tree.pkl, data/0/3/left.tree.pkl, data/0/3/right.tree.pkl, data/0/3/lcr.trees, data/0/3/intervals.tsv
    jobid: 5
    reason: Missing output files: data/0/3/intervals.tsv
    wildcards: folder=data, sim_id=0, tree_id=3
    resources: tmpdir=/tmp

[Tue Feb 18 08:29:49 2025]
Finished job 5.
28 of 51 steps (55%) done
Select jobs to execute...
Execute 1 jobs...

[Tue Feb 18 08:29:49 2025]
localrule access_tree:
    input: data/1/simulated.trees, data/1/3/init.txt
    output: data/1/3/center.tree.pkl, data/1/3/left.tree.pkl, data/1/3/right.tree.pkl, data/1/3/lcr.trees, data/1/3/intervals.tsv
    jobid: 11
    reason: Missing output files: data/1/3/intervals.tsv
    wildcards: folder=data, sim_id=1, tree_id=3
    resources: tmpdir=/tmp

[Tue Feb 18 08:29:50 2025]
Finished job 11.
29 of 51 steps (57%) done
Select jobs to execute...
Execute 1 jobs...

[Tue Feb 18 08:29:50 2025]
localrule access_tree:
    input: data/2/simulated.trees, data/2/3/init.txt
    output: data/2/3/center.tree.pkl, data/2/3/left.tree.pkl, data/2/3/right.tree.pkl, data/2/3/lcr.trees, data/2/3/intervals.tsv
    jobid: 17
    reason: Missing output files: data/2/3/intervals.tsv
    wildcards: folder=data, sim_id=2, tree_id=3
    resources: tmpdir=/tmp

[Tue Feb 18 08:29:51 2025]
Finished job 17.
30 of 51 steps (59%) done
Select jobs to execute...
Execute 1 jobs...

[Tue Feb 18 08:29:51 2025]
localrule access_tree:
    input: data/3/simulated.trees, data/3/3/init.txt
    output: data/3/3/center.tree.pkl, data/3/3/left.tree.pkl, data/3/3/right.tree.pkl, data/3/3/lcr.trees, data/3/3/intervals.tsv
    jobid: 23
    reason: Missing output files: data/3/3/intervals.tsv
    wildcards: folder=data, sim_id=3, tree_id=3
    resources: tmpdir=/tmp

[Tue Feb 18 08:29:51 2025]
Finished job 23.
31 of 51 steps (61%) done
Select jobs to execute...
Execute 1 jobs...

[Tue Feb 18 08:29:51 2025]
localrule access_tree:
    input: data/7/simulated.trees, data/7/3/init.txt
    output: data/7/3/center.tree.pkl, data/7/3/left.tree.pkl, data/7/3/right.tree.pkl, data/7/3/lcr.trees, data/7/3/intervals.tsv
    jobid: 47
    reason: Missing output files: data/7/3/intervals.tsv
    wildcards: folder=data, sim_id=7, tree_id=3
    resources: tmpdir=/tmp

[Tue Feb 18 08:29:52 2025]
Finished job 47.
32 of 51 steps (63%) done
Select jobs to execute...
Execute 1 jobs...

[Tue Feb 18 08:29:52 2025]
localrule access_tree:
    input: data/5/simulated.trees, data/5/3/init.txt
    output: data/5/3/center.tree.pkl, data/5/3/left.tree.pkl, data/5/3/right.tree.pkl, data/5/3/lcr.trees, data/5/3/intervals.tsv
    jobid: 35
    reason: Missing output files: data/5/3/intervals.tsv
    wildcards: folder=data, sim_id=5, tree_id=3
    resources: tmpdir=/tmp

[Tue Feb 18 08:29:53 2025]
Finished job 35.
33 of 51 steps (65%) done
Select jobs to execute...
Execute 1 jobs...

[Tue Feb 18 08:29:53 2025]
localrule access_tree:
    input: data/6/simulated.trees, data/6/3/init.txt
    output: data/6/3/center.tree.pkl, data/6/3/left.tree.pkl, data/6/3/right.tree.pkl, data/6/3/lcr.trees, data/6/3/intervals.tsv
    jobid: 41
    reason: Missing output files: data/6/3/intervals.tsv
    wildcards: folder=data, sim_id=6, tree_id=3
    resources: tmpdir=/tmp

[Tue Feb 18 08:29:54 2025]
Finished job 41.
34 of 51 steps (67%) done
Select jobs to execute...
Execute 1 jobs...

[Tue Feb 18 08:29:54 2025]
localrule access_tree:
    input: data/3/simulated.trees, data/3/0/init.txt
    output: data/3/0/center.tree.pkl, data/3/0/left.tree.pkl, data/3/0/right.tree.pkl, data/3/0/lcr.trees, data/3/0/intervals.tsv
    jobid: 19
    reason: Missing output files: data/3/0/intervals.tsv
    wildcards: folder=data, sim_id=3, tree_id=0
    resources: tmpdir=/tmp

[Tue Feb 18 08:29:55 2025]
Finished job 19.
35 of 51 steps (69%) done
Select jobs to execute...
Execute 1 jobs...

[Tue Feb 18 08:29:55 2025]
localrule access_tree:
    input: data/5/simulated.trees, data/5/4/init.txt
    output: data/5/4/center.tree.pkl, data/5/4/left.tree.pkl, data/5/4/right.tree.pkl, data/5/4/lcr.trees, data/5/4/intervals.tsv
    jobid: 36
    reason: Missing output files: data/5/4/intervals.tsv
    wildcards: folder=data, sim_id=5, tree_id=4
    resources: tmpdir=/tmp

[Tue Feb 18 08:29:56 2025]
Finished job 36.
36 of 51 steps (71%) done
Select jobs to execute...
Execute 1 jobs...

[Tue Feb 18 08:29:56 2025]
localrule access_tree:
    input: data/6/simulated.trees, data/6/4/init.txt
    output: data/6/4/center.tree.pkl, data/6/4/left.tree.pkl, data/6/4/right.tree.pkl, data/6/4/lcr.trees, data/6/4/intervals.tsv
    jobid: 42
    reason: Missing output files: data/6/4/intervals.tsv
    wildcards: folder=data, sim_id=6, tree_id=4
    resources: tmpdir=/tmp

[Tue Feb 18 08:29:57 2025]
Finished job 42.
37 of 51 steps (73%) done
Select jobs to execute...
Execute 1 jobs...

[Tue Feb 18 08:29:57 2025]
localrule access_tree:
    input: data/7/simulated.trees, data/7/4/init.txt
    output: data/7/4/center.tree.pkl, data/7/4/left.tree.pkl, data/7/4/right.tree.pkl, data/7/4/lcr.trees, data/7/4/intervals.tsv
    jobid: 48
    reason: Missing output files: data/7/4/intervals.tsv
    wildcards: folder=data, sim_id=7, tree_id=4
    resources: tmpdir=/tmp

[Tue Feb 18 08:29:58 2025]
Finished job 48.
38 of 51 steps (75%) done
Select jobs to execute...
Execute 1 jobs...

[Tue Feb 18 08:29:58 2025]
localrule access_tree:
    input: data/8/simulated.trees, data/8/4/init.txt
    output: data/8/4/center.tree.pkl, data/8/4/left.tree.pkl, data/8/4/right.tree.pkl, data/8/4/lcr.trees, data/8/4/intervals.tsv
    jobid: 54
    reason: Missing output files: data/8/4/intervals.tsv
    wildcards: folder=data, sim_id=8, tree_id=4
    resources: tmpdir=/tmp

[Tue Feb 18 08:29:59 2025]
Finished job 54.
39 of 51 steps (76%) done
Select jobs to execute...
Execute 1 jobs...

[Tue Feb 18 08:29:59 2025]
localrule access_tree:
    input: data/9/simulated.trees, data/9/4/init.txt
    output: data/9/4/center.tree.pkl, data/9/4/left.tree.pkl, data/9/4/right.tree.pkl, data/9/4/lcr.trees, data/9/4/intervals.tsv
    jobid: 60
    reason: Missing output files: data/9/4/intervals.tsv
    wildcards: folder=data, sim_id=9, tree_id=4
    resources: tmpdir=/tmp

[Tue Feb 18 08:30:00 2025]
Finished job 60.
40 of 51 steps (78%) done
Select jobs to execute...
Execute 1 jobs...

[Tue Feb 18 08:30:00 2025]
localrule access_tree:
    input: data/1/simulated.trees, data/1/0/init.txt
    output: data/1/0/center.tree.pkl, data/1/0/left.tree.pkl, data/1/0/right.tree.pkl, data/1/0/lcr.trees, data/1/0/intervals.tsv
    jobid: 7
    reason: Missing output files: data/1/0/intervals.tsv
    wildcards: folder=data, sim_id=1, tree_id=0
    resources: tmpdir=/tmp

[Tue Feb 18 08:30:01 2025]
Finished job 7.
41 of 51 steps (80%) done
Select jobs to execute...
Execute 1 jobs...

[Tue Feb 18 08:30:01 2025]
localrule access_tree:
    input: data/2/simulated.trees, data/2/0/init.txt
    output: data/2/0/center.tree.pkl, data/2/0/left.tree.pkl, data/2/0/right.tree.pkl, data/2/0/lcr.trees, data/2/0/intervals.tsv
    jobid: 13
    reason: Missing output files: data/2/0/intervals.tsv
    wildcards: folder=data, sim_id=2, tree_id=0
    resources: tmpdir=/tmp

[Tue Feb 18 08:30:02 2025]
Finished job 13.
42 of 51 steps (82%) done
Select jobs to execute...
Execute 1 jobs...

[Tue Feb 18 08:30:02 2025]
localrule access_tree:
    input: data/0/simulated.trees, data/0/0/init.txt
    output: data/0/0/center.tree.pkl, data/0/0/left.tree.pkl, data/0/0/right.tree.pkl, data/0/0/lcr.trees, data/0/0/intervals.tsv
    jobid: 1
    reason: Missing output files: data/0/0/intervals.tsv
    wildcards: folder=data, sim_id=0, tree_id=0
    resources: tmpdir=/tmp

[Tue Feb 18 08:30:03 2025]
Finished job 1.
43 of 51 steps (84%) done
Select jobs to execute...
Execute 1 jobs...

[Tue Feb 18 08:30:03 2025]
localrule access_tree:
    input: data/4/simulated.trees, data/4/0/init.txt
    output: data/4/0/center.tree.pkl, data/4/0/left.tree.pkl, data/4/0/right.tree.pkl, data/4/0/lcr.trees, data/4/0/intervals.tsv
    jobid: 25
    reason: Missing output files: data/4/0/intervals.tsv
    wildcards: folder=data, sim_id=4, tree_id=0
    resources: tmpdir=/tmp

[Tue Feb 18 08:30:04 2025]
Finished job 25.
44 of 51 steps (86%) done
Select jobs to execute...
Execute 1 jobs...

[Tue Feb 18 08:30:04 2025]
localrule access_tree:
    input: data/4/simulated.trees, data/4/4/init.txt
    output: data/4/4/center.tree.pkl, data/4/4/left.tree.pkl, data/4/4/right.tree.pkl, data/4/4/lcr.trees, data/4/4/intervals.tsv
    jobid: 30
    reason: Missing output files: data/4/4/intervals.tsv
    wildcards: folder=data, sim_id=4, tree_id=4
    resources: tmpdir=/tmp

[Tue Feb 18 08:30:05 2025]
Finished job 30.
45 of 51 steps (88%) done
Select jobs to execute...
Execute 1 jobs...

[Tue Feb 18 08:30:05 2025]
localrule access_tree:
    input: data/3/simulated.trees, data/3/4/init.txt
    output: data/3/4/center.tree.pkl, data/3/4/left.tree.pkl, data/3/4/right.tree.pkl, data/3/4/lcr.trees, data/3/4/intervals.tsv
    jobid: 24
    reason: Missing output files: data/3/4/intervals.tsv
    wildcards: folder=data, sim_id=3, tree_id=4
    resources: tmpdir=/tmp

[Tue Feb 18 08:30:05 2025]
Finished job 24.
46 of 51 steps (90%) done
Select jobs to execute...
Execute 1 jobs...

[Tue Feb 18 08:30:05 2025]
localrule access_tree:
    input: data/8/simulated.trees, data/8/3/init.txt
    output: data/8/3/center.tree.pkl, data/8/3/left.tree.pkl, data/8/3/right.tree.pkl, data/8/3/lcr.trees, data/8/3/intervals.tsv
    jobid: 53
    reason: Missing output files: data/8/3/intervals.tsv
    wildcards: folder=data, sim_id=8, tree_id=3
    resources: tmpdir=/tmp

[Tue Feb 18 08:30:06 2025]
Finished job 53.
47 of 51 steps (92%) done
Select jobs to execute...
Execute 1 jobs...

[Tue Feb 18 08:30:06 2025]
localrule access_tree:
    input: data/1/simulated.trees, data/1/4/init.txt
    output: data/1/4/center.tree.pkl, data/1/4/left.tree.pkl, data/1/4/right.tree.pkl, data/1/4/lcr.trees, data/1/4/intervals.tsv
    jobid: 12
    reason: Missing output files: data/1/4/intervals.tsv
    wildcards: folder=data, sim_id=1, tree_id=4
    resources: tmpdir=/tmp

[Tue Feb 18 08:30:07 2025]
Finished job 12.
48 of 51 steps (94%) done
Select jobs to execute...
Execute 1 jobs...

[Tue Feb 18 08:30:07 2025]
localrule access_tree:
    input: data/7/simulated.trees, data/7/1/init.txt
    output: data/7/1/center.tree.pkl, data/7/1/left.tree.pkl, data/7/1/right.tree.pkl, data/7/1/lcr.trees, data/7/1/intervals.tsv
    jobid: 45
    reason: Missing output files: data/7/1/intervals.tsv
    wildcards: folder=data, sim_id=7, tree_id=1
    resources: tmpdir=/tmp

[Tue Feb 18 08:30:09 2025]
Finished job 45.
49 of 51 steps (96%) done
Select jobs to execute...
Execute 1 jobs...

[Tue Feb 18 08:30:09 2025]
localrule access_tree:
    input: data/2/simulated.trees, data/2/4/init.txt
    output: data/2/4/center.tree.pkl, data/2/4/left.tree.pkl, data/2/4/right.tree.pkl, data/2/4/lcr.trees, data/2/4/intervals.tsv
    jobid: 18
    reason: Missing output files: data/2/4/intervals.tsv
    wildcards: folder=data, sim_id=2, tree_id=4
    resources: tmpdir=/tmp

[Tue Feb 18 08:30:09 2025]
Finished job 18.
50 of 51 steps (98%) done
Select jobs to execute...
Execute 1 jobs...

[Tue Feb 18 08:30:10 2025]
localrule all:
    input: data/0/0/intervals.tsv, data/0/1/intervals.tsv, data/0/2/intervals.tsv, data/0/3/intervals.tsv, data/0/4/intervals.tsv, data/1/0/intervals.tsv, data/1/1/intervals.tsv, data/1/2/intervals.tsv, data/1/3/intervals.tsv, data/1/4/intervals.tsv, data/2/0/intervals.tsv, data/2/1/intervals.tsv, data/2/2/intervals.tsv, data/2/3/intervals.tsv, data/2/4/intervals.tsv, data/3/0/intervals.tsv, data/3/1/intervals.tsv, data/3/2/intervals.tsv, data/3/3/intervals.tsv, data/3/4/intervals.tsv, data/4/0/intervals.tsv, data/4/1/intervals.tsv, data/4/2/intervals.tsv, data/4/3/intervals.tsv, data/4/4/intervals.tsv, data/5/0/intervals.tsv, data/5/1/intervals.tsv, data/5/2/intervals.tsv, data/5/3/intervals.tsv, data/5/4/intervals.tsv, data/6/0/intervals.tsv, data/6/1/intervals.tsv, data/6/2/intervals.tsv, data/6/3/intervals.tsv, data/6/4/intervals.tsv, data/7/0/intervals.tsv, data/7/1/intervals.tsv, data/7/2/intervals.tsv, data/7/3/intervals.tsv, data/7/4/intervals.tsv, data/8/0/intervals.tsv, data/8/1/intervals.tsv, data/8/2/intervals.tsv, data/8/3/intervals.tsv, data/8/4/intervals.tsv, data/9/0/intervals.tsv, data/9/1/intervals.tsv, data/9/2/intervals.tsv, data/9/3/intervals.tsv, data/9/4/intervals.tsv
    output: data/reproduce.yaml
    jobid: 0
    reason: Missing output files: data/reproduce.yaml; Input files updated by another job: data/2/1/intervals.tsv, data/9/3/intervals.tsv, data/6/3/intervals.tsv, data/9/1/intervals.tsv, data/8/2/intervals.tsv, data/0/3/intervals.tsv, data/8/1/intervals.tsv, data/1/2/intervals.tsv, data/2/3/intervals.tsv, data/6/1/intervals.tsv, data/7/3/intervals.tsv, data/7/1/intervals.tsv, data/4/4/intervals.tsv, data/2/4/intervals.tsv, data/5/3/intervals.tsv, data/3/4/intervals.tsv, data/7/4/intervals.tsv, data/9/4/intervals.tsv, data/4/3/intervals.tsv, data/5/4/intervals.tsv, data/1/1/intervals.tsv, data/0/4/intervals.tsv, data/3/0/intervals.tsv, data/4/0/intervals.tsv, data/3/2/intervals.tsv, data/8/3/intervals.tsv, data/7/2/intervals.tsv, data/0/1/intervals.tsv, data/0/0/intervals.tsv, data/2/2/intervals.tsv, data/1/4/intervals.tsv, data/5/0/intervals.tsv, data/4/1/intervals.tsv, data/8/4/intervals.tsv, data/7/0/intervals.tsv, data/5/1/intervals.tsv, data/6/0/intervals.tsv, data/6/4/intervals.tsv, data/0/2/intervals.tsv, data/5/2/intervals.tsv, data/1/0/intervals.tsv, data/3/3/intervals.tsv, data/8/0/intervals.tsv, data/9/0/intervals.tsv, data/6/2/intervals.tsv, data/3/1/intervals.tsv, data/1/3/intervals.tsv, data/4/2/intervals.tsv, data/9/2/intervals.tsv, data/2/0/intervals.tsv
    resources: tmpdir=/tmp

[Tue Feb 18 08:30:11 2025]
Finished job 0.
51 of 51 steps (100%) done
Complete log: .snakemake/log/2025-02-18T082919.886175.snakemake.log
