host: DerLaptop
Building DAG of jobs...
Using shell: /usr/bin/bash
Provided cores: 1 (use --cores to define parallelism)
Rules claiming more threads will be scaled down.
Job stats:
job                       count
----------------------  -------
access_tree                  50
all                           1
simulate_tree_sequence       10
total                        61

Select jobs to execute...
Execute 1 jobs...

[Tue Feb 18 08:05:56 2025]
localrule simulate_tree_sequence:
    input: data/6/parameters.tsv
    output: data/6/simulated.trees
    jobid: 38
    reason: Missing output files: data/6/simulated.trees
    wildcards: folder=data, sim_id=6
    resources: tmpdir=/tmp

[Tue Feb 18 08:05:57 2025]
Finished job 38.
1 of 61 steps (2%) done
Select jobs to execute...
Execute 1 jobs...

[Tue Feb 18 08:05:57 2025]
localrule simulate_tree_sequence:
    input: data/7/parameters.tsv
    output: data/7/simulated.trees
    jobid: 44
    reason: Missing output files: data/7/simulated.trees
    wildcards: folder=data, sim_id=7
    resources: tmpdir=/tmp

[Tue Feb 18 08:05:57 2025]
Finished job 44.
2 of 61 steps (3%) done
Select jobs to execute...
Execute 1 jobs...

[Tue Feb 18 08:05:57 2025]
localrule access_tree:
    input: data/6/simulated.trees, data/6/1/init.txt
    output: data/6/1/center.tree.pkl, data/6/1/left.tree.pkl, data/6/1/right.tree.pkl
    jobid: 39
    reason: Missing output files: data/6/1/center.tree.pkl; Input files updated by another job: data/6/simulated.trees
    wildcards: folder=data, sim_id=6, tree_id=1
    resources: tmpdir=/tmp

[Tue Feb 18 08:05:58 2025]
Finished job 39.
3 of 61 steps (5%) done
Select jobs to execute...
Execute 1 jobs...

[Tue Feb 18 08:05:58 2025]
localrule access_tree:
    input: data/7/simulated.trees, data/7/2/init.txt
    output: data/7/2/center.tree.pkl, data/7/2/left.tree.pkl, data/7/2/right.tree.pkl
    jobid: 46
    reason: Missing output files: data/7/2/center.tree.pkl; Input files updated by another job: data/7/simulated.trees
    wildcards: folder=data, sim_id=7, tree_id=2
    resources: tmpdir=/tmp

[Tue Feb 18 08:05:59 2025]
Finished job 46.
4 of 61 steps (7%) done
Select jobs to execute...
Execute 1 jobs...

[Tue Feb 18 08:05:59 2025]
localrule simulate_tree_sequence:
    input: data/5/parameters.tsv
    output: data/5/simulated.trees
    jobid: 32
    reason: Missing output files: data/5/simulated.trees
    wildcards: folder=data, sim_id=5
    resources: tmpdir=/tmp

[Tue Feb 18 08:05:59 2025]
Finished job 32.
5 of 61 steps (8%) done
Select jobs to execute...
Execute 1 jobs...

[Tue Feb 18 08:05:59 2025]
localrule simulate_tree_sequence:
    input: data/8/parameters.tsv
    output: data/8/simulated.trees
    jobid: 50
    reason: Missing output files: data/8/simulated.trees
    wildcards: folder=data, sim_id=8
    resources: tmpdir=/tmp

[Tue Feb 18 08:06:00 2025]
Finished job 50.
6 of 61 steps (10%) done
Select jobs to execute...
Execute 1 jobs...

[Tue Feb 18 08:06:00 2025]
localrule access_tree:
    input: data/7/simulated.trees, data/7/1/init.txt
    output: data/7/1/center.tree.pkl, data/7/1/left.tree.pkl, data/7/1/right.tree.pkl
    jobid: 45
    reason: Missing output files: data/7/1/center.tree.pkl; Input files updated by another job: data/7/simulated.trees
    wildcards: folder=data, sim_id=7, tree_id=1
    resources: tmpdir=/tmp

[Tue Feb 18 08:06:01 2025]
Finished job 45.
7 of 61 steps (11%) done
Select jobs to execute...
Execute 1 jobs...

[Tue Feb 18 08:06:01 2025]
localrule access_tree:
    input: data/5/simulated.trees, data/5/0/init.txt
    output: data/5/0/center.tree.pkl, data/5/0/left.tree.pkl, data/5/0/right.tree.pkl
    jobid: 31
    reason: Missing output files: data/5/0/center.tree.pkl; Input files updated by another job: data/5/simulated.trees
    wildcards: folder=data, sim_id=5, tree_id=0
    resources: tmpdir=/tmp

[Tue Feb 18 08:06:01 2025]
Finished job 31.
8 of 61 steps (13%) done
Select jobs to execute...
Execute 1 jobs...

[Tue Feb 18 08:06:01 2025]
localrule access_tree:
    input: data/8/simulated.trees, data/8/3/init.txt
    output: data/8/3/center.tree.pkl, data/8/3/left.tree.pkl, data/8/3/right.tree.pkl
    jobid: 53
    reason: Missing output files: data/8/3/center.tree.pkl; Input files updated by another job: data/8/simulated.trees
    wildcards: folder=data, sim_id=8, tree_id=3
    resources: tmpdir=/tmp

[Tue Feb 18 08:06:02 2025]
Finished job 53.
9 of 61 steps (15%) done
Select jobs to execute...
Execute 1 jobs...

[Tue Feb 18 08:06:02 2025]
localrule access_tree:
    input: data/5/simulated.trees, data/5/3/init.txt
    output: data/5/3/center.tree.pkl, data/5/3/left.tree.pkl, data/5/3/right.tree.pkl
    jobid: 35
    reason: Missing output files: data/5/3/center.tree.pkl; Input files updated by another job: data/5/simulated.trees
    wildcards: folder=data, sim_id=5, tree_id=3
    resources: tmpdir=/tmp

[Tue Feb 18 08:06:03 2025]
Finished job 35.
10 of 61 steps (16%) done
Select jobs to execute...
Execute 1 jobs...

[Tue Feb 18 08:06:03 2025]
localrule access_tree:
    input: data/8/simulated.trees, data/8/0/init.txt
    output: data/8/0/center.tree.pkl, data/8/0/left.tree.pkl, data/8/0/right.tree.pkl
    jobid: 49
    reason: Missing output files: data/8/0/center.tree.pkl; Input files updated by another job: data/8/simulated.trees
    wildcards: folder=data, sim_id=8, tree_id=0
    resources: tmpdir=/tmp

[Tue Feb 18 08:06:04 2025]
Finished job 49.
11 of 61 steps (18%) done
Select jobs to execute...
Execute 1 jobs...

[Tue Feb 18 08:06:04 2025]
localrule access_tree:
    input: data/7/simulated.trees, data/7/4/init.txt
    output: data/7/4/center.tree.pkl, data/7/4/left.tree.pkl, data/7/4/right.tree.pkl
    jobid: 48
    reason: Missing output files: data/7/4/center.tree.pkl; Input files updated by another job: data/7/simulated.trees
    wildcards: folder=data, sim_id=7, tree_id=4
    resources: tmpdir=/tmp

[Tue Feb 18 08:06:04 2025]
Finished job 48.
12 of 61 steps (20%) done
Select jobs to execute...
Execute 1 jobs...

[Tue Feb 18 08:06:04 2025]
localrule simulate_tree_sequence:
    input: data/1/parameters.tsv
    output: data/1/simulated.trees
    jobid: 8
    reason: Missing output files: data/1/simulated.trees
    wildcards: folder=data, sim_id=1
    resources: tmpdir=/tmp

[Tue Feb 18 08:06:05 2025]
Finished job 8.
13 of 61 steps (21%) done
Select jobs to execute...
Execute 1 jobs...

[Tue Feb 18 08:06:05 2025]
localrule access_tree:
    input: data/1/simulated.trees, data/1/1/init.txt
    output: data/1/1/center.tree.pkl, data/1/1/left.tree.pkl, data/1/1/right.tree.pkl
    jobid: 9
    reason: Missing output files: data/1/1/center.tree.pkl; Input files updated by another job: data/1/simulated.trees
    wildcards: folder=data, sim_id=1, tree_id=1
    resources: tmpdir=/tmp

[Tue Feb 18 08:06:05 2025]
Finished job 9.
14 of 61 steps (23%) done
Select jobs to execute...
Execute 1 jobs...

[Tue Feb 18 08:06:05 2025]
localrule access_tree:
    input: data/1/simulated.trees, data/1/2/init.txt
    output: data/1/2/center.tree.pkl, data/1/2/left.tree.pkl, data/1/2/right.tree.pkl
    jobid: 10
    reason: Missing output files: data/1/2/center.tree.pkl; Input files updated by another job: data/1/simulated.trees
    wildcards: folder=data, sim_id=1, tree_id=2
    resources: tmpdir=/tmp

[Tue Feb 18 08:06:06 2025]
Finished job 10.
15 of 61 steps (25%) done
Select jobs to execute...
Execute 1 jobs...

[Tue Feb 18 08:06:06 2025]
localrule access_tree:
    input: data/6/simulated.trees, data/6/4/init.txt
    output: data/6/4/center.tree.pkl, data/6/4/left.tree.pkl, data/6/4/right.tree.pkl
    jobid: 42
    reason: Missing output files: data/6/4/center.tree.pkl; Input files updated by another job: data/6/simulated.trees
    wildcards: folder=data, sim_id=6, tree_id=4
    resources: tmpdir=/tmp

[Tue Feb 18 08:06:07 2025]
Finished job 42.
16 of 61 steps (26%) done
Select jobs to execute...
Execute 1 jobs...

[Tue Feb 18 08:06:07 2025]
localrule access_tree:
    input: data/1/simulated.trees, data/1/4/init.txt
    output: data/1/4/center.tree.pkl, data/1/4/left.tree.pkl, data/1/4/right.tree.pkl
    jobid: 12
    reason: Missing output files: data/1/4/center.tree.pkl; Input files updated by another job: data/1/simulated.trees
    wildcards: folder=data, sim_id=1, tree_id=4
    resources: tmpdir=/tmp

[Tue Feb 18 08:06:08 2025]
Finished job 12.
17 of 61 steps (28%) done
Select jobs to execute...
Execute 1 jobs...

[Tue Feb 18 08:06:08 2025]
localrule access_tree:
    input: data/8/simulated.trees, data/8/4/init.txt
    output: data/8/4/center.tree.pkl, data/8/4/left.tree.pkl, data/8/4/right.tree.pkl
    jobid: 54
    reason: Missing output files: data/8/4/center.tree.pkl; Input files updated by another job: data/8/simulated.trees
    wildcards: folder=data, sim_id=8, tree_id=4
    resources: tmpdir=/tmp

[Tue Feb 18 08:06:08 2025]
Finished job 54.
18 of 61 steps (30%) done
Select jobs to execute...
Execute 1 jobs...

[Tue Feb 18 08:06:08 2025]
localrule access_tree:
    input: data/6/simulated.trees, data/6/3/init.txt
    output: data/6/3/center.tree.pkl, data/6/3/left.tree.pkl, data/6/3/right.tree.pkl
    jobid: 41
    reason: Missing output files: data/6/3/center.tree.pkl; Input files updated by another job: data/6/simulated.trees
    wildcards: folder=data, sim_id=6, tree_id=3
    resources: tmpdir=/tmp

[Tue Feb 18 08:06:09 2025]
Finished job 41.
19 of 61 steps (31%) done
Select jobs to execute...
Execute 1 jobs...

[Tue Feb 18 08:06:09 2025]
localrule access_tree:
    input: data/1/simulated.trees, data/1/3/init.txt
    output: data/1/3/center.tree.pkl, data/1/3/left.tree.pkl, data/1/3/right.tree.pkl
    jobid: 11
    reason: Missing output files: data/1/3/center.tree.pkl; Input files updated by another job: data/1/simulated.trees
    wildcards: folder=data, sim_id=1, tree_id=3
    resources: tmpdir=/tmp

[Tue Feb 18 08:06:10 2025]
Finished job 11.
20 of 61 steps (33%) done
Select jobs to execute...
Execute 1 jobs...

[Tue Feb 18 08:06:10 2025]
localrule access_tree:
    input: data/1/simulated.trees, data/1/0/init.txt
    output: data/1/0/center.tree.pkl, data/1/0/left.tree.pkl, data/1/0/right.tree.pkl
    jobid: 7
    reason: Missing output files: data/1/0/center.tree.pkl; Input files updated by another job: data/1/simulated.trees
    wildcards: folder=data, sim_id=1, tree_id=0
    resources: tmpdir=/tmp

[Tue Feb 18 08:06:11 2025]
Finished job 7.
21 of 61 steps (34%) done
Select jobs to execute...
Execute 1 jobs...

[Tue Feb 18 08:06:11 2025]
localrule access_tree:
    input: data/8/simulated.trees, data/8/2/init.txt
    output: data/8/2/center.tree.pkl, data/8/2/left.tree.pkl, data/8/2/right.tree.pkl
    jobid: 52
    reason: Missing output files: data/8/2/center.tree.pkl; Input files updated by another job: data/8/simulated.trees
    wildcards: folder=data, sim_id=8, tree_id=2
    resources: tmpdir=/tmp

[Tue Feb 18 08:06:11 2025]
Finished job 52.
22 of 61 steps (36%) done
Select jobs to execute...
Execute 1 jobs...

[Tue Feb 18 08:06:11 2025]
localrule simulate_tree_sequence:
    input: data/3/parameters.tsv
    output: data/3/simulated.trees
    jobid: 20
    reason: Missing output files: data/3/simulated.trees
    wildcards: folder=data, sim_id=3
    resources: tmpdir=/tmp

[Tue Feb 18 08:06:12 2025]
Finished job 20.
23 of 61 steps (38%) done
Select jobs to execute...
Execute 1 jobs...

[Tue Feb 18 08:06:12 2025]
localrule access_tree:
    input: data/3/simulated.trees, data/3/4/init.txt
    output: data/3/4/center.tree.pkl, data/3/4/left.tree.pkl, data/3/4/right.tree.pkl
    jobid: 24
    reason: Missing output files: data/3/4/center.tree.pkl; Input files updated by another job: data/3/simulated.trees
    wildcards: folder=data, sim_id=3, tree_id=4
    resources: tmpdir=/tmp

[Tue Feb 18 08:06:13 2025]
Finished job 24.
24 of 61 steps (39%) done
Select jobs to execute...
Execute 1 jobs...

[Tue Feb 18 08:06:13 2025]
localrule access_tree:
    input: data/3/simulated.trees, data/3/1/init.txt
    output: data/3/1/center.tree.pkl, data/3/1/left.tree.pkl, data/3/1/right.tree.pkl
    jobid: 21
    reason: Missing output files: data/3/1/center.tree.pkl; Input files updated by another job: data/3/simulated.trees
    wildcards: folder=data, sim_id=3, tree_id=1
    resources: tmpdir=/tmp

[Tue Feb 18 08:06:13 2025]
Finished job 21.
25 of 61 steps (41%) done
Select jobs to execute...
Execute 1 jobs...

[Tue Feb 18 08:06:13 2025]
localrule access_tree:
    input: data/3/simulated.trees, data/3/2/init.txt
    output: data/3/2/center.tree.pkl, data/3/2/left.tree.pkl, data/3/2/right.tree.pkl
    jobid: 22
    reason: Missing output files: data/3/2/center.tree.pkl; Input files updated by another job: data/3/simulated.trees
    wildcards: folder=data, sim_id=3, tree_id=2
    resources: tmpdir=/tmp

[Tue Feb 18 08:06:14 2025]
Finished job 22.
26 of 61 steps (43%) done
Select jobs to execute...
Execute 1 jobs...

[Tue Feb 18 08:06:14 2025]
localrule access_tree:
    input: data/3/simulated.trees, data/3/3/init.txt
    output: data/3/3/center.tree.pkl, data/3/3/left.tree.pkl, data/3/3/right.tree.pkl
    jobid: 23
    reason: Missing output files: data/3/3/center.tree.pkl; Input files updated by another job: data/3/simulated.trees
    wildcards: folder=data, sim_id=3, tree_id=3
    resources: tmpdir=/tmp

[Tue Feb 18 08:06:15 2025]
Finished job 23.
27 of 61 steps (44%) done
Select jobs to execute...
Execute 1 jobs...

[Tue Feb 18 08:06:15 2025]
localrule access_tree:
    input: data/3/simulated.trees, data/3/0/init.txt
    output: data/3/0/center.tree.pkl, data/3/0/left.tree.pkl, data/3/0/right.tree.pkl
    jobid: 19
    reason: Missing output files: data/3/0/center.tree.pkl; Input files updated by another job: data/3/simulated.trees
    wildcards: folder=data, sim_id=3, tree_id=0
    resources: tmpdir=/tmp

[Tue Feb 18 08:06:15 2025]
Finished job 19.
28 of 61 steps (46%) done
Select jobs to execute...
Execute 1 jobs...

[Tue Feb 18 08:06:15 2025]
localrule access_tree:
    input: data/5/simulated.trees, data/5/2/init.txt
    output: data/5/2/center.tree.pkl, data/5/2/left.tree.pkl, data/5/2/right.tree.pkl
    jobid: 34
    reason: Missing output files: data/5/2/center.tree.pkl; Input files updated by another job: data/5/simulated.trees
    wildcards: folder=data, sim_id=5, tree_id=2
    resources: tmpdir=/tmp

[Tue Feb 18 08:06:16 2025]
Finished job 34.
29 of 61 steps (48%) done
Select jobs to execute...
Execute 1 jobs...

[Tue Feb 18 08:06:16 2025]
localrule access_tree:
    input: data/6/simulated.trees, data/6/0/init.txt
    output: data/6/0/center.tree.pkl, data/6/0/left.tree.pkl, data/6/0/right.tree.pkl
    jobid: 37
    reason: Missing output files: data/6/0/center.tree.pkl; Input files updated by another job: data/6/simulated.trees
    wildcards: folder=data, sim_id=6, tree_id=0
    resources: tmpdir=/tmp

[Tue Feb 18 08:06:17 2025]
Finished job 37.
30 of 61 steps (49%) done
Select jobs to execute...
Execute 1 jobs...

[Tue Feb 18 08:06:17 2025]
localrule simulate_tree_sequence:
    input: data/2/parameters.tsv
    output: data/2/simulated.trees
    jobid: 14
    reason: Missing output files: data/2/simulated.trees
    wildcards: folder=data, sim_id=2
    resources: tmpdir=/tmp

[Tue Feb 18 08:06:17 2025]
Finished job 14.
31 of 61 steps (51%) done
Select jobs to execute...
Execute 1 jobs...

[Tue Feb 18 08:06:17 2025]
localrule access_tree:
    input: data/5/simulated.trees, data/5/1/init.txt
    output: data/5/1/center.tree.pkl, data/5/1/left.tree.pkl, data/5/1/right.tree.pkl
    jobid: 33
    reason: Missing output files: data/5/1/center.tree.pkl; Input files updated by another job: data/5/simulated.trees
    wildcards: folder=data, sim_id=5, tree_id=1
    resources: tmpdir=/tmp

[Tue Feb 18 08:06:18 2025]
Finished job 33.
32 of 61 steps (52%) done
Select jobs to execute...
Execute 1 jobs...

[Tue Feb 18 08:06:18 2025]
localrule access_tree:
    input: data/5/simulated.trees, data/5/4/init.txt
    output: data/5/4/center.tree.pkl, data/5/4/left.tree.pkl, data/5/4/right.tree.pkl
    jobid: 36
    reason: Missing output files: data/5/4/center.tree.pkl; Input files updated by another job: data/5/simulated.trees
    wildcards: folder=data, sim_id=5, tree_id=4
    resources: tmpdir=/tmp

[Tue Feb 18 08:06:19 2025]
Finished job 36.
33 of 61 steps (54%) done
Select jobs to execute...
Execute 1 jobs...

[Tue Feb 18 08:06:19 2025]
localrule access_tree:
    input: data/8/simulated.trees, data/8/1/init.txt
    output: data/8/1/center.tree.pkl, data/8/1/left.tree.pkl, data/8/1/right.tree.pkl
    jobid: 51
    reason: Missing output files: data/8/1/center.tree.pkl; Input files updated by another job: data/8/simulated.trees
    wildcards: folder=data, sim_id=8, tree_id=1
    resources: tmpdir=/tmp

[Tue Feb 18 08:06:20 2025]
Finished job 51.
34 of 61 steps (56%) done
Select jobs to execute...
Execute 1 jobs...

[Tue Feb 18 08:06:20 2025]
localrule access_tree:
    input: data/2/simulated.trees, data/2/1/init.txt
    output: data/2/1/center.tree.pkl, data/2/1/left.tree.pkl, data/2/1/right.tree.pkl
    jobid: 15
    reason: Missing output files: data/2/1/center.tree.pkl; Input files updated by another job: data/2/simulated.trees
    wildcards: folder=data, sim_id=2, tree_id=1
    resources: tmpdir=/tmp

[Tue Feb 18 08:06:20 2025]
Finished job 15.
35 of 61 steps (57%) done
Select jobs to execute...
Execute 1 jobs...

[Tue Feb 18 08:06:20 2025]
localrule access_tree:
    input: data/2/simulated.trees, data/2/2/init.txt
    output: data/2/2/center.tree.pkl, data/2/2/left.tree.pkl, data/2/2/right.tree.pkl
    jobid: 16
    reason: Missing output files: data/2/2/center.tree.pkl; Input files updated by another job: data/2/simulated.trees
    wildcards: folder=data, sim_id=2, tree_id=2
    resources: tmpdir=/tmp

[Tue Feb 18 08:06:21 2025]
Finished job 16.
36 of 61 steps (59%) done
Select jobs to execute...
Execute 1 jobs...

[Tue Feb 18 08:06:21 2025]
localrule access_tree:
    input: data/7/simulated.trees, data/7/3/init.txt
    output: data/7/3/center.tree.pkl, data/7/3/left.tree.pkl, data/7/3/right.tree.pkl
    jobid: 47
    reason: Missing output files: data/7/3/center.tree.pkl; Input files updated by another job: data/7/simulated.trees
    wildcards: folder=data, sim_id=7, tree_id=3
    resources: tmpdir=/tmp

[Tue Feb 18 08:06:22 2025]
Finished job 47.
37 of 61 steps (61%) done
Select jobs to execute...
Execute 1 jobs...

[Tue Feb 18 08:06:22 2025]
localrule access_tree:
    input: data/7/simulated.trees, data/7/0/init.txt
    output: data/7/0/center.tree.pkl, data/7/0/left.tree.pkl, data/7/0/right.tree.pkl
    jobid: 43
    reason: Missing output files: data/7/0/center.tree.pkl; Input files updated by another job: data/7/simulated.trees
    wildcards: folder=data, sim_id=7, tree_id=0
    resources: tmpdir=/tmp

[Tue Feb 18 08:06:23 2025]
Finished job 43.
38 of 61 steps (62%) done
Select jobs to execute...
Execute 1 jobs...

[Tue Feb 18 08:06:23 2025]
localrule access_tree:
    input: data/6/simulated.trees, data/6/2/init.txt
    output: data/6/2/center.tree.pkl, data/6/2/left.tree.pkl, data/6/2/right.tree.pkl
    jobid: 40
    reason: Missing output files: data/6/2/center.tree.pkl; Input files updated by another job: data/6/simulated.trees
    wildcards: folder=data, sim_id=6, tree_id=2
    resources: tmpdir=/tmp

[Tue Feb 18 08:06:23 2025]
Finished job 40.
39 of 61 steps (64%) done
Select jobs to execute...
Execute 1 jobs...

[Tue Feb 18 08:06:23 2025]
localrule simulate_tree_sequence:
    input: data/0/parameters.tsv
    output: data/0/simulated.trees
    jobid: 2
    reason: Missing output files: data/0/simulated.trees
    wildcards: folder=data, sim_id=0
    resources: tmpdir=/tmp

[Tue Feb 18 08:06:24 2025]
Finished job 2.
40 of 61 steps (66%) done
Select jobs to execute...
Execute 1 jobs...

[Tue Feb 18 08:06:24 2025]
localrule access_tree:
    input: data/0/simulated.trees, data/0/0/init.txt
    output: data/0/0/center.tree.pkl, data/0/0/left.tree.pkl, data/0/0/right.tree.pkl
    jobid: 1
    reason: Missing output files: data/0/0/center.tree.pkl; Input files updated by another job: data/0/simulated.trees
    wildcards: folder=data, sim_id=0, tree_id=0
    resources: tmpdir=/tmp

[Tue Feb 18 08:06:25 2025]
Finished job 1.
41 of 61 steps (67%) done
Select jobs to execute...
Execute 1 jobs...

[Tue Feb 18 08:06:25 2025]
localrule access_tree:
    input: data/0/simulated.trees, data/0/3/init.txt
    output: data/0/3/center.tree.pkl, data/0/3/left.tree.pkl, data/0/3/right.tree.pkl
    jobid: 5
    reason: Missing output files: data/0/3/center.tree.pkl; Input files updated by another job: data/0/simulated.trees
    wildcards: folder=data, sim_id=0, tree_id=3
    resources: tmpdir=/tmp

[Tue Feb 18 08:06:25 2025]
Finished job 5.
42 of 61 steps (69%) done
Select jobs to execute...
Execute 1 jobs...

[Tue Feb 18 08:06:25 2025]
localrule access_tree:
    input: data/0/simulated.trees, data/0/2/init.txt
    output: data/0/2/center.tree.pkl, data/0/2/left.tree.pkl, data/0/2/right.tree.pkl
    jobid: 4
    reason: Missing output files: data/0/2/center.tree.pkl; Input files updated by another job: data/0/simulated.trees
    wildcards: folder=data, sim_id=0, tree_id=2
    resources: tmpdir=/tmp

[Tue Feb 18 08:06:26 2025]
Finished job 4.
43 of 61 steps (70%) done
Select jobs to execute...
Execute 1 jobs...

[Tue Feb 18 08:06:26 2025]
localrule access_tree:
    input: data/2/simulated.trees, data/2/4/init.txt
    output: data/2/4/center.tree.pkl, data/2/4/left.tree.pkl, data/2/4/right.tree.pkl
    jobid: 18
    reason: Missing output files: data/2/4/center.tree.pkl; Input files updated by another job: data/2/simulated.trees
    wildcards: folder=data, sim_id=2, tree_id=4
    resources: tmpdir=/tmp

[Tue Feb 18 08:06:27 2025]
Finished job 18.
44 of 61 steps (72%) done
Select jobs to execute...
Execute 1 jobs...

[Tue Feb 18 08:06:27 2025]
localrule simulate_tree_sequence:
    input: data/4/parameters.tsv
    output: data/4/simulated.trees
    jobid: 26
    reason: Missing output files: data/4/simulated.trees
    wildcards: folder=data, sim_id=4
    resources: tmpdir=/tmp

[Tue Feb 18 08:06:27 2025]
Finished job 26.
45 of 61 steps (74%) done
Select jobs to execute...
Execute 1 jobs...

[Tue Feb 18 08:06:27 2025]
localrule access_tree:
    input: data/4/simulated.trees, data/4/4/init.txt
    output: data/4/4/center.tree.pkl, data/4/4/left.tree.pkl, data/4/4/right.tree.pkl
    jobid: 30
    reason: Missing output files: data/4/4/center.tree.pkl; Input files updated by another job: data/4/simulated.trees
    wildcards: folder=data, sim_id=4, tree_id=4
    resources: tmpdir=/tmp

[Tue Feb 18 08:06:28 2025]
Finished job 30.
46 of 61 steps (75%) done
Select jobs to execute...
Execute 1 jobs...

[Tue Feb 18 08:06:28 2025]
localrule access_tree:
    input: data/4/simulated.trees, data/4/1/init.txt
    output: data/4/1/center.tree.pkl, data/4/1/left.tree.pkl, data/4/1/right.tree.pkl
    jobid: 27
    reason: Missing output files: data/4/1/center.tree.pkl; Input files updated by another job: data/4/simulated.trees
    wildcards: folder=data, sim_id=4, tree_id=1
    resources: tmpdir=/tmp

[Tue Feb 18 08:06:29 2025]
Finished job 27.
47 of 61 steps (77%) done
Select jobs to execute...
Execute 1 jobs...

[Tue Feb 18 08:06:29 2025]
localrule access_tree:
    input: data/4/simulated.trees, data/4/3/init.txt
    output: data/4/3/center.tree.pkl, data/4/3/left.tree.pkl, data/4/3/right.tree.pkl
    jobid: 29
    reason: Missing output files: data/4/3/center.tree.pkl; Input files updated by another job: data/4/simulated.trees
    wildcards: folder=data, sim_id=4, tree_id=3
    resources: tmpdir=/tmp

[Tue Feb 18 08:06:29 2025]
Finished job 29.
48 of 61 steps (79%) done
Select jobs to execute...
Execute 1 jobs...

[Tue Feb 18 08:06:29 2025]
localrule access_tree:
    input: data/4/simulated.trees, data/4/0/init.txt
    output: data/4/0/center.tree.pkl, data/4/0/left.tree.pkl, data/4/0/right.tree.pkl
    jobid: 25
    reason: Missing output files: data/4/0/center.tree.pkl; Input files updated by another job: data/4/simulated.trees
    wildcards: folder=data, sim_id=4, tree_id=0
    resources: tmpdir=/tmp

[Tue Feb 18 08:06:30 2025]
Finished job 25.
49 of 61 steps (80%) done
Select jobs to execute...
Execute 1 jobs...

[Tue Feb 18 08:06:30 2025]
localrule access_tree:
    input: data/4/simulated.trees, data/4/2/init.txt
    output: data/4/2/center.tree.pkl, data/4/2/left.tree.pkl, data/4/2/right.tree.pkl
    jobid: 28
    reason: Missing output files: data/4/2/center.tree.pkl; Input files updated by another job: data/4/simulated.trees
    wildcards: folder=data, sim_id=4, tree_id=2
    resources: tmpdir=/tmp

[Tue Feb 18 08:06:31 2025]
Finished job 28.
50 of 61 steps (82%) done
Select jobs to execute...
Execute 1 jobs...

[Tue Feb 18 08:06:31 2025]
localrule access_tree:
    input: data/0/simulated.trees, data/0/4/init.txt
    output: data/0/4/center.tree.pkl, data/0/4/left.tree.pkl, data/0/4/right.tree.pkl
    jobid: 6
    reason: Missing output files: data/0/4/center.tree.pkl; Input files updated by another job: data/0/simulated.trees
    wildcards: folder=data, sim_id=0, tree_id=4
    resources: tmpdir=/tmp

[Tue Feb 18 08:06:32 2025]
Finished job 6.
51 of 61 steps (84%) done
Select jobs to execute...
Execute 1 jobs...

[Tue Feb 18 08:06:32 2025]
localrule access_tree:
    input: data/2/simulated.trees, data/2/0/init.txt
    output: data/2/0/center.tree.pkl, data/2/0/left.tree.pkl, data/2/0/right.tree.pkl
    jobid: 13
    reason: Missing output files: data/2/0/center.tree.pkl; Input files updated by another job: data/2/simulated.trees
    wildcards: folder=data, sim_id=2, tree_id=0
    resources: tmpdir=/tmp

[Tue Feb 18 08:06:32 2025]
Finished job 13.
52 of 61 steps (85%) done
Select jobs to execute...
Execute 1 jobs...

[Tue Feb 18 08:06:32 2025]
localrule access_tree:
    input: data/0/simulated.trees, data/0/1/init.txt
    output: data/0/1/center.tree.pkl, data/0/1/left.tree.pkl, data/0/1/right.tree.pkl
    jobid: 3
    reason: Missing output files: data/0/1/center.tree.pkl; Input files updated by another job: data/0/simulated.trees
    wildcards: folder=data, sim_id=0, tree_id=1
    resources: tmpdir=/tmp

[Tue Feb 18 08:06:33 2025]
Finished job 3.
53 of 61 steps (87%) done
Select jobs to execute...
Execute 1 jobs...

[Tue Feb 18 08:06:33 2025]
localrule simulate_tree_sequence:
    input: data/9/parameters.tsv
    output: data/9/simulated.trees
    jobid: 56
    reason: Missing output files: data/9/simulated.trees
    wildcards: folder=data, sim_id=9
    resources: tmpdir=/tmp

[Tue Feb 18 08:06:34 2025]
Finished job 56.
54 of 61 steps (89%) done
Select jobs to execute...
Execute 1 jobs...

[Tue Feb 18 08:06:34 2025]
localrule access_tree:
    input: data/9/simulated.trees, data/9/3/init.txt
    output: data/9/3/center.tree.pkl, data/9/3/left.tree.pkl, data/9/3/right.tree.pkl
    jobid: 59
    reason: Missing output files: data/9/3/center.tree.pkl; Input files updated by another job: data/9/simulated.trees
    wildcards: folder=data, sim_id=9, tree_id=3
    resources: tmpdir=/tmp

[Tue Feb 18 08:06:34 2025]
Finished job 59.
55 of 61 steps (90%) done
Select jobs to execute...
Execute 1 jobs...

[Tue Feb 18 08:06:34 2025]
localrule access_tree:
    input: data/9/simulated.trees, data/9/0/init.txt
    output: data/9/0/center.tree.pkl, data/9/0/left.tree.pkl, data/9/0/right.tree.pkl
    jobid: 55
    reason: Missing output files: data/9/0/center.tree.pkl; Input files updated by another job: data/9/simulated.trees
    wildcards: folder=data, sim_id=9, tree_id=0
    resources: tmpdir=/tmp

[Tue Feb 18 08:06:35 2025]
Finished job 55.
56 of 61 steps (92%) done
Select jobs to execute...
Execute 1 jobs...

[Tue Feb 18 08:06:35 2025]
localrule access_tree:
    input: data/9/simulated.trees, data/9/1/init.txt
    output: data/9/1/center.tree.pkl, data/9/1/left.tree.pkl, data/9/1/right.tree.pkl
    jobid: 57
    reason: Missing output files: data/9/1/center.tree.pkl; Input files updated by another job: data/9/simulated.trees
    wildcards: folder=data, sim_id=9, tree_id=1
    resources: tmpdir=/tmp

[Tue Feb 18 08:06:36 2025]
Finished job 57.
57 of 61 steps (93%) done
Select jobs to execute...
Execute 1 jobs...

[Tue Feb 18 08:06:36 2025]
localrule access_tree:
    input: data/2/simulated.trees, data/2/3/init.txt
    output: data/2/3/center.tree.pkl, data/2/3/left.tree.pkl, data/2/3/right.tree.pkl
    jobid: 17
    reason: Missing output files: data/2/3/center.tree.pkl; Input files updated by another job: data/2/simulated.trees
    wildcards: folder=data, sim_id=2, tree_id=3
    resources: tmpdir=/tmp

[Tue Feb 18 08:06:37 2025]
Finished job 17.
58 of 61 steps (95%) done
Select jobs to execute...
Execute 1 jobs...

[Tue Feb 18 08:06:37 2025]
localrule access_tree:
    input: data/9/simulated.trees, data/9/2/init.txt
    output: data/9/2/center.tree.pkl, data/9/2/left.tree.pkl, data/9/2/right.tree.pkl
    jobid: 58
    reason: Missing output files: data/9/2/center.tree.pkl; Input files updated by another job: data/9/simulated.trees
    wildcards: folder=data, sim_id=9, tree_id=2
    resources: tmpdir=/tmp

[Tue Feb 18 08:06:37 2025]
Finished job 58.
59 of 61 steps (97%) done
Select jobs to execute...
Execute 1 jobs...

[Tue Feb 18 08:06:37 2025]
localrule access_tree:
    input: data/9/simulated.trees, data/9/4/init.txt
    output: data/9/4/center.tree.pkl, data/9/4/left.tree.pkl, data/9/4/right.tree.pkl
    jobid: 60
    reason: Missing output files: data/9/4/center.tree.pkl; Input files updated by another job: data/9/simulated.trees
    wildcards: folder=data, sim_id=9, tree_id=4
    resources: tmpdir=/tmp

[Tue Feb 18 08:06:38 2025]
Finished job 60.
60 of 61 steps (98%) done
Select jobs to execute...
Execute 1 jobs...

[Tue Feb 18 08:06:38 2025]
localrule all:
    input: data/0/0/center.tree.pkl, data/0/1/center.tree.pkl, data/0/2/center.tree.pkl, data/0/3/center.tree.pkl, data/0/4/center.tree.pkl, data/1/0/center.tree.pkl, data/1/1/center.tree.pkl, data/1/2/center.tree.pkl, data/1/3/center.tree.pkl, data/1/4/center.tree.pkl, data/2/0/center.tree.pkl, data/2/1/center.tree.pkl, data/2/2/center.tree.pkl, data/2/3/center.tree.pkl, data/2/4/center.tree.pkl, data/3/0/center.tree.pkl, data/3/1/center.tree.pkl, data/3/2/center.tree.pkl, data/3/3/center.tree.pkl, data/3/4/center.tree.pkl, data/4/0/center.tree.pkl, data/4/1/center.tree.pkl, data/4/2/center.tree.pkl, data/4/3/center.tree.pkl, data/4/4/center.tree.pkl, data/5/0/center.tree.pkl, data/5/1/center.tree.pkl, data/5/2/center.tree.pkl, data/5/3/center.tree.pkl, data/5/4/center.tree.pkl, data/6/0/center.tree.pkl, data/6/1/center.tree.pkl, data/6/2/center.tree.pkl, data/6/3/center.tree.pkl, data/6/4/center.tree.pkl, data/7/0/center.tree.pkl, data/7/1/center.tree.pkl, data/7/2/center.tree.pkl, data/7/3/center.tree.pkl, data/7/4/center.tree.pkl, data/8/0/center.tree.pkl, data/8/1/center.tree.pkl, data/8/2/center.tree.pkl, data/8/3/center.tree.pkl, data/8/4/center.tree.pkl, data/9/0/center.tree.pkl, data/9/1/center.tree.pkl, data/9/2/center.tree.pkl, data/9/3/center.tree.pkl, data/9/4/center.tree.pkl
    output: data/reproduce.yaml
    jobid: 0
    reason: Missing output files: data/reproduce.yaml; Input files updated by another job: data/5/3/center.tree.pkl, data/9/3/center.tree.pkl, data/3/4/center.tree.pkl, data/3/3/center.tree.pkl, data/9/1/center.tree.pkl, data/9/2/center.tree.pkl, data/3/1/center.tree.pkl, data/2/3/center.tree.pkl, data/8/3/center.tree.pkl, data/6/1/center.tree.pkl, data/7/3/center.tree.pkl, data/6/3/center.tree.pkl, data/2/2/center.tree.pkl, data/1/0/center.tree.pkl, data/3/2/center.tree.pkl, data/4/0/center.tree.pkl, data/1/1/center.tree.pkl, data/0/3/center.tree.pkl, data/5/4/center.tree.pkl, data/6/2/center.tree.pkl, data/7/2/center.tree.pkl, data/2/1/center.tree.pkl, data/0/1/center.tree.pkl, data/4/4/center.tree.pkl, data/1/4/center.tree.pkl, data/9/0/center.tree.pkl, data/6/0/center.tree.pkl, data/4/1/center.tree.pkl, data/0/4/center.tree.pkl, data/0/2/center.tree.pkl, data/5/2/center.tree.pkl, data/5/1/center.tree.pkl, data/0/0/center.tree.pkl, data/4/3/center.tree.pkl, data/7/1/center.tree.pkl, data/1/2/center.tree.pkl, data/5/0/center.tree.pkl, data/9/4/center.tree.pkl, data/8/0/center.tree.pkl, data/8/1/center.tree.pkl, data/8/2/center.tree.pkl, data/3/0/center.tree.pkl, data/6/4/center.tree.pkl, data/8/4/center.tree.pkl, data/1/3/center.tree.pkl, data/7/4/center.tree.pkl, data/4/2/center.tree.pkl, data/2/4/center.tree.pkl, data/2/0/center.tree.pkl, data/7/0/center.tree.pkl
    resources: tmpdir=/tmp

[Tue Feb 18 08:06:40 2025]
Finished job 0.
61 of 61 steps (100%) done
Complete log: .snakemake/log/2025-02-18T080555.719054.snakemake.log
