host: DerLaptop
Building DAG of jobs...
Using shell: /usr/bin/bash
Provided cores: 1 (use --cores to define parallelism)
Rules claiming more threads will be scaled down.
Job stats:
job             count
------------  -------
all                 1
gzip_vcf            2
tabix_vcf           3
trees_to_vcf        1
vcf_to_zarr         3
total              10

Select jobs to execute...
Execute 1 jobs...

[Tue Feb 18 11:19:08 2025]
localrule trees_to_vcf:
    input: data/1/simulated.trees
    output: data/1/simulated.vcf
    jobid: 8
    reason: Missing output files: data/1/simulated.vcf
    wildcards: folder=data, sim_id=1
    resources: tmpdir=/tmp

[Tue Feb 18 11:19:08 2025]
Finished job 8.
1 of 10 steps (10%) done
Select jobs to execute...
Execute 1 jobs...

[Tue Feb 18 11:19:08 2025]
localrule gzip_vcf:
    input: data/1/simulated.vcf
    output: data/1/simulated.vcf.gz
    jobid: 7
    reason: Missing output files: data/1/simulated.vcf.gz; Input files updated by another job: data/1/simulated.vcf; Code has changed since last execution
    wildcards: folder=data, sim_id=1
    resources: tmpdir=/tmp

[Tue Feb 18 11:19:08 2025]
Finished job 7.
2 of 10 steps (20%) done
Select jobs to execute...
Execute 1 jobs...

[Tue Feb 18 11:19:08 2025]
localrule tabix_vcf:
    input: data/1/simulated.vcf.gz
    output: data/1/simulated.vcf.gz.tbi
    jobid: 10
    reason: Missing output files: data/1/simulated.vcf.gz.tbi; Input files updated by another job: data/1/simulated.vcf.gz
    wildcards: folder=data, sim_id=1
    resources: tmpdir=/tmp

[Tue Feb 18 11:19:08 2025]
Finished job 10.
3 of 10 steps (30%) done
Select jobs to execute...
Execute 1 jobs...

[Tue Feb 18 11:19:08 2025]
localrule vcf_to_zarr:
    input: data/1/simulated.vcf.gz, data/1/simulated.vcf.gz.tbi
    output: data/1/simulated.zarr
    jobid: 6
    reason: Missing output files: data/1/simulated.zarr; Input files updated by another job: data/1/simulated.vcf.gz.tbi, data/1/simulated.vcf.gz
    wildcards: folder=data, sim_id=1
    resources: tmpdir=/tmp

[Tue Feb 18 11:19:08 2025]
Error in rule vcf_to_zarr:
    jobid: 6
    input: data/1/simulated.vcf.gz, data/1/simulated.vcf.gz.tbi
    output: data/1/simulated.zarr
    shell:
        
        python -m bio2zarr vcf2zarr convert data/1/simulated.vcf.gz -o data/1/simulated.zarr
        
        (one of the commands exited with non-zero exit code; note that snakemake uses bash strict mode!)

Shutting down, this might take some time.
Exiting because a job execution failed. Look above for error message
Complete log: .snakemake/log/2025-02-18T111907.862206.snakemake.log
WorkflowError:
At least one job did not complete successfully.
