host: DerLaptop
Building DAG of jobs...
Using shell: /usr/bin/bash
Provided cores: 1 (use --cores to define parallelism)
Rules claiming more threads will be scaled down.
Job stats:
job                       count
----------------------  -------
access_tree                  21
all                           1
gzip_tree_vcf                47
simulate_tree_sequence        1
subset_lcr_vcf               50
tabix_tree_vcf               50
tree_to_vcf                  40
total                       210

Select jobs to execute...
Execute 1 jobs...

[Tue Feb 18 09:17:07 2025]
localrule access_tree:
    input: data/2/simulated.trees, data/2/2/init.txt
    output: data/2/2/center.tree.pkl, data/2/2/left.tree.pkl, data/2/2/right.tree.pkl, data/2/2/lcr.trees, data/2/2/intervals.tsv
    jobid: 67
    reason: Missing output files: data/2/2/lcr.trees, data/2/2/intervals.tsv
    wildcards: folder=data, sim_id=2, tree_id=2
    resources: tmpdir=/tmp

[Tue Feb 18 09:17:08 2025]
Finished job 67.
1 of 210 steps (0.5%) done
Select jobs to execute...
Execute 1 jobs...

[Tue Feb 18 09:17:08 2025]
localrule tree_to_vcf:
    input: data/2/2/lcr.trees
    output: data/2/2/lcr.vcf
    jobid: 66
    reason: Missing output files: data/2/2/lcr.vcf; Input files updated by another job: data/2/2/lcr.trees
    wildcards: folder=data, sim_id=2, tree_id=2
    resources: tmpdir=/tmp

[Tue Feb 18 09:17:09 2025]
Finished job 66.
2 of 210 steps (1%) done
Select jobs to execute...
Execute 1 jobs...

[Tue Feb 18 09:17:09 2025]
localrule tree_to_vcf:
    input: data/7/4/lcr.trees
    output: data/7/4/lcr.vcf
    jobid: 206
    reason: Missing output files: data/7/4/lcr.vcf
    wildcards: folder=data, sim_id=7, tree_id=4
    resources: tmpdir=/tmp

[Tue Feb 18 09:17:09 2025]
Finished job 206.
3 of 210 steps (1%) done
Select jobs to execute...
Execute 1 jobs...

[Tue Feb 18 09:17:09 2025]
localrule gzip_tree_vcf:
    input: data/7/4/lcr.vcf
    output: data/7/4/lcr.vcf.gz
    jobid: 205
    reason: Missing output files: data/7/4/lcr.vcf.gz; Input files updated by another job: data/7/4/lcr.vcf
    wildcards: folder=data, sim_id=7, tree_id=4
    resources: tmpdir=/tmp

[Tue Feb 18 09:17:09 2025]
Finished job 205.
4 of 210 steps (2%) done
Select jobs to execute...
Execute 1 jobs...

[Tue Feb 18 09:17:09 2025]
localrule tabix_tree_vcf:
    input: data/2/4/lcr.vcf.gz
    output: data/2/4/lcr.vcf.gz.tbi
    jobid: 78
    reason: Missing output files: data/2/4/lcr.vcf.gz.tbi
    wildcards: folder=data, sim_id=2, tree_id=4
    resources: tmpdir=/tmp

[Tue Feb 18 09:17:09 2025]
Error in rule tabix_tree_vcf:
    jobid: 78
    input: data/2/4/lcr.vcf.gz
    output: data/2/4/lcr.vcf.gz.tbi
    shell:
        
        tabix -fp vcf data/2/4/lcr.vcf.gz
        
        (one of the commands exited with non-zero exit code; note that snakemake uses bash strict mode!)

Shutting down, this might take some time.
Exiting because a job execution failed. Look above for error message
Complete log: .snakemake/log/2025-02-18T091704.597234.snakemake.log
WorkflowError:
At least one job did not complete successfully.
