host: DerLaptop
Building DAG of jobs...
MissingInputException in rule all in file /mnt/c/Users/sethd/Work/umich/lots-of-trees/Snakefile, line 59:
Missing input files for rule all:
    output: data/reproduce.yaml
    affected files:
        data/9/0/center.tree.pkl
        data/4/1/center.tree.pkl
        data/0/0/center.tree.pkl
        data/5/4/center.tree.pkl
        data/2/3/center.tree.pkl
        data/5/2/center.tree.pkl
        data/7/0/center.tree.pkl
        data/9/3/center.tree.pkl
        data/0/1/center.tree.pkl
        data/7/1/center.tree.pkl
        data/6/2/center.tree.pkl
        data/0/4/center.tree.pkl
        data/3/3/center.tree.pkl
        data/3/0/center.tree.pkl
        data/3/1/center.tree.pkl
        data/2/1/center.tree.pkl
        data/0/3/center.tree.pkl
        data/3/4/center.tree.pkl
        data/2/0/center.tree.pkl
        data/4/2/center.tree.pkl
        data/6/1/center.tree.pkl
        data/5/1/center.tree.pkl
        data/0/2/center.tree.pkl
        data/5/3/center.tree.pkl
        data/1/3/center.tree.pkl
        data/6/4/center.tree.pkl
        data/7/2/center.tree.pkl
        data/5/0/center.tree.pkl
        data/2/4/center.tree.pkl
        data/1/4/center.tree.pkl
        data/8/2/center.tree.pkl
        data/8/1/center.tree.pkl
        data/1/1/center.tree.pkl
        data/8/4/center.tree.pkl
        data/6/0/center.tree.pkl
        data/9/2/center.tree.pkl
        data/6/3/center.tree.pkl
        data/1/2/center.tree.pkl
        data/9/1/center.tree.pkl
        data/8/0/center.tree.pkl
        data/7/3/center.tree.pkl
        data/9/4/center.tree.pkl
        data/4/0/center.tree.pkl
        data/7/4/center.tree.pkl
        data/3/2/center.tree.pkl
        data/1/0/center.tree.pkl
        data/4/4/center.tree.pkl
        data/4/3/center.tree.pkl
        data/2/2/center.tree.pkl
        data/8/3/center.tree.pkl
