host: DerLaptop
Building DAG of jobs...
Using shell: /usr/bin/bash
Provided cores: 1 (use --cores to define parallelism)
Rules claiming more threads will be scaled down.
Job stats:
job                       count
----------------------  -------
all                           1
simulate_tree_sequence       10
total                        11

Select jobs to execute...
Execute 1 jobs...

[Mon Feb 17 15:31:57 2025]
localrule simulate_tree_sequence:
    input: data/4/parameters.tsv
    output: data/4/simulated.trees
    jobid: 5
    reason: Missing output files: data/4/simulated.trees
    wildcards: folder=data, sim_id=4
    resources: tmpdir=/tmp

[Mon Feb 17 15:31:57 2025]
Finished job 5.
1 of 11 steps (9%) done
Select jobs to execute...
Execute 1 jobs...

[Mon Feb 17 15:31:57 2025]
localrule simulate_tree_sequence:
    input: data/8/parameters.tsv
    output: data/8/simulated.trees
    jobid: 9
    reason: Missing output files: data/8/simulated.trees
    wildcards: folder=data, sim_id=8
    resources: tmpdir=/tmp

[Mon Feb 17 15:31:58 2025]
Finished job 9.
2 of 11 steps (18%) done
Select jobs to execute...
Execute 1 jobs...

[Mon Feb 17 15:31:58 2025]
localrule simulate_tree_sequence:
    input: data/0/parameters.tsv
    output: data/0/simulated.trees
    jobid: 1
    reason: Missing output files: data/0/simulated.trees
    wildcards: folder=data, sim_id=0
    resources: tmpdir=/tmp

[Mon Feb 17 15:31:58 2025]
Finished job 1.
3 of 11 steps (27%) done
Select jobs to execute...
Execute 1 jobs...

[Mon Feb 17 15:31:58 2025]
localrule simulate_tree_sequence:
    input: data/1/parameters.tsv
    output: data/1/simulated.trees
    jobid: 2
    reason: Missing output files: data/1/simulated.trees
    wildcards: folder=data, sim_id=1
    resources: tmpdir=/tmp

[Mon Feb 17 15:31:59 2025]
Finished job 2.
4 of 11 steps (36%) done
Select jobs to execute...
Execute 1 jobs...

[Mon Feb 17 15:31:59 2025]
localrule simulate_tree_sequence:
    input: data/5/parameters.tsv
    output: data/5/simulated.trees
    jobid: 6
    reason: Missing output files: data/5/simulated.trees
    wildcards: folder=data, sim_id=5
    resources: tmpdir=/tmp

[Mon Feb 17 15:31:59 2025]
Finished job 6.
5 of 11 steps (45%) done
Select jobs to execute...
Execute 1 jobs...

[Mon Feb 17 15:31:59 2025]
localrule simulate_tree_sequence:
    input: data/9/parameters.tsv
    output: data/9/simulated.trees
    jobid: 10
    reason: Missing output files: data/9/simulated.trees
    wildcards: folder=data, sim_id=9
    resources: tmpdir=/tmp

[Mon Feb 17 15:32:00 2025]
Finished job 10.
6 of 11 steps (55%) done
Select jobs to execute...
Execute 1 jobs...

[Mon Feb 17 15:32:00 2025]
localrule simulate_tree_sequence:
    input: data/6/parameters.tsv
    output: data/6/simulated.trees
    jobid: 7
    reason: Missing output files: data/6/simulated.trees
    wildcards: folder=data, sim_id=6
    resources: tmpdir=/tmp

[Mon Feb 17 15:32:00 2025]
Finished job 7.
7 of 11 steps (64%) done
Select jobs to execute...
Execute 1 jobs...

[Mon Feb 17 15:32:00 2025]
localrule simulate_tree_sequence:
    input: data/7/parameters.tsv
    output: data/7/simulated.trees
    jobid: 8
    reason: Missing output files: data/7/simulated.trees
    wildcards: folder=data, sim_id=7
    resources: tmpdir=/tmp

[Mon Feb 17 15:32:01 2025]
Finished job 8.
8 of 11 steps (73%) done
Select jobs to execute...
Execute 1 jobs...

[Mon Feb 17 15:32:01 2025]
localrule simulate_tree_sequence:
    input: data/3/parameters.tsv
    output: data/3/simulated.trees
    jobid: 4
    reason: Missing output files: data/3/simulated.trees
    wildcards: folder=data, sim_id=3
    resources: tmpdir=/tmp

[Mon Feb 17 15:32:01 2025]
Finished job 4.
9 of 11 steps (82%) done
Select jobs to execute...
Execute 1 jobs...

[Mon Feb 17 15:32:01 2025]
localrule simulate_tree_sequence:
    input: data/2/parameters.tsv
    output: data/2/simulated.trees
    jobid: 3
    reason: Missing output files: data/2/simulated.trees
    wildcards: folder=data, sim_id=2
    resources: tmpdir=/tmp

[Mon Feb 17 15:32:02 2025]
Finished job 3.
10 of 11 steps (91%) done
Select jobs to execute...
Execute 1 jobs...

[Mon Feb 17 15:32:02 2025]
localrule all:
    input: data/0/simulated.trees, data/1/simulated.trees, data/2/simulated.trees, data/3/simulated.trees, data/4/simulated.trees, data/5/simulated.trees, data/6/simulated.trees, data/7/simulated.trees, data/8/simulated.trees, data/9/simulated.trees
    output: data/reproduce.yaml
    jobid: 0
    reason: Missing output files: data/reproduce.yaml; Input files updated by another job: data/4/simulated.trees, data/5/simulated.trees, data/0/simulated.trees, data/7/simulated.trees, data/3/simulated.trees, data/1/simulated.trees, data/8/simulated.trees, data/2/simulated.trees, data/9/simulated.trees, data/6/simulated.trees
    resources: tmpdir=/tmp

[Mon Feb 17 15:32:02 2025]
Finished job 0.
11 of 11 steps (100%) done
Complete log: .snakemake/log/2025-02-17T153157.127830.snakemake.log
