Building DAG of jobs...
Using shell: /usr/bin/bash
Provided cores: 1 (use --cores to define parallelism)
Rules claiming more threads will be scaled down.
Job stats:
job                       count
----------------------  -------
access_tree                  50
all                           1
gzip_tree_vcf                50
simulate_tree_sequence       10
subset_lcr_vcf               50
tabix_tree_vcf               50
tree_to_vcf                  50
total                       261

Select jobs to execute...

[Tue Feb 18 08:57:21 2025]
rule simulate_tree_sequence:
    input: data/9/parameters.tsv
    output: data/9/simulated.trees
    jobid: 239
    reason: Missing output files: data/9/simulated.trees; Updated input files: data/9/parameters.tsv
    wildcards: folder=data, sim_id=9
    resources: tmpdir=/tmp

[Tue Feb 18 08:57:21 2025]
Error in rule simulate_tree_sequence:
    jobid: 239
    input: data/9/parameters.tsv
    output: data/9/simulated.trees
    shell:
        
        python scripts/simulate-trees.py             --input_file data/9/parameters.tsv             --output_file data/9/simulated.trees
        
        (one of the commands exited with non-zero exit code; note that snakemake uses bash strict mode!)

Shutting down, this might take some time.
Exiting because a job execution failed. Look above for error message
Complete log: .snakemake/log/2025-02-18T085718.542049.snakemake.log
