host: DerLaptop
Building DAG of jobs...
Using shell: /usr/bin/bash
Provided cores: 1 (use --cores to define parallelism)
Rules claiming more threads will be scaled down.
Job stats:
job                       count
----------------------  -------
all                           1
gzip_vcf                     10
simulate_mutations           10
simulate_tree_sequence       10
tree_to_vcf                  10
total                        41

Select jobs to execute...
Execute 1 jobs...

[Mon Feb 17 16:14:37 2025]
localrule simulate_tree_sequence:
    input: data/7/parameters.tsv
    output: data/7/simulated.trees
    jobid: 32
    reason: Missing output files: data/7/simulated.trees
    wildcards: folder=data, sim_id=7
    resources: tmpdir=/tmp

[Mon Feb 17 16:14:37 2025]
Finished job 32.
1 of 41 steps (2%) done
Select jobs to execute...
Execute 1 jobs...

[Mon Feb 17 16:14:37 2025]
localrule simulate_tree_sequence:
    input: data/0/parameters.tsv
    output: data/0/simulated.trees
    jobid: 4
    reason: Missing output files: data/0/simulated.trees
    wildcards: folder=data, sim_id=0
    resources: tmpdir=/tmp

[Mon Feb 17 16:14:38 2025]
Finished job 4.
2 of 41 steps (5%) done
Select jobs to execute...
Execute 1 jobs...

[Mon Feb 17 16:14:38 2025]
localrule simulate_tree_sequence:
    input: data/8/parameters.tsv
    output: data/8/simulated.trees
    jobid: 36
    reason: Missing output files: data/8/simulated.trees
    wildcards: folder=data, sim_id=8
    resources: tmpdir=/tmp

[Mon Feb 17 16:14:38 2025]
Finished job 36.
3 of 41 steps (7%) done
Select jobs to execute...
Execute 1 jobs...

[Mon Feb 17 16:14:38 2025]
localrule simulate_tree_sequence:
    input: data/4/parameters.tsv
    output: data/4/simulated.trees
    jobid: 20
    reason: Missing output files: data/4/simulated.trees
    wildcards: folder=data, sim_id=4
    resources: tmpdir=/tmp

[Mon Feb 17 16:14:39 2025]
Finished job 20.
4 of 41 steps (10%) done
Select jobs to execute...
Execute 1 jobs...

[Mon Feb 17 16:14:39 2025]
localrule simulate_mutations:
    input: data/7/parameters.tsv, data/7/simulated.trees
    output: data/7/mutated.trees
    jobid: 31
    reason: Missing output files: data/7/mutated.trees; Input files updated by another job: data/7/simulated.trees
    wildcards: folder=data, sim_id=7
    resources: tmpdir=/tmp

[Mon Feb 17 16:14:54 2025]
Error in rule simulate_mutations:
    jobid: 31
    input: data/7/parameters.tsv, data/7/simulated.trees
    output: data/7/mutated.trees
    shell:
        
        python scripts/simulate-mutations.py             --parameters_file data/7/parameters.tsv             --trees_file data/7/simulated.trees             --output_file data/7/mutated.trees
        
        (one of the commands exited with non-zero exit code; note that snakemake uses bash strict mode!)

Shutting down, this might take some time.
Exiting because a job execution failed. Look above for error message
Complete log: .snakemake/log/2025-02-17T161436.716574.snakemake.log
WorkflowError:
At least one job did not complete successfully.
