host: DerLaptop
Building DAG of jobs...
Using shell: /usr/bin/bash
Provided cores: 1 (use --cores to define parallelism)
Rules claiming more threads will be scaled down.
Job stats:
job                       count
----------------------  -------
access_tree                 200
all                           1
gzip_tree_vcf               200
simulate_tree_sequence        4
subset_lcr_vcf              200
tabix_tree_vcf              200
tree_to_vcf                 200
total                      1005

Select jobs to execute...
Execute 1 jobs...

[Tue Feb 18 10:57:24 2025]
localrule simulate_tree_sequence:
    input: data/1/parameters.tsv
    output: data/1/simulated.trees
    jobid: 256
    reason: Missing output files: data/1/simulated.trees
    wildcards: folder=data, sim_id=1
    resources: tmpdir=/tmp

[Tue Feb 18 10:57:24 2025]
Finished job 256.
1 of 1005 steps (0.1%) done
Select jobs to execute...
Execute 1 jobs...

[Tue Feb 18 10:57:24 2025]
localrule access_tree:
    input: data/1/simulated.trees, data/1/11/init.txt
    output: data/1/11/center.tree.pkl, data/1/11/left.tree.pkl, data/1/11/right.tree.pkl, data/1/11/lcr.trees, data/1/11/intervals.tsv
    jobid: 311
    reason: Missing output files: data/1/11/lcr.trees, data/1/11/intervals.tsv; Input files updated by another job: data/1/simulated.trees
    wildcards: folder=data, sim_id=1, tree_id=11
    resources: tmpdir=/tmp

[Tue Feb 18 10:57:25 2025]
Finished job 311.
2 of 1005 steps (0.2%) done
Select jobs to execute...
Execute 1 jobs...

[Tue Feb 18 10:57:25 2025]
localrule access_tree:
    input: data/1/simulated.trees, data/1/6/init.txt
    output: data/1/6/center.tree.pkl, data/1/6/left.tree.pkl, data/1/6/right.tree.pkl, data/1/6/lcr.trees, data/1/6/intervals.tsv
    jobid: 286
    reason: Missing output files: data/1/6/intervals.tsv, data/1/6/lcr.trees; Input files updated by another job: data/1/simulated.trees
    wildcards: folder=data, sim_id=1, tree_id=6
    resources: tmpdir=/tmp

[Tue Feb 18 10:57:26 2025]
Finished job 286.
3 of 1005 steps (0.3%) done
Select jobs to execute...
Execute 1 jobs...

[Tue Feb 18 10:57:26 2025]
localrule access_tree:
    input: data/1/simulated.trees, data/1/46/init.txt
    output: data/1/46/center.tree.pkl, data/1/46/left.tree.pkl, data/1/46/right.tree.pkl, data/1/46/lcr.trees, data/1/46/intervals.tsv
    jobid: 486
    reason: Missing output files: data/1/46/intervals.tsv, data/1/46/lcr.trees; Input files updated by another job: data/1/simulated.trees
    wildcards: folder=data, sim_id=1, tree_id=46
    resources: tmpdir=/tmp

[Tue Feb 18 10:57:27 2025]
Finished job 486.
4 of 1005 steps (0.4%) done
Select jobs to execute...
Execute 1 jobs...

[Tue Feb 18 10:57:27 2025]
localrule access_tree:
    input: data/1/simulated.trees, data/1/48/init.txt
    output: data/1/48/center.tree.pkl, data/1/48/left.tree.pkl, data/1/48/right.tree.pkl, data/1/48/lcr.trees, data/1/48/intervals.tsv
    jobid: 496
    reason: Missing output files: data/1/48/lcr.trees, data/1/48/intervals.tsv; Input files updated by another job: data/1/simulated.trees
    wildcards: folder=data, sim_id=1, tree_id=48
    resources: tmpdir=/tmp

[Tue Feb 18 10:57:28 2025]
Finished job 496.
5 of 1005 steps (0.5%) done
Select jobs to execute...
Execute 1 jobs...

[Tue Feb 18 10:57:28 2025]
localrule access_tree:
    input: data/1/simulated.trees, data/1/26/init.txt
    output: data/1/26/center.tree.pkl, data/1/26/left.tree.pkl, data/1/26/right.tree.pkl, data/1/26/lcr.trees, data/1/26/intervals.tsv
    jobid: 386
    reason: Missing output files: data/1/26/intervals.tsv, data/1/26/lcr.trees; Input files updated by another job: data/1/simulated.trees
    wildcards: folder=data, sim_id=1, tree_id=26
    resources: tmpdir=/tmp

[Tue Feb 18 10:57:29 2025]
Finished job 386.
6 of 1005 steps (1%) done
Select jobs to execute...
Execute 1 jobs...

[Tue Feb 18 10:57:29 2025]
localrule access_tree:
    input: data/1/simulated.trees, data/1/43/init.txt
    output: data/1/43/center.tree.pkl, data/1/43/left.tree.pkl, data/1/43/right.tree.pkl, data/1/43/lcr.trees, data/1/43/intervals.tsv
    jobid: 471
    reason: Missing output files: data/1/43/intervals.tsv, data/1/43/lcr.trees; Input files updated by another job: data/1/simulated.trees
    wildcards: folder=data, sim_id=1, tree_id=43
    resources: tmpdir=/tmp

[Tue Feb 18 10:57:30 2025]
Finished job 471.
7 of 1005 steps (1%) done
Select jobs to execute...
Execute 1 jobs...

[Tue Feb 18 10:57:30 2025]
localrule access_tree:
    input: data/1/simulated.trees, data/1/31/init.txt
    output: data/1/31/center.tree.pkl, data/1/31/left.tree.pkl, data/1/31/right.tree.pkl, data/1/31/lcr.trees, data/1/31/intervals.tsv
    jobid: 411
    reason: Missing output files: data/1/31/lcr.trees, data/1/31/intervals.tsv; Input files updated by another job: data/1/simulated.trees
    wildcards: folder=data, sim_id=1, tree_id=31
    resources: tmpdir=/tmp

[Tue Feb 18 10:57:31 2025]
Finished job 411.
8 of 1005 steps (1%) done
Select jobs to execute...
Execute 1 jobs...

[Tue Feb 18 10:57:31 2025]
localrule access_tree:
    input: data/1/simulated.trees, data/1/38/init.txt
    output: data/1/38/center.tree.pkl, data/1/38/left.tree.pkl, data/1/38/right.tree.pkl, data/1/38/lcr.trees, data/1/38/intervals.tsv
    jobid: 446
    reason: Missing output files: data/1/38/lcr.trees, data/1/38/intervals.tsv; Input files updated by another job: data/1/simulated.trees
    wildcards: folder=data, sim_id=1, tree_id=38
    resources: tmpdir=/tmp

[Tue Feb 18 10:57:32 2025]
Finished job 446.
9 of 1005 steps (1%) done
Select jobs to execute...
Execute 1 jobs...

[Tue Feb 18 10:57:32 2025]
localrule access_tree:
    input: data/1/simulated.trees, data/1/16/init.txt
    output: data/1/16/center.tree.pkl, data/1/16/left.tree.pkl, data/1/16/right.tree.pkl, data/1/16/lcr.trees, data/1/16/intervals.tsv
    jobid: 336
    reason: Missing output files: data/1/16/intervals.tsv, data/1/16/lcr.trees; Input files updated by another job: data/1/simulated.trees
    wildcards: folder=data, sim_id=1, tree_id=16
    resources: tmpdir=/tmp

[Tue Feb 18 10:57:33 2025]
Finished job 336.
10 of 1005 steps (1%) done
Select jobs to execute...
Execute 1 jobs...

[Tue Feb 18 10:57:33 2025]
localrule access_tree:
    input: data/1/simulated.trees, data/1/33/init.txt
    output: data/1/33/center.tree.pkl, data/1/33/left.tree.pkl, data/1/33/right.tree.pkl, data/1/33/lcr.trees, data/1/33/intervals.tsv
    jobid: 421
    reason: Missing output files: data/1/33/lcr.trees, data/1/33/intervals.tsv; Input files updated by another job: data/1/simulated.trees
    wildcards: folder=data, sim_id=1, tree_id=33
    resources: tmpdir=/tmp

[Tue Feb 18 10:57:34 2025]
Finished job 421.
11 of 1005 steps (1%) done
Select jobs to execute...
Execute 1 jobs...

[Tue Feb 18 10:57:34 2025]
localrule access_tree:
    input: data/1/simulated.trees, data/1/36/init.txt
    output: data/1/36/center.tree.pkl, data/1/36/left.tree.pkl, data/1/36/right.tree.pkl, data/1/36/lcr.trees, data/1/36/intervals.tsv
    jobid: 436
    reason: Missing output files: data/1/36/lcr.trees, data/1/36/intervals.tsv; Input files updated by another job: data/1/simulated.trees
    wildcards: folder=data, sim_id=1, tree_id=36
    resources: tmpdir=/tmp

[Tue Feb 18 10:57:34 2025]
Finished job 436.
12 of 1005 steps (1%) done
Select jobs to execute...
Execute 1 jobs...

[Tue Feb 18 10:57:35 2025]
localrule access_tree:
    input: data/1/simulated.trees, data/1/28/init.txt
    output: data/1/28/center.tree.pkl, data/1/28/left.tree.pkl, data/1/28/right.tree.pkl, data/1/28/lcr.trees, data/1/28/intervals.tsv
    jobid: 396
    reason: Missing output files: data/1/28/lcr.trees, data/1/28/intervals.tsv; Input files updated by another job: data/1/simulated.trees
    wildcards: folder=data, sim_id=1, tree_id=28
    resources: tmpdir=/tmp

[Tue Feb 18 10:57:35 2025]
Finished job 396.
13 of 1005 steps (1%) done
Select jobs to execute...
Execute 1 jobs...

[Tue Feb 18 10:57:35 2025]
localrule access_tree:
    input: data/1/simulated.trees, data/1/23/init.txt
    output: data/1/23/center.tree.pkl, data/1/23/left.tree.pkl, data/1/23/right.tree.pkl, data/1/23/lcr.trees, data/1/23/intervals.tsv
    jobid: 371
    reason: Missing output files: data/1/23/intervals.tsv, data/1/23/lcr.trees; Input files updated by another job: data/1/simulated.trees
    wildcards: folder=data, sim_id=1, tree_id=23
    resources: tmpdir=/tmp

[Tue Feb 18 10:57:36 2025]
Finished job 371.
14 of 1005 steps (1%) done
Select jobs to execute...
Execute 1 jobs...

[Tue Feb 18 10:57:36 2025]
localrule access_tree:
    input: data/1/simulated.trees, data/1/8/init.txt
    output: data/1/8/center.tree.pkl, data/1/8/left.tree.pkl, data/1/8/right.tree.pkl, data/1/8/lcr.trees, data/1/8/intervals.tsv
    jobid: 296
    reason: Missing output files: data/1/8/lcr.trees, data/1/8/intervals.tsv; Input files updated by another job: data/1/simulated.trees
    wildcards: folder=data, sim_id=1, tree_id=8
    resources: tmpdir=/tmp

[Tue Feb 18 10:57:37 2025]
Finished job 296.
15 of 1005 steps (1%) done
Select jobs to execute...
Execute 1 jobs...

[Tue Feb 18 10:57:37 2025]
localrule simulate_tree_sequence:
    input: data/3/parameters.tsv
    output: data/3/simulated.trees
    jobid: 758
    reason: Missing output files: data/3/simulated.trees
    wildcards: folder=data, sim_id=3
    resources: tmpdir=/tmp

[Tue Feb 18 10:57:38 2025]
Finished job 758.
16 of 1005 steps (2%) done
Select jobs to execute...
Execute 1 jobs...

[Tue Feb 18 10:57:38 2025]
localrule access_tree:
    input: data/3/simulated.trees, data/3/35/init.txt
    output: data/3/35/center.tree.pkl, data/3/35/left.tree.pkl, data/3/35/right.tree.pkl, data/3/35/lcr.trees, data/3/35/intervals.tsv
    jobid: 933
    reason: Missing output files: data/3/35/lcr.trees, data/3/35/intervals.tsv; Input files updated by another job: data/3/simulated.trees
    wildcards: folder=data, sim_id=3, tree_id=35
    resources: tmpdir=/tmp

[Tue Feb 18 10:57:39 2025]
Finished job 933.
17 of 1005 steps (2%) done
Select jobs to execute...
Execute 1 jobs...

[Tue Feb 18 10:57:39 2025]
localrule access_tree:
    input: data/3/simulated.trees, data/3/45/init.txt
    output: data/3/45/center.tree.pkl, data/3/45/left.tree.pkl, data/3/45/right.tree.pkl, data/3/45/lcr.trees, data/3/45/intervals.tsv
    jobid: 983
    reason: Missing output files: data/3/45/lcr.trees, data/3/45/intervals.tsv; Input files updated by another job: data/3/simulated.trees
    wildcards: folder=data, sim_id=3, tree_id=45
    resources: tmpdir=/tmp

[Tue Feb 18 10:57:40 2025]
Finished job 983.
18 of 1005 steps (2%) done
Select jobs to execute...
Execute 1 jobs...

[Tue Feb 18 10:57:40 2025]
localrule access_tree:
    input: data/1/simulated.trees, data/1/20/init.txt
    output: data/1/20/center.tree.pkl, data/1/20/left.tree.pkl, data/1/20/right.tree.pkl, data/1/20/lcr.trees, data/1/20/intervals.tsv
    jobid: 356
    reason: Missing output files: data/1/20/intervals.tsv, data/1/20/lcr.trees; Input files updated by another job: data/1/simulated.trees
    wildcards: folder=data, sim_id=1, tree_id=20
    resources: tmpdir=/tmp

[Tue Feb 18 10:57:40 2025]
Finished job 356.
19 of 1005 steps (2%) done
Select jobs to execute...
Execute 1 jobs...

[Tue Feb 18 10:57:40 2025]
localrule access_tree:
    input: data/1/simulated.trees, data/1/40/init.txt
    output: data/1/40/center.tree.pkl, data/1/40/left.tree.pkl, data/1/40/right.tree.pkl, data/1/40/lcr.trees, data/1/40/intervals.tsv
    jobid: 456
    reason: Missing output files: data/1/40/intervals.tsv, data/1/40/lcr.trees; Input files updated by another job: data/1/simulated.trees
    wildcards: folder=data, sim_id=1, tree_id=40
    resources: tmpdir=/tmp

[Tue Feb 18 10:57:41 2025]
Finished job 456.
20 of 1005 steps (2%) done
Select jobs to execute...
Execute 1 jobs...

[Tue Feb 18 10:57:41 2025]
localrule access_tree:
    input: data/1/simulated.trees, data/1/10/init.txt
    output: data/1/10/center.tree.pkl, data/1/10/left.tree.pkl, data/1/10/right.tree.pkl, data/1/10/lcr.trees, data/1/10/intervals.tsv
    jobid: 306
    reason: Missing output files: data/1/10/lcr.trees, data/1/10/intervals.tsv; Input files updated by another job: data/1/simulated.trees
    wildcards: folder=data, sim_id=1, tree_id=10
    resources: tmpdir=/tmp

[Tue Feb 18 10:57:42 2025]
Finished job 306.
21 of 1005 steps (2%) done
Select jobs to execute...
Execute 1 jobs...

[Tue Feb 18 10:57:42 2025]
localrule access_tree:
    input: data/1/simulated.trees, data/1/30/init.txt
    output: data/1/30/center.tree.pkl, data/1/30/left.tree.pkl, data/1/30/right.tree.pkl, data/1/30/lcr.trees, data/1/30/intervals.tsv
    jobid: 406
    reason: Missing output files: data/1/30/intervals.tsv, data/1/30/lcr.trees; Input files updated by another job: data/1/simulated.trees
    wildcards: folder=data, sim_id=1, tree_id=30
    resources: tmpdir=/tmp

[Tue Feb 18 10:57:43 2025]
Finished job 406.
22 of 1005 steps (2%) done
Select jobs to execute...
Execute 1 jobs...

[Tue Feb 18 10:57:43 2025]
localrule access_tree:
    input: data/3/simulated.trees, data/3/16/init.txt
    output: data/3/16/center.tree.pkl, data/3/16/left.tree.pkl, data/3/16/right.tree.pkl, data/3/16/lcr.trees, data/3/16/intervals.tsv
    jobid: 838
    reason: Missing output files: data/3/16/intervals.tsv, data/3/16/lcr.trees; Input files updated by another job: data/3/simulated.trees
    wildcards: folder=data, sim_id=3, tree_id=16
    resources: tmpdir=/tmp

[Tue Feb 18 10:57:44 2025]
Finished job 838.
23 of 1005 steps (2%) done
Select jobs to execute...
Execute 1 jobs...

[Tue Feb 18 10:57:44 2025]
localrule access_tree:
    input: data/3/simulated.trees, data/3/15/init.txt
    output: data/3/15/center.tree.pkl, data/3/15/left.tree.pkl, data/3/15/right.tree.pkl, data/3/15/lcr.trees, data/3/15/intervals.tsv
    jobid: 833
    reason: Missing output files: data/3/15/lcr.trees, data/3/15/intervals.tsv; Input files updated by another job: data/3/simulated.trees
    wildcards: folder=data, sim_id=3, tree_id=15
    resources: tmpdir=/tmp

[Tue Feb 18 10:57:45 2025]
Finished job 833.
24 of 1005 steps (2%) done
Select jobs to execute...
Execute 1 jobs...

[Tue Feb 18 10:57:45 2025]
localrule access_tree:
    input: data/3/simulated.trees, data/3/36/init.txt
    output: data/3/36/center.tree.pkl, data/3/36/left.tree.pkl, data/3/36/right.tree.pkl, data/3/36/lcr.trees, data/3/36/intervals.tsv
    jobid: 938
    reason: Missing output files: data/3/36/intervals.tsv, data/3/36/lcr.trees; Input files updated by another job: data/3/simulated.trees
    wildcards: folder=data, sim_id=3, tree_id=36
    resources: tmpdir=/tmp

[Tue Feb 18 10:57:46 2025]
Finished job 938.
25 of 1005 steps (2%) done
Select jobs to execute...
Execute 1 jobs...

[Tue Feb 18 10:57:46 2025]
localrule access_tree:
    input: data/3/simulated.trees, data/3/25/init.txt
    output: data/3/25/center.tree.pkl, data/3/25/left.tree.pkl, data/3/25/right.tree.pkl, data/3/25/lcr.trees, data/3/25/intervals.tsv
    jobid: 883
    reason: Missing output files: data/3/25/lcr.trees, data/3/25/intervals.tsv; Input files updated by another job: data/3/simulated.trees
    wildcards: folder=data, sim_id=3, tree_id=25
    resources: tmpdir=/tmp

[Tue Feb 18 10:57:47 2025]
Finished job 883.
26 of 1005 steps (3%) done
Select jobs to execute...
Execute 1 jobs...

[Tue Feb 18 10:57:47 2025]
localrule access_tree:
    input: data/3/simulated.trees, data/3/6/init.txt
    output: data/3/6/center.tree.pkl, data/3/6/left.tree.pkl, data/3/6/right.tree.pkl, data/3/6/lcr.trees, data/3/6/intervals.tsv
    jobid: 788
    reason: Missing output files: data/3/6/lcr.trees, data/3/6/intervals.tsv; Input files updated by another job: data/3/simulated.trees
    wildcards: folder=data, sim_id=3, tree_id=6
    resources: tmpdir=/tmp

[Tue Feb 18 10:57:48 2025]
Finished job 788.
27 of 1005 steps (3%) done
Select jobs to execute...
Execute 1 jobs...

[Tue Feb 18 10:57:48 2025]
localrule access_tree:
    input: data/3/simulated.trees, data/3/5/init.txt
    output: data/3/5/center.tree.pkl, data/3/5/left.tree.pkl, data/3/5/right.tree.pkl, data/3/5/lcr.trees, data/3/5/intervals.tsv
    jobid: 783
    reason: Missing output files: data/3/5/intervals.tsv, data/3/5/lcr.trees; Input files updated by another job: data/3/simulated.trees
    wildcards: folder=data, sim_id=3, tree_id=5
    resources: tmpdir=/tmp

[Tue Feb 18 10:57:49 2025]
Finished job 783.
28 of 1005 steps (3%) done
Select jobs to execute...
Execute 1 jobs...

[Tue Feb 18 10:57:49 2025]
localrule access_tree:
    input: data/3/simulated.trees, data/3/26/init.txt
    output: data/3/26/center.tree.pkl, data/3/26/left.tree.pkl, data/3/26/right.tree.pkl, data/3/26/lcr.trees, data/3/26/intervals.tsv
    jobid: 888
    reason: Missing output files: data/3/26/lcr.trees, data/3/26/intervals.tsv; Input files updated by another job: data/3/simulated.trees
    wildcards: folder=data, sim_id=3, tree_id=26
    resources: tmpdir=/tmp

[Tue Feb 18 10:57:50 2025]
Finished job 888.
29 of 1005 steps (3%) done
Select jobs to execute...
Execute 1 jobs...

[Tue Feb 18 10:57:50 2025]
localrule tree_to_vcf:
    input: data/1/33/lcr.trees
    output: data/1/33/lcr.vcf
    jobid: 420
    reason: Missing output files: data/1/33/lcr.vcf; Input files updated by another job: data/1/33/lcr.trees
    wildcards: folder=data, sim_id=1, tree_id=33
    resources: tmpdir=/tmp

[Tue Feb 18 10:57:50 2025]
Finished job 420.
30 of 1005 steps (3%) done
Select jobs to execute...
Execute 1 jobs...

[Tue Feb 18 10:57:50 2025]
localrule gzip_tree_vcf:
    input: data/1/33/lcr.vcf
    output: data/1/33/lcr.vcf.gz
    jobid: 419
    reason: Missing output files: data/1/33/lcr.vcf.gz; Input files updated by another job: data/1/33/lcr.vcf
    wildcards: folder=data, sim_id=1, tree_id=33
    resources: tmpdir=/tmp

[Tue Feb 18 10:57:50 2025]
Finished job 419.
31 of 1005 steps (3%) done
Select jobs to execute...
Execute 1 jobs...

[Tue Feb 18 10:57:50 2025]
localrule tree_to_vcf:
    input: data/1/23/lcr.trees
    output: data/1/23/lcr.vcf
    jobid: 370
    reason: Missing output files: data/1/23/lcr.vcf; Input files updated by another job: data/1/23/lcr.trees
    wildcards: folder=data, sim_id=1, tree_id=23
    resources: tmpdir=/tmp

[Tue Feb 18 10:57:50 2025]
Finished job 370.
32 of 1005 steps (3%) done
Select jobs to execute...
Execute 1 jobs...

[Tue Feb 18 10:57:50 2025]
localrule gzip_tree_vcf:
    input: data/1/23/lcr.vcf
    output: data/1/23/lcr.vcf.gz
    jobid: 369
    reason: Missing output files: data/1/23/lcr.vcf.gz; Input files updated by another job: data/1/23/lcr.vcf
    wildcards: folder=data, sim_id=1, tree_id=23
    resources: tmpdir=/tmp

[Tue Feb 18 10:57:51 2025]
Finished job 369.
33 of 1005 steps (3%) done
Select jobs to execute...
Execute 1 jobs...

[Tue Feb 18 10:57:51 2025]
localrule access_tree:
    input: data/3/simulated.trees, data/3/46/init.txt
    output: data/3/46/center.tree.pkl, data/3/46/left.tree.pkl, data/3/46/right.tree.pkl, data/3/46/lcr.trees, data/3/46/intervals.tsv
    jobid: 988
    reason: Missing output files: data/3/46/intervals.tsv, data/3/46/lcr.trees; Input files updated by another job: data/3/simulated.trees
    wildcards: folder=data, sim_id=3, tree_id=46
    resources: tmpdir=/tmp

[Tue Feb 18 10:57:52 2025]
Finished job 988.
34 of 1005 steps (3%) done
Select jobs to execute...
Execute 1 jobs...

[Tue Feb 18 10:57:52 2025]
localrule tree_to_vcf:
    input: data/3/46/lcr.trees
    output: data/3/46/lcr.vcf
    jobid: 987
    reason: Missing output files: data/3/46/lcr.vcf; Input files updated by another job: data/3/46/lcr.trees
    wildcards: folder=data, sim_id=3, tree_id=46
    resources: tmpdir=/tmp

[Tue Feb 18 10:57:52 2025]
Finished job 987.
35 of 1005 steps (3%) done
Select jobs to execute...
Execute 1 jobs...

[Tue Feb 18 10:57:52 2025]
localrule tree_to_vcf:
    input: data/1/43/lcr.trees
    output: data/1/43/lcr.vcf
    jobid: 470
    reason: Missing output files: data/1/43/lcr.vcf; Input files updated by another job: data/1/43/lcr.trees
    wildcards: folder=data, sim_id=1, tree_id=43
    resources: tmpdir=/tmp

[Tue Feb 18 10:57:52 2025]
Finished job 470.
36 of 1005 steps (4%) done
Select jobs to execute...
Execute 1 jobs...

[Tue Feb 18 10:57:52 2025]
localrule gzip_tree_vcf:
    input: data/1/43/lcr.vcf
    output: data/1/43/lcr.vcf.gz
    jobid: 469
    reason: Missing output files: data/1/43/lcr.vcf.gz; Input files updated by another job: data/1/43/lcr.vcf
    wildcards: folder=data, sim_id=1, tree_id=43
    resources: tmpdir=/tmp

[Tue Feb 18 10:57:52 2025]
Finished job 469.
37 of 1005 steps (4%) done
Select jobs to execute...
Execute 1 jobs...

[Tue Feb 18 10:57:52 2025]
localrule access_tree:
    input: data/1/simulated.trees, data/1/1/init.txt
    output: data/1/1/center.tree.pkl, data/1/1/left.tree.pkl, data/1/1/right.tree.pkl, data/1/1/lcr.trees, data/1/1/intervals.tsv
    jobid: 261
    reason: Missing output files: data/1/1/lcr.trees, data/1/1/intervals.tsv; Input files updated by another job: data/1/simulated.trees
    wildcards: folder=data, sim_id=1, tree_id=1
    resources: tmpdir=/tmp

[Tue Feb 18 10:57:53 2025]
Finished job 261.
38 of 1005 steps (4%) done
Select jobs to execute...
Execute 1 jobs...

[Tue Feb 18 10:57:53 2025]
localrule access_tree:
    input: data/1/simulated.trees, data/1/49/init.txt
    output: data/1/49/center.tree.pkl, data/1/49/left.tree.pkl, data/1/49/right.tree.pkl, data/1/49/lcr.trees, data/1/49/intervals.tsv
    jobid: 501
    reason: Missing output files: data/1/49/intervals.tsv, data/1/49/lcr.trees; Input files updated by another job: data/1/simulated.trees
    wildcards: folder=data, sim_id=1, tree_id=49
    resources: tmpdir=/tmp

[Tue Feb 18 10:57:54 2025]
Finished job 501.
39 of 1005 steps (4%) done
Select jobs to execute...
Execute 1 jobs...

[Tue Feb 18 10:57:54 2025]
localrule access_tree:
    input: data/1/simulated.trees, data/1/21/init.txt
    output: data/1/21/center.tree.pkl, data/1/21/left.tree.pkl, data/1/21/right.tree.pkl, data/1/21/lcr.trees, data/1/21/intervals.tsv
    jobid: 361
    reason: Missing output files: data/1/21/intervals.tsv, data/1/21/lcr.trees; Input files updated by another job: data/1/simulated.trees
    wildcards: folder=data, sim_id=1, tree_id=21
    resources: tmpdir=/tmp

[Tue Feb 18 10:57:55 2025]
Finished job 361.
40 of 1005 steps (4%) done
Select jobs to execute...
Execute 1 jobs...

[Tue Feb 18 10:57:55 2025]
localrule access_tree:
    input: data/1/simulated.trees, data/1/39/init.txt
    output: data/1/39/center.tree.pkl, data/1/39/left.tree.pkl, data/1/39/right.tree.pkl, data/1/39/lcr.trees, data/1/39/intervals.tsv
    jobid: 451
    reason: Missing output files: data/1/39/lcr.trees, data/1/39/intervals.tsv; Input files updated by another job: data/1/simulated.trees
    wildcards: folder=data, sim_id=1, tree_id=39
    resources: tmpdir=/tmp

[Tue Feb 18 10:57:56 2025]
Finished job 451.
41 of 1005 steps (4%) done
Select jobs to execute...
Execute 1 jobs...

[Tue Feb 18 10:57:56 2025]
localrule access_tree:
    input: data/1/simulated.trees, data/1/41/init.txt
    output: data/1/41/center.tree.pkl, data/1/41/left.tree.pkl, data/1/41/right.tree.pkl, data/1/41/lcr.trees, data/1/41/intervals.tsv
    jobid: 461
    reason: Missing output files: data/1/41/lcr.trees, data/1/41/intervals.tsv; Input files updated by another job: data/1/simulated.trees
    wildcards: folder=data, sim_id=1, tree_id=41
    resources: tmpdir=/tmp

[Tue Feb 18 10:57:57 2025]
Finished job 461.
42 of 1005 steps (4%) done
Select jobs to execute...
Execute 1 jobs...

[Tue Feb 18 10:57:57 2025]
localrule access_tree:
    input: data/1/simulated.trees, data/1/19/init.txt
    output: data/1/19/center.tree.pkl, data/1/19/left.tree.pkl, data/1/19/right.tree.pkl, data/1/19/lcr.trees, data/1/19/intervals.tsv
    jobid: 351
    reason: Missing output files: data/1/19/lcr.trees, data/1/19/intervals.tsv; Input files updated by another job: data/1/simulated.trees
    wildcards: folder=data, sim_id=1, tree_id=19
    resources: tmpdir=/tmp

[Tue Feb 18 10:57:58 2025]
Finished job 351.
43 of 1005 steps (4%) done
Select jobs to execute...
Execute 1 jobs...

[Tue Feb 18 10:57:58 2025]
localrule access_tree:
    input: data/3/simulated.trees, data/3/7/init.txt
    output: data/3/7/center.tree.pkl, data/3/7/left.tree.pkl, data/3/7/right.tree.pkl, data/3/7/lcr.trees, data/3/7/intervals.tsv
    jobid: 793
    reason: Missing output files: data/3/7/lcr.trees, data/3/7/intervals.tsv; Input files updated by another job: data/3/simulated.trees
    wildcards: folder=data, sim_id=3, tree_id=7
    resources: tmpdir=/tmp

[Tue Feb 18 10:57:59 2025]
Finished job 793.
44 of 1005 steps (4%) done
Select jobs to execute...
Execute 1 jobs...

[Tue Feb 18 10:57:59 2025]
localrule access_tree:
    input: data/1/simulated.trees, data/1/29/init.txt
    output: data/1/29/center.tree.pkl, data/1/29/left.tree.pkl, data/1/29/right.tree.pkl, data/1/29/lcr.trees, data/1/29/intervals.tsv
    jobid: 401
    reason: Missing output files: data/1/29/intervals.tsv, data/1/29/lcr.trees; Input files updated by another job: data/1/simulated.trees
    wildcards: folder=data, sim_id=1, tree_id=29
    resources: tmpdir=/tmp

[Tue Feb 18 10:57:59 2025]
Finished job 401.
45 of 1005 steps (4%) done
Select jobs to execute...
Execute 1 jobs...

[Tue Feb 18 10:57:59 2025]
localrule access_tree:
    input: data/3/simulated.trees, data/3/27/init.txt
    output: data/3/27/center.tree.pkl, data/3/27/left.tree.pkl, data/3/27/right.tree.pkl, data/3/27/lcr.trees, data/3/27/intervals.tsv
    jobid: 893
    reason: Missing output files: data/3/27/lcr.trees, data/3/27/intervals.tsv; Input files updated by another job: data/3/simulated.trees
    wildcards: folder=data, sim_id=3, tree_id=27
    resources: tmpdir=/tmp

[Tue Feb 18 10:58:00 2025]
Finished job 893.
46 of 1005 steps (5%) done
Select jobs to execute...
Execute 1 jobs...

[Tue Feb 18 10:58:00 2025]
localrule access_tree:
    input: data/1/simulated.trees, data/1/9/init.txt
    output: data/1/9/center.tree.pkl, data/1/9/left.tree.pkl, data/1/9/right.tree.pkl, data/1/9/lcr.trees, data/1/9/intervals.tsv
    jobid: 301
    reason: Missing output files: data/1/9/lcr.trees, data/1/9/intervals.tsv; Input files updated by another job: data/1/simulated.trees
    wildcards: folder=data, sim_id=1, tree_id=9
    resources: tmpdir=/tmp

[Tue Feb 18 10:58:01 2025]
Finished job 301.
47 of 1005 steps (5%) done
Select jobs to execute...
Execute 1 jobs...

[Tue Feb 18 10:58:01 2025]
localrule access_tree:
    input: data/3/simulated.trees, data/3/47/init.txt
    output: data/3/47/center.tree.pkl, data/3/47/left.tree.pkl, data/3/47/right.tree.pkl, data/3/47/lcr.trees, data/3/47/intervals.tsv
    jobid: 993
    reason: Missing output files: data/3/47/intervals.tsv, data/3/47/lcr.trees; Input files updated by another job: data/3/simulated.trees
    wildcards: folder=data, sim_id=3, tree_id=47
    resources: tmpdir=/tmp

[Tue Feb 18 10:58:02 2025]
Finished job 993.
48 of 1005 steps (5%) done
Select jobs to execute...
Execute 1 jobs...

[Tue Feb 18 10:58:02 2025]
localrule access_tree:
    input: data/3/simulated.trees, data/3/44/init.txt
    output: data/3/44/center.tree.pkl, data/3/44/left.tree.pkl, data/3/44/right.tree.pkl, data/3/44/lcr.trees, data/3/44/intervals.tsv
    jobid: 978
    reason: Missing output files: data/3/44/lcr.trees, data/3/44/intervals.tsv; Input files updated by another job: data/3/simulated.trees
    wildcards: folder=data, sim_id=3, tree_id=44
    resources: tmpdir=/tmp

[Tue Feb 18 10:58:03 2025]
Finished job 978.
49 of 1005 steps (5%) done
Select jobs to execute...
Execute 1 jobs...

[Tue Feb 18 10:58:03 2025]
localrule access_tree:
    input: data/3/simulated.trees, data/3/17/init.txt
    output: data/3/17/center.tree.pkl, data/3/17/left.tree.pkl, data/3/17/right.tree.pkl, data/3/17/lcr.trees, data/3/17/intervals.tsv
    jobid: 843
    reason: Missing output files: data/3/17/lcr.trees, data/3/17/intervals.tsv; Input files updated by another job: data/3/simulated.trees
    wildcards: folder=data, sim_id=3, tree_id=17
    resources: tmpdir=/tmp

[Tue Feb 18 10:58:04 2025]
Finished job 843.
50 of 1005 steps (5%) done
Select jobs to execute...
Execute 1 jobs...

[Tue Feb 18 10:58:04 2025]
localrule access_tree:
    input: data/3/simulated.trees, data/3/34/init.txt
    output: data/3/34/center.tree.pkl, data/3/34/left.tree.pkl, data/3/34/right.tree.pkl, data/3/34/lcr.trees, data/3/34/intervals.tsv
    jobid: 928
    reason: Missing output files: data/3/34/lcr.trees, data/3/34/intervals.tsv; Input files updated by another job: data/3/simulated.trees
    wildcards: folder=data, sim_id=3, tree_id=34
    resources: tmpdir=/tmp

[Tue Feb 18 10:58:05 2025]
Finished job 928.
51 of 1005 steps (5%) done
Select jobs to execute...
Execute 1 jobs...

[Tue Feb 18 10:58:05 2025]
localrule access_tree:
    input: data/3/simulated.trees, data/3/37/init.txt
    output: data/3/37/center.tree.pkl, data/3/37/left.tree.pkl, data/3/37/right.tree.pkl, data/3/37/lcr.trees, data/3/37/intervals.tsv
    jobid: 943
    reason: Missing output files: data/3/37/lcr.trees, data/3/37/intervals.tsv; Input files updated by another job: data/3/simulated.trees
    wildcards: folder=data, sim_id=3, tree_id=37
    resources: tmpdir=/tmp

[Tue Feb 18 10:58:06 2025]
Finished job 943.
52 of 1005 steps (5%) done
Select jobs to execute...
Execute 1 jobs...

[Tue Feb 18 10:58:06 2025]
localrule access_tree:
    input: data/3/simulated.trees, data/3/24/init.txt
    output: data/3/24/center.tree.pkl, data/3/24/left.tree.pkl, data/3/24/right.tree.pkl, data/3/24/lcr.trees, data/3/24/intervals.tsv
    jobid: 878
    reason: Missing output files: data/3/24/lcr.trees, data/3/24/intervals.tsv; Input files updated by another job: data/3/simulated.trees
    wildcards: folder=data, sim_id=3, tree_id=24
    resources: tmpdir=/tmp

[Tue Feb 18 10:58:06 2025]
Finished job 878.
53 of 1005 steps (5%) done
Select jobs to execute...
Execute 1 jobs...

[Tue Feb 18 10:58:07 2025]
localrule access_tree:
    input: data/1/simulated.trees, data/1/2/init.txt
    output: data/1/2/center.tree.pkl, data/1/2/left.tree.pkl, data/1/2/right.tree.pkl, data/1/2/lcr.trees, data/1/2/intervals.tsv
    jobid: 266
    reason: Missing output files: data/1/2/intervals.tsv, data/1/2/lcr.trees; Input files updated by another job: data/1/simulated.trees
    wildcards: folder=data, sim_id=1, tree_id=2
    resources: tmpdir=/tmp

[Tue Feb 18 10:58:07 2025]
Finished job 266.
54 of 1005 steps (5%) done
Select jobs to execute...
Execute 1 jobs...

[Tue Feb 18 10:58:07 2025]
localrule access_tree:
    input: data/3/simulated.trees, data/3/4/init.txt
    output: data/3/4/center.tree.pkl, data/3/4/left.tree.pkl, data/3/4/right.tree.pkl, data/3/4/lcr.trees, data/3/4/intervals.tsv
    jobid: 778
    reason: Missing output files: data/3/4/intervals.tsv, data/3/4/lcr.trees; Input files updated by another job: data/3/simulated.trees
    wildcards: folder=data, sim_id=3, tree_id=4
    resources: tmpdir=/tmp

[Tue Feb 18 10:58:08 2025]
Finished job 778.
55 of 1005 steps (5%) done
Select jobs to execute...
Execute 1 jobs...

[Tue Feb 18 10:58:08 2025]
localrule access_tree:
    input: data/1/simulated.trees, data/1/22/init.txt
    output: data/1/22/center.tree.pkl, data/1/22/left.tree.pkl, data/1/22/right.tree.pkl, data/1/22/lcr.trees, data/1/22/intervals.tsv
    jobid: 366
    reason: Missing output files: data/1/22/intervals.tsv, data/1/22/lcr.trees; Input files updated by another job: data/1/simulated.trees
    wildcards: folder=data, sim_id=1, tree_id=22
    resources: tmpdir=/tmp

[Tue Feb 18 10:58:09 2025]
Finished job 366.
56 of 1005 steps (6%) done
Select jobs to execute...
Execute 1 jobs...

[Tue Feb 18 10:58:09 2025]
localrule access_tree:
    input: data/3/simulated.trees, data/3/14/init.txt
    output: data/3/14/center.tree.pkl, data/3/14/left.tree.pkl, data/3/14/right.tree.pkl, data/3/14/lcr.trees, data/3/14/intervals.tsv
    jobid: 828
    reason: Missing output files: data/3/14/lcr.trees, data/3/14/intervals.tsv; Input files updated by another job: data/3/simulated.trees
    wildcards: folder=data, sim_id=3, tree_id=14
    resources: tmpdir=/tmp

[Tue Feb 18 10:58:10 2025]
Finished job 828.
57 of 1005 steps (6%) done
Select jobs to execute...
Execute 1 jobs...

[Tue Feb 18 10:58:10 2025]
localrule access_tree:
    input: data/1/simulated.trees, data/1/42/init.txt
    output: data/1/42/center.tree.pkl, data/1/42/left.tree.pkl, data/1/42/right.tree.pkl, data/1/42/lcr.trees, data/1/42/intervals.tsv
    jobid: 466
    reason: Missing output files: data/1/42/intervals.tsv, data/1/42/lcr.trees; Input files updated by another job: data/1/simulated.trees
    wildcards: folder=data, sim_id=1, tree_id=42
    resources: tmpdir=/tmp

[Tue Feb 18 10:58:11 2025]
Finished job 466.
58 of 1005 steps (6%) done
Select jobs to execute...
Execute 1 jobs...

[Tue Feb 18 10:58:11 2025]
localrule simulate_tree_sequence:
    input: data/2/parameters.tsv
    output: data/2/simulated.trees
    jobid: 507
    reason: Missing output files: data/2/simulated.trees
    wildcards: folder=data, sim_id=2
    resources: tmpdir=/tmp

[Tue Feb 18 10:58:12 2025]
Finished job 507.
59 of 1005 steps (6%) done
Select jobs to execute...
Execute 1 jobs...

[Tue Feb 18 10:58:12 2025]
localrule access_tree:
    input: data/3/simulated.trees, data/3/32/init.txt
    output: data/3/32/center.tree.pkl, data/3/32/left.tree.pkl, data/3/32/right.tree.pkl, data/3/32/lcr.trees, data/3/32/intervals.tsv
    jobid: 918
    reason: Missing output files: data/3/32/intervals.tsv, data/3/32/lcr.trees; Input files updated by another job: data/3/simulated.trees
    wildcards: folder=data, sim_id=3, tree_id=32
    resources: tmpdir=/tmp

[Tue Feb 18 10:58:13 2025]
Finished job 918.
60 of 1005 steps (6%) done
Select jobs to execute...
Execute 1 jobs...

[Tue Feb 18 10:58:13 2025]
localrule access_tree:
    input: data/3/simulated.trees, data/3/12/init.txt
    output: data/3/12/center.tree.pkl, data/3/12/left.tree.pkl, data/3/12/right.tree.pkl, data/3/12/lcr.trees, data/3/12/intervals.tsv
    jobid: 818
    reason: Missing output files: data/3/12/lcr.trees, data/3/12/intervals.tsv; Input files updated by another job: data/3/simulated.trees
    wildcards: folder=data, sim_id=3, tree_id=12
    resources: tmpdir=/tmp

[Tue Feb 18 10:58:14 2025]
Finished job 818.
61 of 1005 steps (6%) done
Select jobs to execute...
Execute 1 jobs...

[Tue Feb 18 10:58:14 2025]
localrule access_tree:
    input: data/3/simulated.trees, data/3/22/init.txt
    output: data/3/22/center.tree.pkl, data/3/22/left.tree.pkl, data/3/22/right.tree.pkl, data/3/22/lcr.trees, data/3/22/intervals.tsv
    jobid: 868
    reason: Missing output files: data/3/22/lcr.trees, data/3/22/intervals.tsv; Input files updated by another job: data/3/simulated.trees
    wildcards: folder=data, sim_id=3, tree_id=22
    resources: tmpdir=/tmp

[Tue Feb 18 10:58:15 2025]
Finished job 868.
62 of 1005 steps (6%) done
Select jobs to execute...
Execute 1 jobs...

[Tue Feb 18 10:58:15 2025]
localrule access_tree:
    input: data/3/simulated.trees, data/3/2/init.txt
    output: data/3/2/center.tree.pkl, data/3/2/left.tree.pkl, data/3/2/right.tree.pkl, data/3/2/lcr.trees, data/3/2/intervals.tsv
    jobid: 768
    reason: Missing output files: data/3/2/intervals.tsv, data/3/2/lcr.trees; Input files updated by another job: data/3/simulated.trees
    wildcards: folder=data, sim_id=3, tree_id=2
    resources: tmpdir=/tmp

[Tue Feb 18 10:58:15 2025]
Finished job 768.
63 of 1005 steps (6%) done
Select jobs to execute...
Execute 1 jobs...

[Tue Feb 18 10:58:15 2025]
localrule access_tree:
    input: data/2/simulated.trees, data/2/44/init.txt
    output: data/2/44/center.tree.pkl, data/2/44/left.tree.pkl, data/2/44/right.tree.pkl, data/2/44/lcr.trees, data/2/44/intervals.tsv
    jobid: 727
    reason: Missing output files: data/2/44/intervals.tsv, data/2/44/lcr.trees; Input files updated by another job: data/2/simulated.trees
    wildcards: folder=data, sim_id=2, tree_id=44
    resources: tmpdir=/tmp

[Tue Feb 18 10:58:16 2025]
Finished job 727.
64 of 1005 steps (6%) done
Select jobs to execute...
Execute 1 jobs...

[Tue Feb 18 10:58:16 2025]
localrule access_tree:
    input: data/2/simulated.trees, data/2/34/init.txt
    output: data/2/34/center.tree.pkl, data/2/34/left.tree.pkl, data/2/34/right.tree.pkl, data/2/34/lcr.trees, data/2/34/intervals.tsv
    jobid: 677
    reason: Missing output files: data/2/34/lcr.trees, data/2/34/intervals.tsv; Input files updated by another job: data/2/simulated.trees
    wildcards: folder=data, sim_id=2, tree_id=34
    resources: tmpdir=/tmp

[Tue Feb 18 10:58:17 2025]
Finished job 677.
65 of 1005 steps (6%) done
Select jobs to execute...
Execute 1 jobs...

[Tue Feb 18 10:58:17 2025]
localrule access_tree:
    input: data/2/simulated.trees, data/2/24/init.txt
    output: data/2/24/center.tree.pkl, data/2/24/left.tree.pkl, data/2/24/right.tree.pkl, data/2/24/lcr.trees, data/2/24/intervals.tsv
    jobid: 627
    reason: Missing output files: data/2/24/intervals.tsv, data/2/24/lcr.trees; Input files updated by another job: data/2/simulated.trees
    wildcards: folder=data, sim_id=2, tree_id=24
    resources: tmpdir=/tmp

[Tue Feb 18 10:58:18 2025]
Finished job 627.
66 of 1005 steps (7%) done
Select jobs to execute...
Execute 1 jobs...

[Tue Feb 18 10:58:18 2025]
localrule access_tree:
    input: data/2/simulated.trees, data/2/14/init.txt
    output: data/2/14/center.tree.pkl, data/2/14/left.tree.pkl, data/2/14/right.tree.pkl, data/2/14/lcr.trees, data/2/14/intervals.tsv
    jobid: 577
    reason: Missing output files: data/2/14/intervals.tsv, data/2/14/lcr.trees; Input files updated by another job: data/2/simulated.trees
    wildcards: folder=data, sim_id=2, tree_id=14
    resources: tmpdir=/tmp

[Tue Feb 18 10:58:19 2025]
Finished job 577.
67 of 1005 steps (7%) done
Select jobs to execute...
Execute 1 jobs...

[Tue Feb 18 10:58:19 2025]
localrule access_tree:
    input: data/2/simulated.trees, data/2/4/init.txt
    output: data/2/4/center.tree.pkl, data/2/4/left.tree.pkl, data/2/4/right.tree.pkl, data/2/4/lcr.trees, data/2/4/intervals.tsv
    jobid: 527
    reason: Missing output files: data/2/4/lcr.trees, data/2/4/intervals.tsv; Input files updated by another job: data/2/simulated.trees
    wildcards: folder=data, sim_id=2, tree_id=4
    resources: tmpdir=/tmp

[Tue Feb 18 10:58:20 2025]
Finished job 527.
68 of 1005 steps (7%) done
Select jobs to execute...
Execute 1 jobs...

[Tue Feb 18 10:58:20 2025]
localrule tabix_tree_vcf:
    input: data/1/23/lcr.vcf.gz
    output: data/1/23/lcr.vcf.gz.tbi
    jobid: 372
    reason: Missing output files: data/1/23/lcr.vcf.gz.tbi; Input files updated by another job: data/1/23/lcr.vcf.gz
    wildcards: folder=data, sim_id=1, tree_id=23
    resources: tmpdir=/tmp

[Tue Feb 18 10:58:20 2025]
Finished job 372.
69 of 1005 steps (7%) done
Select jobs to execute...
Execute 1 jobs...

[Tue Feb 18 10:58:20 2025]
localrule tree_to_vcf:
    input: data/1/30/lcr.trees
    output: data/1/30/lcr.vcf
    jobid: 405
    reason: Missing output files: data/1/30/lcr.vcf; Input files updated by another job: data/1/30/lcr.trees
    wildcards: folder=data, sim_id=1, tree_id=30
    resources: tmpdir=/tmp

[Tue Feb 18 10:58:20 2025]
Finished job 405.
70 of 1005 steps (7%) done
Select jobs to execute...
Execute 1 jobs...

[Tue Feb 18 10:58:20 2025]
localrule tree_to_vcf:
    input: data/1/10/lcr.trees
    output: data/1/10/lcr.vcf
    jobid: 305
    reason: Missing output files: data/1/10/lcr.vcf; Input files updated by another job: data/1/10/lcr.trees
    wildcards: folder=data, sim_id=1, tree_id=10
    resources: tmpdir=/tmp

[Tue Feb 18 10:58:21 2025]
Finished job 305.
71 of 1005 steps (7%) done
Select jobs to execute...
Execute 1 jobs...

[Tue Feb 18 10:58:21 2025]
localrule tree_to_vcf:
    input: data/1/40/lcr.trees
    output: data/1/40/lcr.vcf
    jobid: 455
    reason: Missing output files: data/1/40/lcr.vcf; Input files updated by another job: data/1/40/lcr.trees
    wildcards: folder=data, sim_id=1, tree_id=40
    resources: tmpdir=/tmp

[Tue Feb 18 10:58:21 2025]
Finished job 455.
72 of 1005 steps (7%) done
Select jobs to execute...
Execute 1 jobs...

[Tue Feb 18 10:58:21 2025]
localrule tree_to_vcf:
    input: data/1/20/lcr.trees
    output: data/1/20/lcr.vcf
    jobid: 355
    reason: Missing output files: data/1/20/lcr.vcf; Input files updated by another job: data/1/20/lcr.trees
    wildcards: folder=data, sim_id=1, tree_id=20
    resources: tmpdir=/tmp

[Tue Feb 18 10:58:21 2025]
Finished job 355.
73 of 1005 steps (7%) done
Select jobs to execute...
Execute 1 jobs...

[Tue Feb 18 10:58:21 2025]
localrule tree_to_vcf:
    input: data/3/5/lcr.trees
    output: data/3/5/lcr.vcf
    jobid: 782
    reason: Missing output files: data/3/5/lcr.vcf; Input files updated by another job: data/3/5/lcr.trees
    wildcards: folder=data, sim_id=3, tree_id=5
    resources: tmpdir=/tmp

[Tue Feb 18 10:58:22 2025]
Finished job 782.
74 of 1005 steps (7%) done
Select jobs to execute...
Execute 1 jobs...

[Tue Feb 18 10:58:22 2025]
localrule tree_to_vcf:
    input: data/3/15/lcr.trees
    output: data/3/15/lcr.vcf
    jobid: 832
    reason: Missing output files: data/3/15/lcr.vcf; Input files updated by another job: data/3/15/lcr.trees
    wildcards: folder=data, sim_id=3, tree_id=15
    resources: tmpdir=/tmp

[Tue Feb 18 10:58:22 2025]
Finished job 832.
75 of 1005 steps (7%) done
Select jobs to execute...
Execute 1 jobs...

[Tue Feb 18 10:58:22 2025]
localrule tree_to_vcf:
    input: data/3/35/lcr.trees
    output: data/3/35/lcr.vcf
    jobid: 932
    reason: Missing output files: data/3/35/lcr.vcf; Input files updated by another job: data/3/35/lcr.trees
    wildcards: folder=data, sim_id=3, tree_id=35
    resources: tmpdir=/tmp

[Tue Feb 18 10:58:22 2025]
Finished job 932.
76 of 1005 steps (8%) done
Select jobs to execute...
Execute 1 jobs...

[Tue Feb 18 10:58:22 2025]
localrule tree_to_vcf:
    input: data/3/25/lcr.trees
    output: data/3/25/lcr.vcf
    jobid: 882
    reason: Missing output files: data/3/25/lcr.vcf; Input files updated by another job: data/3/25/lcr.trees
    wildcards: folder=data, sim_id=3, tree_id=25
    resources: tmpdir=/tmp

[Tue Feb 18 10:58:23 2025]
Finished job 882.
77 of 1005 steps (8%) done
Select jobs to execute...
Execute 1 jobs...

[Tue Feb 18 10:58:23 2025]
localrule tree_to_vcf:
    input: data/3/45/lcr.trees
    output: data/3/45/lcr.vcf
    jobid: 982
    reason: Missing output files: data/3/45/lcr.vcf; Input files updated by another job: data/3/45/lcr.trees
    wildcards: folder=data, sim_id=3, tree_id=45
    resources: tmpdir=/tmp

[Tue Feb 18 10:58:23 2025]
Finished job 982.
78 of 1005 steps (8%) done
Select jobs to execute...
Execute 1 jobs...

[Tue Feb 18 10:58:23 2025]
localrule access_tree:
    input: data/3/simulated.trees, data/3/41/init.txt
    output: data/3/41/center.tree.pkl, data/3/41/left.tree.pkl, data/3/41/right.tree.pkl, data/3/41/lcr.trees, data/3/41/intervals.tsv
    jobid: 963
    reason: Missing output files: data/3/41/intervals.tsv, data/3/41/lcr.trees; Input files updated by another job: data/3/simulated.trees
    wildcards: folder=data, sim_id=3, tree_id=41
    resources: tmpdir=/tmp

[Tue Feb 18 10:58:24 2025]
Finished job 963.
79 of 1005 steps (8%) done
Select jobs to execute...
Execute 1 jobs...

[Tue Feb 18 10:58:24 2025]
localrule access_tree:
    input: data/3/simulated.trees, data/3/21/init.txt
    output: data/3/21/center.tree.pkl, data/3/21/left.tree.pkl, data/3/21/right.tree.pkl, data/3/21/lcr.trees, data/3/21/intervals.tsv
    jobid: 863
    reason: Missing output files: data/3/21/lcr.trees, data/3/21/intervals.tsv; Input files updated by another job: data/3/simulated.trees
    wildcards: folder=data, sim_id=3, tree_id=21
    resources: tmpdir=/tmp

[Tue Feb 18 10:58:25 2025]
Finished job 863.
80 of 1005 steps (8%) done
Select jobs to execute...
Execute 1 jobs...

[Tue Feb 18 10:58:25 2025]
localrule access_tree:
    input: data/3/simulated.trees, data/3/1/init.txt
    output: data/3/1/center.tree.pkl, data/3/1/left.tree.pkl, data/3/1/right.tree.pkl, data/3/1/lcr.trees, data/3/1/intervals.tsv
    jobid: 763
    reason: Missing output files: data/3/1/intervals.tsv, data/3/1/lcr.trees; Input files updated by another job: data/3/simulated.trees
    wildcards: folder=data, sim_id=3, tree_id=1
    resources: tmpdir=/tmp

[Tue Feb 18 10:58:25 2025]
Finished job 763.
81 of 1005 steps (8%) done
Select jobs to execute...
Execute 1 jobs...

[Tue Feb 18 10:58:25 2025]
localrule access_tree:
    input: data/3/simulated.trees, data/3/31/init.txt
    output: data/3/31/center.tree.pkl, data/3/31/left.tree.pkl, data/3/31/right.tree.pkl, data/3/31/lcr.trees, data/3/31/intervals.tsv
    jobid: 913
    reason: Missing output files: data/3/31/intervals.tsv, data/3/31/lcr.trees; Input files updated by another job: data/3/simulated.trees
    wildcards: folder=data, sim_id=3, tree_id=31
    resources: tmpdir=/tmp

[Tue Feb 18 10:58:26 2025]
Finished job 913.
82 of 1005 steps (8%) done
Select jobs to execute...
Execute 1 jobs...

[Tue Feb 18 10:58:26 2025]
localrule access_tree:
    input: data/3/simulated.trees, data/3/11/init.txt
    output: data/3/11/center.tree.pkl, data/3/11/left.tree.pkl, data/3/11/right.tree.pkl, data/3/11/lcr.trees, data/3/11/intervals.tsv
    jobid: 813
    reason: Missing output files: data/3/11/lcr.trees, data/3/11/intervals.tsv; Input files updated by another job: data/3/simulated.trees
    wildcards: folder=data, sim_id=3, tree_id=11
    resources: tmpdir=/tmp

[Tue Feb 18 10:58:27 2025]
Finished job 813.
83 of 1005 steps (8%) done
Select jobs to execute...
Execute 1 jobs...

[Tue Feb 18 10:58:27 2025]
localrule access_tree:
    input: data/2/simulated.trees, data/2/43/init.txt
    output: data/2/43/center.tree.pkl, data/2/43/left.tree.pkl, data/2/43/right.tree.pkl, data/2/43/lcr.trees, data/2/43/intervals.tsv
    jobid: 722
    reason: Missing output files: data/2/43/intervals.tsv, data/2/43/lcr.trees; Input files updated by another job: data/2/simulated.trees
    wildcards: folder=data, sim_id=2, tree_id=43
    resources: tmpdir=/tmp

[Tue Feb 18 10:58:28 2025]
Finished job 722.
84 of 1005 steps (8%) done
Select jobs to execute...
Execute 1 jobs...

[Tue Feb 18 10:58:28 2025]
localrule access_tree:
    input: data/2/simulated.trees, data/2/33/init.txt
    output: data/2/33/center.tree.pkl, data/2/33/left.tree.pkl, data/2/33/right.tree.pkl, data/2/33/lcr.trees, data/2/33/intervals.tsv
    jobid: 672
    reason: Missing output files: data/2/33/intervals.tsv, data/2/33/lcr.trees; Input files updated by another job: data/2/simulated.trees
    wildcards: folder=data, sim_id=2, tree_id=33
    resources: tmpdir=/tmp

[Tue Feb 18 10:58:29 2025]
Finished job 672.
85 of 1005 steps (8%) done
Select jobs to execute...
Execute 1 jobs...

[Tue Feb 18 10:58:29 2025]
localrule access_tree:
    input: data/2/simulated.trees, data/2/23/init.txt
    output: data/2/23/center.tree.pkl, data/2/23/left.tree.pkl, data/2/23/right.tree.pkl, data/2/23/lcr.trees, data/2/23/intervals.tsv
    jobid: 622
    reason: Missing output files: data/2/23/intervals.tsv, data/2/23/lcr.trees; Input files updated by another job: data/2/simulated.trees
    wildcards: folder=data, sim_id=2, tree_id=23
    resources: tmpdir=/tmp

[Tue Feb 18 10:58:30 2025]
Finished job 622.
86 of 1005 steps (9%) done
Select jobs to execute...
Execute 1 jobs...

[Tue Feb 18 10:58:30 2025]
localrule access_tree:
    input: data/2/simulated.trees, data/2/13/init.txt
    output: data/2/13/center.tree.pkl, data/2/13/left.tree.pkl, data/2/13/right.tree.pkl, data/2/13/lcr.trees, data/2/13/intervals.tsv
    jobid: 572
    reason: Missing output files: data/2/13/intervals.tsv, data/2/13/lcr.trees; Input files updated by another job: data/2/simulated.trees
    wildcards: folder=data, sim_id=2, tree_id=13
    resources: tmpdir=/tmp

[Tue Feb 18 10:58:31 2025]
Finished job 572.
87 of 1005 steps (9%) done
Select jobs to execute...
Execute 1 jobs...

[Tue Feb 18 10:58:31 2025]
localrule access_tree:
    input: data/2/simulated.trees, data/2/3/init.txt
    output: data/2/3/center.tree.pkl, data/2/3/left.tree.pkl, data/2/3/right.tree.pkl, data/2/3/lcr.trees, data/2/3/intervals.tsv
    jobid: 522
    reason: Missing output files: data/2/3/intervals.tsv, data/2/3/lcr.trees; Input files updated by another job: data/2/simulated.trees
    wildcards: folder=data, sim_id=2, tree_id=3
    resources: tmpdir=/tmp

[Tue Feb 18 10:58:32 2025]
Finished job 522.
88 of 1005 steps (9%) done
Select jobs to execute...
Execute 1 jobs...

[Tue Feb 18 10:58:32 2025]
localrule tree_to_vcf:
    input: data/1/9/lcr.trees
    output: data/1/9/lcr.vcf
    jobid: 300
    reason: Missing output files: data/1/9/lcr.vcf; Input files updated by another job: data/1/9/lcr.trees
    wildcards: folder=data, sim_id=1, tree_id=9
    resources: tmpdir=/tmp

[Tue Feb 18 10:58:32 2025]
Finished job 300.
89 of 1005 steps (9%) done
Select jobs to execute...
Execute 1 jobs...

[Tue Feb 18 10:58:32 2025]
localrule access_tree:
    input: data/3/simulated.trees, data/3/42/init.txt
    output: data/3/42/center.tree.pkl, data/3/42/left.tree.pkl, data/3/42/right.tree.pkl, data/3/42/lcr.trees, data/3/42/intervals.tsv
    jobid: 968
    reason: Missing output files: data/3/42/intervals.tsv, data/3/42/lcr.trees; Input files updated by another job: data/3/simulated.trees
    wildcards: folder=data, sim_id=3, tree_id=42
    resources: tmpdir=/tmp

[Tue Feb 18 10:58:33 2025]
Finished job 968.
90 of 1005 steps (9%) done
Select jobs to execute...
Execute 1 jobs...

[Tue Feb 18 10:58:33 2025]
localrule tree_to_vcf:
    input: data/1/19/lcr.trees
    output: data/1/19/lcr.vcf
    jobid: 350
    reason: Missing output files: data/1/19/lcr.vcf; Input files updated by another job: data/1/19/lcr.trees
    wildcards: folder=data, sim_id=1, tree_id=19
    resources: tmpdir=/tmp

[Tue Feb 18 10:58:34 2025]
Finished job 350.
91 of 1005 steps (9%) done
Select jobs to execute...
Execute 1 jobs...

[Tue Feb 18 10:58:34 2025]
localrule gzip_tree_vcf:
    input: data/1/19/lcr.vcf
    output: data/1/19/lcr.vcf.gz
    jobid: 349
    reason: Missing output files: data/1/19/lcr.vcf.gz; Input files updated by another job: data/1/19/lcr.vcf
    wildcards: folder=data, sim_id=1, tree_id=19
    resources: tmpdir=/tmp

[Tue Feb 18 10:58:34 2025]
Finished job 349.
92 of 1005 steps (9%) done
Select jobs to execute...
Execute 1 jobs...

[Tue Feb 18 10:58:34 2025]
localrule tree_to_vcf:
    input: data/1/39/lcr.trees
    output: data/1/39/lcr.vcf
    jobid: 450
    reason: Missing output files: data/1/39/lcr.vcf; Input files updated by another job: data/1/39/lcr.trees
    wildcards: folder=data, sim_id=1, tree_id=39
    resources: tmpdir=/tmp

[Tue Feb 18 10:58:34 2025]
Finished job 450.
93 of 1005 steps (9%) done
Select jobs to execute...
Execute 1 jobs...

[Tue Feb 18 10:58:34 2025]
localrule gzip_tree_vcf:
    input: data/1/39/lcr.vcf
    output: data/1/39/lcr.vcf.gz
    jobid: 449
    reason: Missing output files: data/1/39/lcr.vcf.gz; Input files updated by another job: data/1/39/lcr.vcf
    wildcards: folder=data, sim_id=1, tree_id=39
    resources: tmpdir=/tmp

[Tue Feb 18 10:58:34 2025]
Finished job 449.
94 of 1005 steps (9%) done
Select jobs to execute...
Execute 1 jobs...

[Tue Feb 18 10:58:34 2025]
localrule tree_to_vcf:
    input: data/1/29/lcr.trees
    output: data/1/29/lcr.vcf
    jobid: 400
    reason: Missing output files: data/1/29/lcr.vcf; Input files updated by another job: data/1/29/lcr.trees
    wildcards: folder=data, sim_id=1, tree_id=29
    resources: tmpdir=/tmp

[Tue Feb 18 10:58:34 2025]
Finished job 400.
95 of 1005 steps (9%) done
Select jobs to execute...
Execute 1 jobs...

[Tue Feb 18 10:58:34 2025]
localrule gzip_tree_vcf:
    input: data/1/9/lcr.vcf
    output: data/1/9/lcr.vcf.gz
    jobid: 299
    reason: Missing output files: data/1/9/lcr.vcf.gz; Input files updated by another job: data/1/9/lcr.vcf
    wildcards: folder=data, sim_id=1, tree_id=9
    resources: tmpdir=/tmp

[Tue Feb 18 10:58:34 2025]
Finished job 299.
96 of 1005 steps (10%) done
Select jobs to execute...
Execute 1 jobs...

[Tue Feb 18 10:58:34 2025]
localrule tabix_tree_vcf:
    input: data/1/9/lcr.vcf.gz
    output: data/1/9/lcr.vcf.gz.tbi
    jobid: 302
    reason: Missing output files: data/1/9/lcr.vcf.gz.tbi; Input files updated by another job: data/1/9/lcr.vcf.gz
    wildcards: folder=data, sim_id=1, tree_id=9
    resources: tmpdir=/tmp

[Tue Feb 18 10:58:35 2025]
Finished job 302.
97 of 1005 steps (10%) done
Select jobs to execute...
Execute 1 jobs...

[Tue Feb 18 10:58:35 2025]
localrule subset_lcr_vcf:
    input: data/1/9/lcr.vcf.gz, data/1/9/intervals.tsv, data/1/9/lcr.vcf.gz.tbi
    output: data/1/9/left.vcf.gz, data/1/9/center.vcf.gz, data/1/9/right.vcf.gz
    jobid: 298
    reason: Missing output files: data/1/9/center.vcf.gz; Input files updated by another job: data/1/9/lcr.vcf.gz.tbi, data/1/9/intervals.tsv, data/1/9/lcr.vcf.gz
    wildcards: folder=data, sim_id=1, tree_id=9
    resources: tmpdir=/tmp

[Tue Feb 18 10:58:35 2025]
Error in rule subset_lcr_vcf:
    jobid: 298
    input: data/1/9/lcr.vcf.gz, data/1/9/intervals.tsv, data/1/9/lcr.vcf.gz.tbi
    output: data/1/9/left.vcf.gz, data/1/9/center.vcf.gz, data/1/9/right.vcf.gz
    shell:
        
        left_start=$(cut -f 2 data/1/9/intervals.tsv | head -n 2 | tail -n 1)
        center_start=$(cut -f 3 data/1/9/intervals.tsv | head -n 2 | tail -n 1)
        right_start=$(cut -f 4 data/1/9/intervals.tsv | head -n 2 | tail -n 1)
        left_end=$(cut -f 2 data/1/9/intervals.tsv | tail -n 1)
        center_end=$(cut -f 3 data/1/9/intervals.tsv | tail -n 1)
        right_end=$(cut -f 4 data/1/9/intervals.tsv | tail -n 1)
        bcftools view -Oz -o data/1/9/left.vcf.gz             -r 1:$left_start-$left_end
        bcftools view -Oz -o data/1/9/center.vcf.gz             -r 1:$center_start-$center_end
        bcftools view -Oz -o data/1/9/right.vcf.gz             -r 1:$right_start-$right_end
        
        (one of the commands exited with non-zero exit code; note that snakemake uses bash strict mode!)

Shutting down, this might take some time.
Exiting because a job execution failed. Look above for error message
Complete log: .snakemake/log/2025-02-18T105718.042012.snakemake.log
WorkflowError:
At least one job did not complete successfully.
