host: DerLaptop
Building DAG of jobs...
Using shell: /usr/bin/bash
Provided cores: 1 (use --cores to define parallelism)
Rules claiming more threads will be scaled down.
Job stats:
job                   count
------------------  -------
all                       1
gzip_vcf                 10
simulate_mutations       10
tree_to_vcf              10
total                    31

Select jobs to execute...
Execute 1 jobs...

[Mon Feb 17 16:11:47 2025]
localrule simulate_mutations:
    input: data/3/parameters.tsv, data/3/simulated.trees
    output: data/3/mutated.trees
    jobid: 15
    reason: Missing output files: data/3/mutated.trees
    wildcards: folder=data, sim_id=3
    resources: tmpdir=/tmp

Terminating processes on user request, this might take some time.
